<?xml version="1.0" encoding="UTF-8"?>
<!-- Generated by org.testng.reporters.JUnitXMLReporter -->
<testsuite hostname="ININTDT115341" ignored="0" name="Test" tests="265" failures="52" timestamp="03 Aug 2018 16:16:37 GMT" time="18478.033" errors="0">
  <testcase name="addStudent" time="73.607" classname="com.ness.tests.ManageStudents"/>
  <testcase name="addDuplicateStudent" time="73.089" classname="com.ness.tests.ManageStudents"/>
  <testcase name="createNewObservation" time="64.479" classname="com.ness.tests.Observation"/>
  <testcase name="verifyAutoSaveDescription" time="66.503" classname="com.ness.tests.Observation"/>
  <testcase name="deleteObservation" time="68.507" classname="com.ness.tests.Observation"/>
  <testcase name="downloadObservationPresent" time="54.905" classname="com.ness.tests.Observation"/>
  <testcase name="deleteObservationPresent" time="73.17" classname="com.ness.tests.Observation">
    <failure type="org.openqa.selenium.TimeoutException" message="Expected condition failed: waiting for visibility of Proxy element for: DefaultElementLocator &amp;apos;By.id: domain0&amp;apos; (tried for 30 second(s) with 500 MILLISECONDS interval)">
      <![CDATA[org.openqa.selenium.TimeoutException: Expected condition failed: waiting for visibility of Proxy element for: DefaultElementLocator 'By.id: domain0' (tried for 30 second(s) with 500 MILLISECONDS interval)
	at org.openqa.selenium.support.ui.WebDriverWait.timeoutException(WebDriverWait.java:80)
	at org.openqa.selenium.support.ui.FluentWait.until(FluentWait.java:232)
	at com.ness.pages.EnterObservation_Page.chooseIndicators(EnterObservation_Page.java:245)
	at com.ness.tests.Observation.deleteObservationPresent(Observation.java:156)
Caused by: org.openqa.selenium.NoSuchElementException: no such element: Unable to locate element: {"method":"id","selector":"domain0"}
  (Session info: chrome=68.0.3440.84)
  (Driver info: chromedriver=2.41.578737 (49da6702b16031c40d63e5618de03a32ff6c197e),platform=Windows NT 6.1.7601 SP1 x86_64) (WARNING: The server did not provide any stacktrace information)
Command duration or timeout: 18 milliseconds
For documentation on this error, please visit: http://seleniumhq.org/exceptions/no_such_element.html
Build info: version: '3.4.0', revision: 'unknown', time: 'unknown'
System info: host: 'ININTDT115341', ip: '172.21.74.91', os.name: 'Windows 7', os.arch: 'amd64', os.version: '6.1', java.version: '1.8.0_181'
Driver info: org.openqa.selenium.chrome.ChromeDriver
Capabilities [{mobileEmulationEnabled=false, hasTouchScreen=false, platform=XP, acceptSslCerts=true, goog:chromeOptions={debuggerAddress=localhost:63304}, acceptInsecureCerts=true, webStorageEnabled=true, browserName=chrome, takesScreenshot=true, javascriptEnabled=true, setWindowRect=true, unexpectedAlertBehaviour=, applicationCacheEnabled=false, rotatable=false, networkConnectionEnabled=false, chrome={chromedriverVersion=2.41.578737 (49da6702b16031c40d63e5618de03a32ff6c197e), userDataDir=C:\Users\P71110~1.PID\AppData\Local\Temp\scoped_dir1952_30061}, takesHeapSnapshot=true, pageLoadStrategy=normal, databaseEnabled=false, handlesAlerts=true, version=68.0.3440.84, browserConnectionEnabled=false, nativeEvents=true, locationContextEnabled=true, cssSelectorsEnabled=true}]
Session ID: f302f6fbe45ce431f0b963d9420eece4
*** Element info: {Using=id, value=domain0}
	at org.openqa.selenium.remote.ErrorHandler.createThrowable(ErrorHandler.java:215)
	at org.openqa.selenium.remote.ErrorHandler.throwIfResponseFailed(ErrorHandler.java:167)
	at org.openqa.selenium.remote.RemoteWebDriver.execute(RemoteWebDriver.java:671)
	at org.openqa.selenium.remote.RemoteWebDriver.findElement(RemoteWebDriver.java:410)
	at org.openqa.selenium.remote.RemoteWebDriver.findElementById(RemoteWebDriver.java:453)
	at org.openqa.selenium.By$ById.findElement(By.java:218)
	at org.openqa.selenium.remote.RemoteWebDriver.findElement(RemoteWebDriver.java:402)
	at org.openqa.selenium.support.pagefactory.DefaultElementLocator.findElement(DefaultElementLocator.java:69)
	at org.openqa.selenium.support.pagefactory.internal.LocatingElementHandler.invoke(LocatingElementHandler.java:38)
	at com.sun.proxy.$Proxy6.isDisplayed(Unknown Source)
	at org.openqa.selenium.support.ui.ExpectedConditions.elementIfVisible(ExpectedConditions.java:302)
	at org.openqa.selenium.support.ui.ExpectedConditions.access$100(ExpectedConditions.java:44)
	at org.openqa.selenium.support.ui.ExpectedConditions$10.apply(ExpectedConditions.java:288)
	at org.openqa.selenium.support.ui.ExpectedConditions$10.apply(ExpectedConditions.java:285)
	at org.openqa.selenium.support.ui.FluentWait.until(FluentWait.java:209)
	... 27 more
... Removed 28 stack frames]]>
    </failure>
  </testcase> <!-- deleteObservationPresent -->
  <testcase name="saveWithoutTitle" time="56.876" classname="com.ness.tests.Observation"/>
  <testcase name="verifySaveButtonDisabled" time="63.92" classname="com.ness.tests.Observation"/>
  <testcase name="verifyStudentFilter" time="50.934" classname="com.ness.tests.Observation"/>
  <testcase name="verifyPeriodFilter" time="49.187" classname="com.ness.tests.Observation"/>
  <testcase name="verifyFilterIsRetainedAfterBack" time="79.981" classname="com.ness.tests.Observation"/>
  <testcase name="verifyFilterIsRetainedAfterSave" time="75.244" classname="com.ness.tests.Observation"/>
  <testcase name="verifyFilterIsRetainedAfterDelete" time="84.319" classname="com.ness.tests.Observation"/>
  <testcase name="editStudentInObservation" time="31.439" classname="com.ness.tests.Observation">
    <failure type="org.openqa.selenium.WebDriverException" message="unknown error: Element &amp;lt;a id=&amp;quot;stud0&amp;quot; href=&amp;quot;#&amp;quot; class=&amp;quot;popoverItem&amp;quot;&amp;gt;...&amp;lt;/a&amp;gt; is not clickable at point (847, 361). Other element would receive the click: &amp;lt;div class=&amp;quot;blockUI blockOverlay&amp;quot; style=&amp;quot;z-index: 10000; border: none; margin: 0px; padding: 0px; width: 100%; height: 100%; top: 0px; left: 0px; background-color: rgb(0, 0, 0); opacity: 0.416978; cursor: default; position: fixed;&amp;quot;&amp;gt;&amp;lt;/div&amp;gt;
  (Session info: chrome=68.0.3440.84)
  (Driver info: chromedriver=2.41.578737 (49da6702b16031c40d63e5618de03a32ff6c197e),platform=Windows NT 6.1.7601 SP1 x86_64) (WARNING: The server did not provide any stacktrace information)
Command duration or timeout: 52 milliseconds
Build info: version: &amp;apos;3.4.0&amp;apos;, revision: &amp;apos;unknown&amp;apos;, time: &amp;apos;unknown&amp;apos;
System info: host: &amp;apos;ININTDT115341&amp;apos;, ip: &amp;apos;172.21.74.91&amp;apos;, os.name: &amp;apos;Windows 7&amp;apos;, os.arch: &amp;apos;amd64&amp;apos;, os.version: &amp;apos;6.1&amp;apos;, java.version: &amp;apos;1.8.0_181&amp;apos;
Driver info: org.openqa.selenium.chrome.ChromeDriver
Capabilities [{mobileEmulationEnabled=false, hasTouchScreen=false, platform=XP, acceptSslCerts=true, goog:chromeOptions={debuggerAddress=localhost:64271}, acceptInsecureCerts=true, webStorageEnabled=true, browserName=chrome, takesScreenshot=true, javascriptEnabled=true, setWindowRect=true, unexpectedAlertBehaviour=, applicationCacheEnabled=false, rotatable=false, networkConnectionEnabled=false, chrome={chromedriverVersion=2.41.578737 (49da6702b16031c40d63e5618de03a32ff6c197e), userDataDir=C:\Users\P71110~1.PID\AppData\Local\Temp\scoped_dir5752_32728}, takesHeapSnapshot=true, pageLoadStrategy=normal, databaseEnabled=false, handlesAlerts=true, version=68.0.3440.84, browserConnectionEnabled=false, nativeEvents=true, locationContextEnabled=true, cssSelectorsEnabled=true}]
Session ID: 03a88856acd76339143bf360fa64082b">
      <![CDATA[org.openqa.selenium.WebDriverException: unknown error: Element <a id="stud0" href="#" class="popoverItem">...</a> is not clickable at point (847, 361). Other element would receive the click: <div class="blockUI blockOverlay" style="z-index: 10000; border: none; margin: 0px; padding: 0px; width: 100%; height: 100%; top: 0px; left: 0px; background-color: rgb(0, 0, 0); opacity: 0.416978; cursor: default; position: fixed;"></div>
  (Session info: chrome=68.0.3440.84)
  (Driver info: chromedriver=2.41.578737 (49da6702b16031c40d63e5618de03a32ff6c197e),platform=Windows NT 6.1.7601 SP1 x86_64) (WARNING: The server did not provide any stacktrace information)
Command duration or timeout: 52 milliseconds
Build info: version: '3.4.0', revision: 'unknown', time: 'unknown'
System info: host: 'ININTDT115341', ip: '172.21.74.91', os.name: 'Windows 7', os.arch: 'amd64', os.version: '6.1', java.version: '1.8.0_181'
Driver info: org.openqa.selenium.chrome.ChromeDriver
Capabilities [{mobileEmulationEnabled=false, hasTouchScreen=false, platform=XP, acceptSslCerts=true, goog:chromeOptions={debuggerAddress=localhost:64271}, acceptInsecureCerts=true, webStorageEnabled=true, browserName=chrome, takesScreenshot=true, javascriptEnabled=true, setWindowRect=true, unexpectedAlertBehaviour=, applicationCacheEnabled=false, rotatable=false, networkConnectionEnabled=false, chrome={chromedriverVersion=2.41.578737 (49da6702b16031c40d63e5618de03a32ff6c197e), userDataDir=C:\Users\P71110~1.PID\AppData\Local\Temp\scoped_dir5752_32728}, takesHeapSnapshot=true, pageLoadStrategy=normal, databaseEnabled=false, handlesAlerts=true, version=68.0.3440.84, browserConnectionEnabled=false, nativeEvents=true, locationContextEnabled=true, cssSelectorsEnabled=true}]
Session ID: 03a88856acd76339143bf360fa64082b
	at org.openqa.selenium.remote.ErrorHandler.createThrowable(ErrorHandler.java:215)
	at org.openqa.selenium.remote.ErrorHandler.throwIfResponseFailed(ErrorHandler.java:167)
	at org.openqa.selenium.remote.RemoteWebDriver.execute(RemoteWebDriver.java:671)
	at org.openqa.selenium.remote.RemoteWebElement.execute(RemoteWebElement.java:272)
	at org.openqa.selenium.remote.RemoteWebElement.click(RemoteWebElement.java:82)
	at org.openqa.selenium.support.pagefactory.internal.LocatingElementHandler.invoke(LocatingElementHandler.java:51)
	at com.sun.proxy.$Proxy6.click(Unknown Source)
	at com.ness.pages.ManageObservation_Page.verifyActualStudent(ManageObservation_Page.java:223)
	at com.ness.tests.Observation.editStudentInObservation(Observation.java:352)
... Removed 32 stack frames]]>
    </failure>
  </testcase> <!-- editStudentInObservation -->
  <testcase name="editPeriodInObservation" time="68.376" classname="com.ness.tests.Observation"/>
  <testcase name="editTitleDescriptionInObservation" time="55.748" classname="com.ness.tests.Observation"/>
  <testcase name="verifyDefaultPeriod" time="70.811" classname="com.ness.tests.Observation">
    <failure type="org.openqa.selenium.TimeoutException" message="Expected condition failed: waiting for visibility of Proxy element for: DefaultElementLocator &amp;apos;By.id: domain0&amp;apos; (tried for 30 second(s) with 500 MILLISECONDS interval)">
      <![CDATA[org.openqa.selenium.TimeoutException: Expected condition failed: waiting for visibility of Proxy element for: DefaultElementLocator 'By.id: domain0' (tried for 30 second(s) with 500 MILLISECONDS interval)
	at org.openqa.selenium.support.ui.WebDriverWait.timeoutException(WebDriverWait.java:80)
	at org.openqa.selenium.support.ui.FluentWait.until(FluentWait.java:232)
	at com.ness.pages.EnterObservation_Page.chooseIndicators(EnterObservation_Page.java:245)
	at com.ness.tests.Observation.verifyDefaultPeriod(Observation.java:462)
Caused by: org.openqa.selenium.NoSuchElementException: no such element: Unable to locate element: {"method":"id","selector":"domain0"}
  (Session info: chrome=68.0.3440.84)
  (Driver info: chromedriver=2.41.578737 (49da6702b16031c40d63e5618de03a32ff6c197e),platform=Windows NT 6.1.7601 SP1 x86_64) (WARNING: The server did not provide any stacktrace information)
Command duration or timeout: 18 milliseconds
For documentation on this error, please visit: http://seleniumhq.org/exceptions/no_such_element.html
Build info: version: '3.4.0', revision: 'unknown', time: 'unknown'
System info: host: 'ININTDT115341', ip: '172.21.74.91', os.name: 'Windows 7', os.arch: 'amd64', os.version: '6.1', java.version: '1.8.0_181'
Driver info: org.openqa.selenium.chrome.ChromeDriver
Capabilities [{mobileEmulationEnabled=false, hasTouchScreen=false, platform=XP, acceptSslCerts=true, goog:chromeOptions={debuggerAddress=localhost:64613}, acceptInsecureCerts=true, webStorageEnabled=true, browserName=chrome, takesScreenshot=true, javascriptEnabled=true, setWindowRect=true, unexpectedAlertBehaviour=, applicationCacheEnabled=false, rotatable=false, networkConnectionEnabled=false, chrome={chromedriverVersion=2.41.578737 (49da6702b16031c40d63e5618de03a32ff6c197e), userDataDir=C:\Users\P71110~1.PID\AppData\Local\Temp\scoped_dir10092_5574}, takesHeapSnapshot=true, pageLoadStrategy=normal, databaseEnabled=false, handlesAlerts=true, version=68.0.3440.84, browserConnectionEnabled=false, nativeEvents=true, locationContextEnabled=true, cssSelectorsEnabled=true}]
Session ID: e3d884c9739f4c6d682d3603f3b09b1d
*** Element info: {Using=id, value=domain0}
	at org.openqa.selenium.remote.ErrorHandler.createThrowable(ErrorHandler.java:215)
	at org.openqa.selenium.remote.ErrorHandler.throwIfResponseFailed(ErrorHandler.java:167)
	at org.openqa.selenium.remote.RemoteWebDriver.execute(RemoteWebDriver.java:671)
	at org.openqa.selenium.remote.RemoteWebDriver.findElement(RemoteWebDriver.java:410)
	at org.openqa.selenium.remote.RemoteWebDriver.findElementById(RemoteWebDriver.java:453)
	at org.openqa.selenium.By$ById.findElement(By.java:218)
	at org.openqa.selenium.remote.RemoteWebDriver.findElement(RemoteWebDriver.java:402)
	at org.openqa.selenium.support.pagefactory.DefaultElementLocator.findElement(DefaultElementLocator.java:69)
	at org.openqa.selenium.support.pagefactory.internal.LocatingElementHandler.invoke(LocatingElementHandler.java:38)
	at com.sun.proxy.$Proxy6.isDisplayed(Unknown Source)
	at org.openqa.selenium.support.ui.ExpectedConditions.elementIfVisible(ExpectedConditions.java:302)
	at org.openqa.selenium.support.ui.ExpectedConditions.access$100(ExpectedConditions.java:44)
	at org.openqa.selenium.support.ui.ExpectedConditions$10.apply(ExpectedConditions.java:288)
	at org.openqa.selenium.support.ui.ExpectedConditions$10.apply(ExpectedConditions.java:285)
	at org.openqa.selenium.support.ui.FluentWait.until(FluentWait.java:209)
	... 27 more
... Removed 28 stack frames]]>
    </failure>
  </testcase> <!-- verifyDefaultPeriod -->
  <testcase name="verifyDesciptionCounter" time="28.926" classname="com.ness.tests.Observation">
    <failure type="org.openqa.selenium.NoSuchElementException" message="no such element: Unable to locate element: {&amp;quot;method&amp;quot;:&amp;quot;xpath&amp;quot;,&amp;quot;selector&amp;quot;:&amp;quot;//table[@id=&amp;apos;observationsTable&amp;apos;]/tbody/tr/td[7]&amp;quot;}
  (Session info: chrome=68.0.3440.84)
  (Driver info: chromedriver=2.41.578737 (49da6702b16031c40d63e5618de03a32ff6c197e),platform=Windows NT 6.1.7601 SP1 x86_64) (WARNING: The server did not provide any stacktrace information)
Command duration or timeout: 20 milliseconds
For documentation on this error, please visit: http://seleniumhq.org/exceptions/no_such_element.html
Build info: version: &amp;apos;3.4.0&amp;apos;, revision: &amp;apos;unknown&amp;apos;, time: &amp;apos;unknown&amp;apos;
System info: host: &amp;apos;ININTDT115341&amp;apos;, ip: &amp;apos;172.21.74.91&amp;apos;, os.name: &amp;apos;Windows 7&amp;apos;, os.arch: &amp;apos;amd64&amp;apos;, os.version: &amp;apos;6.1&amp;apos;, java.version: &amp;apos;1.8.0_181&amp;apos;
Driver info: org.openqa.selenium.chrome.ChromeDriver
Capabilities [{mobileEmulationEnabled=false, hasTouchScreen=false, platform=XP, acceptSslCerts=true, goog:chromeOptions={debuggerAddress=localhost:64727}, acceptInsecureCerts=true, webStorageEnabled=true, browserName=chrome, takesScreenshot=true, javascriptEnabled=true, setWindowRect=true, unexpectedAlertBehaviour=, applicationCacheEnabled=false, rotatable=false, networkConnectionEnabled=false, chrome={chromedriverVersion=2.41.578737 (49da6702b16031c40d63e5618de03a32ff6c197e), userDataDir=C:\Users\P71110~1.PID\AppData\Local\Temp\scoped_dir4976_4688}, takesHeapSnapshot=true, pageLoadStrategy=normal, databaseEnabled=false, handlesAlerts=true, version=68.0.3440.84, browserConnectionEnabled=false, nativeEvents=true, locationContextEnabled=true, cssSelectorsEnabled=true}]
Session ID: 582140014cb8de8b69427f9af7500d32
*** Element info: {Using=xpath, value=//table[@id=&amp;apos;observationsTable&amp;apos;]/tbody/tr/td[7]}">
      <![CDATA[org.openqa.selenium.NoSuchElementException: no such element: Unable to locate element: {"method":"xpath","selector":"//table[@id='observationsTable']/tbody/tr/td[7]"}
  (Session info: chrome=68.0.3440.84)
  (Driver info: chromedriver=2.41.578737 (49da6702b16031c40d63e5618de03a32ff6c197e),platform=Windows NT 6.1.7601 SP1 x86_64) (WARNING: The server did not provide any stacktrace information)
Command duration or timeout: 20 milliseconds
For documentation on this error, please visit: http://seleniumhq.org/exceptions/no_such_element.html
Build info: version: '3.4.0', revision: 'unknown', time: 'unknown'
System info: host: 'ININTDT115341', ip: '172.21.74.91', os.name: 'Windows 7', os.arch: 'amd64', os.version: '6.1', java.version: '1.8.0_181'
Driver info: org.openqa.selenium.chrome.ChromeDriver
Capabilities [{mobileEmulationEnabled=false, hasTouchScreen=false, platform=XP, acceptSslCerts=true, goog:chromeOptions={debuggerAddress=localhost:64727}, acceptInsecureCerts=true, webStorageEnabled=true, browserName=chrome, takesScreenshot=true, javascriptEnabled=true, setWindowRect=true, unexpectedAlertBehaviour=, applicationCacheEnabled=false, rotatable=false, networkConnectionEnabled=false, chrome={chromedriverVersion=2.41.578737 (49da6702b16031c40d63e5618de03a32ff6c197e), userDataDir=C:\Users\P71110~1.PID\AppData\Local\Temp\scoped_dir4976_4688}, takesHeapSnapshot=true, pageLoadStrategy=normal, databaseEnabled=false, handlesAlerts=true, version=68.0.3440.84, browserConnectionEnabled=false, nativeEvents=true, locationContextEnabled=true, cssSelectorsEnabled=true}]
Session ID: 582140014cb8de8b69427f9af7500d32
*** Element info: {Using=xpath, value=//table[@id='observationsTable']/tbody/tr/td[7]}
	at org.openqa.selenium.remote.ErrorHandler.createThrowable(ErrorHandler.java:215)
	at org.openqa.selenium.remote.ErrorHandler.throwIfResponseFailed(ErrorHandler.java:167)
	at org.openqa.selenium.remote.RemoteWebDriver.execute(RemoteWebDriver.java:671)
	at org.openqa.selenium.remote.RemoteWebDriver.findElement(RemoteWebDriver.java:410)
	at org.openqa.selenium.remote.RemoteWebDriver.findElementByXPath(RemoteWebDriver.java:509)
	at org.openqa.selenium.By$ByXPath.findElement(By.java:361)
	at org.openqa.selenium.remote.RemoteWebDriver.findElement(RemoteWebDriver.java:402)
	at com.ness.pages.ManageObservation_Page.clickObservation(ManageObservation_Page.java:149)
	at com.ness.tests.Observation.verifyDesciptionCounter(Observation.java:488)
... Removed 28 stack frames]]>
    </failure>
  </testcase> <!-- verifyDesciptionCounter -->
  <testcase name="verifyAddedAttachment" time="75.344" classname="com.ness.tests.Observation"/>
  <testcase name="addDescriptionWithoutStudentSelect" time="68.562" classname="com.ness.tests.Observation">
    <failure type="org.openqa.selenium.TimeoutException" message="Expected condition failed: waiting for visibility of Proxy element for: DefaultElementLocator &amp;apos;By.cssSelector: div[class=&amp;apos;modal-body&amp;apos;]&amp;gt;p&amp;apos; (tried for 30 second(s) with 500 MILLISECONDS interval)">
      <![CDATA[org.openqa.selenium.TimeoutException: Expected condition failed: waiting for visibility of Proxy element for: DefaultElementLocator 'By.cssSelector: div[class='modal-body']>p' (tried for 30 second(s) with 500 MILLISECONDS interval)
	at org.openqa.selenium.support.ui.WebDriverWait.timeoutException(WebDriverWait.java:80)
	at org.openqa.selenium.support.ui.FluentWait.until(FluentWait.java:232)
	at com.ness.pages.EnterObservation_Page.verifySelectStudentAlert(EnterObservation_Page.java:429)
	at com.ness.tests.Observation.addDescriptionWithoutStudentSelect(Observation.java:542)
Caused by: org.openqa.selenium.NoSuchElementException: no such element: Unable to locate element: {"method":"css selector","selector":"div[class='modal-body']>p"}
  (Session info: chrome=68.0.3440.84)
  (Driver info: chromedriver=2.41.578737 (49da6702b16031c40d63e5618de03a32ff6c197e),platform=Windows NT 6.1.7601 SP1 x86_64) (WARNING: The server did not provide any stacktrace information)
Command duration or timeout: 17 milliseconds
For documentation on this error, please visit: http://seleniumhq.org/exceptions/no_such_element.html
Build info: version: '3.4.0', revision: 'unknown', time: 'unknown'
System info: host: 'ININTDT115341', ip: '172.21.74.91', os.name: 'Windows 7', os.arch: 'amd64', os.version: '6.1', java.version: '1.8.0_181'
Driver info: org.openqa.selenium.chrome.ChromeDriver
Capabilities [{mobileEmulationEnabled=false, hasTouchScreen=false, platform=XP, acceptSslCerts=true, goog:chromeOptions={debuggerAddress=localhost:64941}, acceptInsecureCerts=true, webStorageEnabled=true, browserName=chrome, takesScreenshot=true, javascriptEnabled=true, setWindowRect=true, unexpectedAlertBehaviour=, applicationCacheEnabled=false, rotatable=false, networkConnectionEnabled=false, chrome={chromedriverVersion=2.41.578737 (49da6702b16031c40d63e5618de03a32ff6c197e), userDataDir=C:\Users\P71110~1.PID\AppData\Local\Temp\scoped_dir6548_11914}, takesHeapSnapshot=true, pageLoadStrategy=normal, databaseEnabled=false, handlesAlerts=true, version=68.0.3440.84, browserConnectionEnabled=false, nativeEvents=true, locationContextEnabled=true, cssSelectorsEnabled=true}]
Session ID: 8e45206e3e1c25b0f246916b2918b7e6
*** Element info: {Using=css selector, value=div[class='modal-body']>p}
	at org.openqa.selenium.remote.ErrorHandler.createThrowable(ErrorHandler.java:215)
	at org.openqa.selenium.remote.ErrorHandler.throwIfResponseFailed(ErrorHandler.java:167)
	at org.openqa.selenium.remote.RemoteWebDriver.execute(RemoteWebDriver.java:671)
	at org.openqa.selenium.remote.RemoteWebDriver.findElement(RemoteWebDriver.java:410)
	at org.openqa.selenium.remote.RemoteWebDriver.findElementByCssSelector(RemoteWebDriver.java:501)
	at org.openqa.selenium.By$ByCssSelector.findElement(By.java:430)
	at org.openqa.selenium.remote.RemoteWebDriver.findElement(RemoteWebDriver.java:402)
	at org.openqa.selenium.support.pagefactory.DefaultElementLocator.findElement(DefaultElementLocator.java:69)
	at org.openqa.selenium.support.pagefactory.internal.LocatingElementHandler.invoke(LocatingElementHandler.java:38)
	at com.sun.proxy.$Proxy6.isDisplayed(Unknown Source)
	at org.openqa.selenium.support.ui.ExpectedConditions.elementIfVisible(ExpectedConditions.java:302)
	at org.openqa.selenium.support.ui.ExpectedConditions.access$100(ExpectedConditions.java:44)
	at org.openqa.selenium.support.ui.ExpectedConditions$10.apply(ExpectedConditions.java:288)
	at org.openqa.selenium.support.ui.ExpectedConditions$10.apply(ExpectedConditions.java:285)
	at org.openqa.selenium.support.ui.FluentWait.until(FluentWait.java:209)
	... 27 more
... Removed 28 stack frames]]>
    </failure>
  </testcase> <!-- addDescriptionWithoutStudentSelect -->
  <testcase name="addDescriptionWithoutTitle" time="51.208" classname="com.ness.tests.Observation"/>
  <testcase name="addIndicatorsWithoutStudentSelect" time="57.396" classname="com.ness.tests.Observation"/>
  <testcase name="verifyAttachmentNameAsTitle" time="77.979" classname="com.ness.tests.Observation">
    <failure type="org.openqa.selenium.TimeoutException" message="Expected condition failed: waiting for element to be clickable: [[ChromeDriver: chrome on XP (8c283860866149ce92625bbdbe49b97b)] -&amp;gt; id: saveBtnId] (tried for 30 second(s) with 500 MILLISECONDS interval)
Build info: version: &amp;apos;3.4.0&amp;apos;, revision: &amp;apos;unknown&amp;apos;, time: &amp;apos;unknown&amp;apos;
System info: host: &amp;apos;ININTDT115341&amp;apos;, ip: &amp;apos;172.21.74.91&amp;apos;, os.name: &amp;apos;Windows 7&amp;apos;, os.arch: &amp;apos;amd64&amp;apos;, os.version: &amp;apos;6.1&amp;apos;, java.version: &amp;apos;1.8.0_181&amp;apos;
Driver info: org.openqa.selenium.chrome.ChromeDriver
Capabilities [{mobileEmulationEnabled=false, hasTouchScreen=false, platform=XP, acceptSslCerts=true, goog:chromeOptions={debuggerAddress=localhost:65298}, acceptInsecureCerts=true, webStorageEnabled=true, browserName=chrome, takesScreenshot=true, javascriptEnabled=true, setWindowRect=true, unexpectedAlertBehaviour=, applicationCacheEnabled=false, rotatable=false, networkConnectionEnabled=false, chrome={chromedriverVersion=2.41.578737 (49da6702b16031c40d63e5618de03a32ff6c197e), userDataDir=C:\Users\P71110~1.PID\AppData\Local\Temp\scoped_dir9848_30453}, takesHeapSnapshot=true, pageLoadStrategy=normal, databaseEnabled=false, handlesAlerts=true, version=68.0.3440.84, browserConnectionEnabled=false, nativeEvents=true, locationContextEnabled=true, cssSelectorsEnabled=true}]
Session ID: 8c283860866149ce92625bbdbe49b97b">
      <![CDATA[org.openqa.selenium.TimeoutException: Expected condition failed: waiting for element to be clickable: [[ChromeDriver: chrome on XP (8c283860866149ce92625bbdbe49b97b)] -> id: saveBtnId] (tried for 30 second(s) with 500 MILLISECONDS interval)
Build info: version: '3.4.0', revision: 'unknown', time: 'unknown'
System info: host: 'ININTDT115341', ip: '172.21.74.91', os.name: 'Windows 7', os.arch: 'amd64', os.version: '6.1', java.version: '1.8.0_181'
Driver info: org.openqa.selenium.chrome.ChromeDriver
Capabilities [{mobileEmulationEnabled=false, hasTouchScreen=false, platform=XP, acceptSslCerts=true, goog:chromeOptions={debuggerAddress=localhost:65298}, acceptInsecureCerts=true, webStorageEnabled=true, browserName=chrome, takesScreenshot=true, javascriptEnabled=true, setWindowRect=true, unexpectedAlertBehaviour=, applicationCacheEnabled=false, rotatable=false, networkConnectionEnabled=false, chrome={chromedriverVersion=2.41.578737 (49da6702b16031c40d63e5618de03a32ff6c197e), userDataDir=C:\Users\P71110~1.PID\AppData\Local\Temp\scoped_dir9848_30453}, takesHeapSnapshot=true, pageLoadStrategy=normal, databaseEnabled=false, handlesAlerts=true, version=68.0.3440.84, browserConnectionEnabled=false, nativeEvents=true, locationContextEnabled=true, cssSelectorsEnabled=true}]
Session ID: 8c283860866149ce92625bbdbe49b97b
	at org.openqa.selenium.support.ui.WebDriverWait.timeoutException(WebDriverWait.java:80)
	at org.openqa.selenium.support.ui.FluentWait.until(FluentWait.java:232)
	at com.ness.pages.EnterObservation_Page.clickSave(EnterObservation_Page.java:318)
	at com.ness.tests.Observation.verifyAttachmentNameAsTitle(Observation.java:611)
... Removed 25 stack frames]]>
    </failure>
  </testcase> <!-- verifyAttachmentNameAsTitle -->
  <testcase name="verifyNoDescriptionAddedText" time="64.05" classname="com.ness.tests.Observation"/>
  <testcase name="verifyMultipleStudentsMultipleAttachments" time="74.938" classname="com.ness.tests.Observation"/>
  <testcase name="verifyDeleteAttachment" time="78.928" classname="com.ness.tests.Observation">
    <failure type="org.openqa.selenium.TimeoutException" message="Expected condition failed: waiting for visibility of Proxy element for: DefaultElementLocator &amp;apos;By.id: domain0&amp;apos; (tried for 30 second(s) with 500 MILLISECONDS interval)">
      <![CDATA[org.openqa.selenium.TimeoutException: Expected condition failed: waiting for visibility of Proxy element for: DefaultElementLocator 'By.id: domain0' (tried for 30 second(s) with 500 MILLISECONDS interval)
	at org.openqa.selenium.support.ui.WebDriverWait.timeoutException(WebDriverWait.java:80)
	at org.openqa.selenium.support.ui.FluentWait.until(FluentWait.java:232)
	at com.ness.pages.EnterObservation_Page.chooseIndicators(EnterObservation_Page.java:245)
	at com.ness.tests.Observation.verifyDeleteAttachment(Observation.java:691)
Caused by: org.openqa.selenium.NoSuchElementException: no such element: Unable to locate element: {"method":"id","selector":"domain0"}
  (Session info: chrome=68.0.3440.84)
  (Driver info: chromedriver=2.41.578737 (49da6702b16031c40d63e5618de03a32ff6c197e),platform=Windows NT 6.1.7601 SP1 x86_64) (WARNING: The server did not provide any stacktrace information)
Command duration or timeout: 19 milliseconds
For documentation on this error, please visit: http://seleniumhq.org/exceptions/no_such_element.html
Build info: version: '3.4.0', revision: 'unknown', time: 'unknown'
System info: host: 'ININTDT115341', ip: '172.21.74.91', os.name: 'Windows 7', os.arch: 'amd64', os.version: '6.1', java.version: '1.8.0_181'
Driver info: org.openqa.selenium.chrome.ChromeDriver
Capabilities [{mobileEmulationEnabled=false, hasTouchScreen=false, platform=XP, acceptSslCerts=true, goog:chromeOptions={debuggerAddress=localhost:49323}, acceptInsecureCerts=true, webStorageEnabled=true, browserName=chrome, takesScreenshot=true, javascriptEnabled=true, setWindowRect=true, unexpectedAlertBehaviour=, applicationCacheEnabled=false, rotatable=false, networkConnectionEnabled=false, chrome={chromedriverVersion=2.41.578737 (49da6702b16031c40d63e5618de03a32ff6c197e), userDataDir=C:\Users\P71110~1.PID\AppData\Local\Temp\scoped_dir8808_7172}, takesHeapSnapshot=true, pageLoadStrategy=normal, databaseEnabled=false, handlesAlerts=true, version=68.0.3440.84, browserConnectionEnabled=false, nativeEvents=true, locationContextEnabled=true, cssSelectorsEnabled=true}]
Session ID: fb13f2b38697eb58393c65a93b5b0fce
*** Element info: {Using=id, value=domain0}
	at org.openqa.selenium.remote.ErrorHandler.createThrowable(ErrorHandler.java:215)
	at org.openqa.selenium.remote.ErrorHandler.throwIfResponseFailed(ErrorHandler.java:167)
	at org.openqa.selenium.remote.RemoteWebDriver.execute(RemoteWebDriver.java:671)
	at org.openqa.selenium.remote.RemoteWebDriver.findElement(RemoteWebDriver.java:410)
	at org.openqa.selenium.remote.RemoteWebDriver.findElementById(RemoteWebDriver.java:453)
	at org.openqa.selenium.By$ById.findElement(By.java:218)
	at org.openqa.selenium.remote.RemoteWebDriver.findElement(RemoteWebDriver.java:402)
	at org.openqa.selenium.support.pagefactory.DefaultElementLocator.findElement(DefaultElementLocator.java:69)
	at org.openqa.selenium.support.pagefactory.internal.LocatingElementHandler.invoke(LocatingElementHandler.java:38)
	at com.sun.proxy.$Proxy6.isDisplayed(Unknown Source)
	at org.openqa.selenium.support.ui.ExpectedConditions.elementIfVisible(ExpectedConditions.java:302)
	at org.openqa.selenium.support.ui.ExpectedConditions.access$100(ExpectedConditions.java:44)
	at org.openqa.selenium.support.ui.ExpectedConditions$10.apply(ExpectedConditions.java:288)
	at org.openqa.selenium.support.ui.ExpectedConditions$10.apply(ExpectedConditions.java:285)
	at org.openqa.selenium.support.ui.FluentWait.until(FluentWait.java:209)
	... 27 more
... Removed 28 stack frames]]>
    </failure>
  </testcase> <!-- verifyDeleteAttachment -->
  <testcase name="verifySelectAllStudentFilter" time="44.591" classname="com.ness.tests.Observation"/>
  <testcase name="verifySelectAllPeriodFilter" time="43.748" classname="com.ness.tests.Observation"/>
  <testcase name="verifyStudentFilterAfterRemoveStudent" time="98.518" classname="com.ness.tests.Observation"/>
  <testcase name="verifyPeriodFilterAfterChangePeriod" time="93.905" classname="com.ness.tests.Observation"/>
  <testcase name="verifyStudentFilterNotRetained" time="64.9" classname="com.ness.tests.Observation"/>
  <testcase name="verifyPeriodFilterNotRetained" time="63.313" classname="com.ness.tests.Observation"/>
  <testcase name="verifyStudentFilterAfterCancel" time="72.734" classname="com.ness.tests.Observation"/>
  <testcase name="verifyPeriodFilterAfterCancel" time="72.904" classname="com.ness.tests.Observation"/>
  <testcase name="verifyObservationPdf" time="84.717" classname="com.ness.tests.Observation">
    <failure type="java.lang.AssertionError" message="Failed to download expected file expected [true] but found [false]">
      <![CDATA[java.lang.AssertionError: Failed to download expected file expected [true] but found [false]
	at com.ness.pages.EnterObservation_Page.verifyObservationPdf(EnterObservation_Page.java:483)
	at com.ness.tests.Observation.verifyObservationPdf(Observation.java:929)
... Removed 28 stack frames]]>
    </failure>
  </testcase> <!-- verifyObservationPdf -->
  <testcase name="verifyDownloadAttachment" time="69.071" classname="com.ness.tests.Observation"/>
  <testcase name="verifyDownloadAttachmentEvidencePage" time="53.65" classname="com.ness.tests.Observation"/>
  <testcase name="verifyCreateChecklist" time="69.462" classname="com.ness.tests.Checklists"/>
  <testcase name="verifyClearChecklist" time="53.472" classname="com.ness.tests.Checklists"/>
  <testcase name="verifyDeleteChecklist" time="39.497" classname="com.ness.tests.Checklists">
    <failure type="org.openqa.selenium.WebDriverException" message="unknown error: Element &amp;lt;a href=&amp;quot;#&amp;quot; data-toggle=&amp;quot;dropdown&amp;quot; id=&amp;quot;studLink&amp;quot;&amp;gt;...&amp;lt;/a&amp;gt; is not clickable at point (240, 137). Other element would receive the click: &amp;lt;div class=&amp;quot;blockUI blockOverlay&amp;quot; style=&amp;quot;z-index: 10000; border: none; margin: 0px; padding: 0px; width: 100%; height: 100%; top: 0px; left: 0px; background-color: rgb(0, 0, 0); opacity: 0.525033; cursor: default; position: fixed;&amp;quot;&amp;gt;&amp;lt;/div&amp;gt;
  (Session info: chrome=68.0.3440.84)
  (Driver info: chromedriver=2.41.578737 (49da6702b16031c40d63e5618de03a32ff6c197e),platform=Windows NT 6.1.7601 SP1 x86_64) (WARNING: The server did not provide any stacktrace information)
Command duration or timeout: 51 milliseconds
Build info: version: &amp;apos;3.4.0&amp;apos;, revision: &amp;apos;unknown&amp;apos;, time: &amp;apos;unknown&amp;apos;
System info: host: &amp;apos;ININTDT115341&amp;apos;, ip: &amp;apos;172.21.74.91&amp;apos;, os.name: &amp;apos;Windows 7&amp;apos;, os.arch: &amp;apos;amd64&amp;apos;, os.version: &amp;apos;6.1&amp;apos;, java.version: &amp;apos;1.8.0_181&amp;apos;
Driver info: org.openqa.selenium.chrome.ChromeDriver
Capabilities [{mobileEmulationEnabled=false, hasTouchScreen=false, platform=XP, acceptSslCerts=true, goog:chromeOptions={debuggerAddress=localhost:50955}, acceptInsecureCerts=true, webStorageEnabled=true, browserName=chrome, takesScreenshot=true, javascriptEnabled=true, setWindowRect=true, unexpectedAlertBehaviour=, applicationCacheEnabled=false, rotatable=false, networkConnectionEnabled=false, chrome={chromedriverVersion=2.41.578737 (49da6702b16031c40d63e5618de03a32ff6c197e), userDataDir=C:\Users\P71110~1.PID\AppData\Local\Temp\scoped_dir9172_7238}, takesHeapSnapshot=true, pageLoadStrategy=normal, databaseEnabled=false, handlesAlerts=true, version=68.0.3440.84, browserConnectionEnabled=false, nativeEvents=true, locationContextEnabled=true, cssSelectorsEnabled=true}]
Session ID: 38544ad6f580ac3cddc40c640e4b298f">
      <![CDATA[org.openqa.selenium.WebDriverException: unknown error: Element <a href="#" data-toggle="dropdown" id="studLink">...</a> is not clickable at point (240, 137). Other element would receive the click: <div class="blockUI blockOverlay" style="z-index: 10000; border: none; margin: 0px; padding: 0px; width: 100%; height: 100%; top: 0px; left: 0px; background-color: rgb(0, 0, 0); opacity: 0.525033; cursor: default; position: fixed;"></div>
  (Session info: chrome=68.0.3440.84)
  (Driver info: chromedriver=2.41.578737 (49da6702b16031c40d63e5618de03a32ff6c197e),platform=Windows NT 6.1.7601 SP1 x86_64) (WARNING: The server did not provide any stacktrace information)
Command duration or timeout: 51 milliseconds
Build info: version: '3.4.0', revision: 'unknown', time: 'unknown'
System info: host: 'ININTDT115341', ip: '172.21.74.91', os.name: 'Windows 7', os.arch: 'amd64', os.version: '6.1', java.version: '1.8.0_181'
Driver info: org.openqa.selenium.chrome.ChromeDriver
Capabilities [{mobileEmulationEnabled=false, hasTouchScreen=false, platform=XP, acceptSslCerts=true, goog:chromeOptions={debuggerAddress=localhost:50955}, acceptInsecureCerts=true, webStorageEnabled=true, browserName=chrome, takesScreenshot=true, javascriptEnabled=true, setWindowRect=true, unexpectedAlertBehaviour=, applicationCacheEnabled=false, rotatable=false, networkConnectionEnabled=false, chrome={chromedriverVersion=2.41.578737 (49da6702b16031c40d63e5618de03a32ff6c197e), userDataDir=C:\Users\P71110~1.PID\AppData\Local\Temp\scoped_dir9172_7238}, takesHeapSnapshot=true, pageLoadStrategy=normal, databaseEnabled=false, handlesAlerts=true, version=68.0.3440.84, browserConnectionEnabled=false, nativeEvents=true, locationContextEnabled=true, cssSelectorsEnabled=true}]
Session ID: 38544ad6f580ac3cddc40c640e4b298f
	at org.openqa.selenium.remote.ErrorHandler.createThrowable(ErrorHandler.java:215)
	at org.openqa.selenium.remote.ErrorHandler.throwIfResponseFailed(ErrorHandler.java:167)
	at org.openqa.selenium.remote.RemoteWebDriver.execute(RemoteWebDriver.java:671)
	at org.openqa.selenium.remote.RemoteWebElement.execute(RemoteWebElement.java:272)
	at org.openqa.selenium.remote.RemoteWebElement.click(RemoteWebElement.java:82)
	at org.openqa.selenium.support.pagefactory.internal.LocatingElementHandler.invoke(LocatingElementHandler.java:51)
	at com.sun.proxy.$Proxy6.click(Unknown Source)
	at com.ness.pages.EnterChecklist_Page.selectStudent(EnterChecklist_Page.java:108)
	at com.ness.tests.Checklists.verifyDeleteChecklist(Checklists.java:99)
... Removed 32 stack frames]]>
    </failure>
  </testcase> <!-- verifyDeleteChecklist -->
  <testcase name="verifyAutoSaveComments" time="91.396" classname="com.ness.tests.Checklists">
    <failure type="org.openqa.selenium.TimeoutException" message="Expected condition failed: waiting for element to be clickable: [[ChromeDriver: chrome on XP (caff04b1f0d81be57956257b47428b19)] -&amp;gt; xpath: //table[@id=&amp;apos;checklistEntryTable&amp;apos;]/tbody/tr[10]/td[2]/button[@class=&amp;apos;btn btn-primary&amp;apos;]] (tried for 30 second(s) with 500 MILLISECONDS interval)
Build info: version: &amp;apos;3.4.0&amp;apos;, revision: &amp;apos;unknown&amp;apos;, time: &amp;apos;unknown&amp;apos;
System info: host: &amp;apos;ININTDT115341&amp;apos;, ip: &amp;apos;172.21.74.91&amp;apos;, os.name: &amp;apos;Windows 7&amp;apos;, os.arch: &amp;apos;amd64&amp;apos;, os.version: &amp;apos;6.1&amp;apos;, java.version: &amp;apos;1.8.0_181&amp;apos;
Driver info: org.openqa.selenium.chrome.ChromeDriver
Capabilities [{mobileEmulationEnabled=false, hasTouchScreen=false, platform=XP, acceptSslCerts=true, goog:chromeOptions={debuggerAddress=localhost:51044}, acceptInsecureCerts=true, webStorageEnabled=true, browserName=chrome, takesScreenshot=true, javascriptEnabled=true, setWindowRect=true, unexpectedAlertBehaviour=, applicationCacheEnabled=false, rotatable=false, networkConnectionEnabled=false, chrome={chromedriverVersion=2.41.578737 (49da6702b16031c40d63e5618de03a32ff6c197e), userDataDir=C:\Users\P71110~1.PID\AppData\Local\Temp\scoped_dir4292_22319}, takesHeapSnapshot=true, pageLoadStrategy=normal, databaseEnabled=false, handlesAlerts=true, version=68.0.3440.84, browserConnectionEnabled=false, nativeEvents=true, locationContextEnabled=true, cssSelectorsEnabled=true}]
Session ID: caff04b1f0d81be57956257b47428b19">
      <![CDATA[org.openqa.selenium.TimeoutException: Expected condition failed: waiting for element to be clickable: [[ChromeDriver: chrome on XP (caff04b1f0d81be57956257b47428b19)] -> xpath: //table[@id='checklistEntryTable']/tbody/tr[10]/td[2]/button[@class='btn btn-primary']] (tried for 30 second(s) with 500 MILLISECONDS interval)
Build info: version: '3.4.0', revision: 'unknown', time: 'unknown'
System info: host: 'ININTDT115341', ip: '172.21.74.91', os.name: 'Windows 7', os.arch: 'amd64', os.version: '6.1', java.version: '1.8.0_181'
Driver info: org.openqa.selenium.chrome.ChromeDriver
Capabilities [{mobileEmulationEnabled=false, hasTouchScreen=false, platform=XP, acceptSslCerts=true, goog:chromeOptions={debuggerAddress=localhost:51044}, acceptInsecureCerts=true, webStorageEnabled=true, browserName=chrome, takesScreenshot=true, javascriptEnabled=true, setWindowRect=true, unexpectedAlertBehaviour=, applicationCacheEnabled=false, rotatable=false, networkConnectionEnabled=false, chrome={chromedriverVersion=2.41.578737 (49da6702b16031c40d63e5618de03a32ff6c197e), userDataDir=C:\Users\P71110~1.PID\AppData\Local\Temp\scoped_dir4292_22319}, takesHeapSnapshot=true, pageLoadStrategy=normal, databaseEnabled=false, handlesAlerts=true, version=68.0.3440.84, browserConnectionEnabled=false, nativeEvents=true, locationContextEnabled=true, cssSelectorsEnabled=true}]
Session ID: caff04b1f0d81be57956257b47428b19
	at org.openqa.selenium.support.ui.WebDriverWait.timeoutException(WebDriverWait.java:80)
	at org.openqa.selenium.support.ui.FluentWait.until(FluentWait.java:232)
	at com.ness.pages.EnterChecklist_Page.clickFlagAsFinal(EnterChecklist_Page.java:130)
	at com.ness.tests.Checklists.verifyAutoSaveComments(Checklists.java:126)
... Removed 25 stack frames]]>
    </failure>
  </testcase> <!-- verifyAutoSaveComments -->
  <testcase name="verifyNavigationViaManageChecklist" time="97.071" classname="com.ness.tests.Checklists">
    <failure type="org.openqa.selenium.TimeoutException" message="Expected condition failed: waiting for element to be clickable: [[ChromeDriver: chrome on XP (7af440070e08216cc0406133389b4462)] -&amp;gt; xpath: //table[@id=&amp;apos;checklistEntryTable&amp;apos;]/tbody/tr[10]/td[2]/button[@class=&amp;apos;btn btn-primary&amp;apos;]] (tried for 30 second(s) with 500 MILLISECONDS interval)
Build info: version: &amp;apos;3.4.0&amp;apos;, revision: &amp;apos;unknown&amp;apos;, time: &amp;apos;unknown&amp;apos;
System info: host: &amp;apos;ININTDT115341&amp;apos;, ip: &amp;apos;172.21.74.91&amp;apos;, os.name: &amp;apos;Windows 7&amp;apos;, os.arch: &amp;apos;amd64&amp;apos;, os.version: &amp;apos;6.1&amp;apos;, java.version: &amp;apos;1.8.0_181&amp;apos;
Driver info: org.openqa.selenium.chrome.ChromeDriver
Capabilities [{mobileEmulationEnabled=false, hasTouchScreen=false, platform=XP, acceptSslCerts=true, goog:chromeOptions={debuggerAddress=localhost:51175}, acceptInsecureCerts=true, webStorageEnabled=true, browserName=chrome, takesScreenshot=true, javascriptEnabled=true, setWindowRect=true, unexpectedAlertBehaviour=, applicationCacheEnabled=false, rotatable=false, networkConnectionEnabled=false, chrome={chromedriverVersion=2.41.578737 (49da6702b16031c40d63e5618de03a32ff6c197e), userDataDir=C:\Users\P71110~1.PID\AppData\Local\Temp\scoped_dir840_15425}, takesHeapSnapshot=true, pageLoadStrategy=normal, databaseEnabled=false, handlesAlerts=true, version=68.0.3440.84, browserConnectionEnabled=false, nativeEvents=true, locationContextEnabled=true, cssSelectorsEnabled=true}]
Session ID: 7af440070e08216cc0406133389b4462">
      <![CDATA[org.openqa.selenium.TimeoutException: Expected condition failed: waiting for element to be clickable: [[ChromeDriver: chrome on XP (7af440070e08216cc0406133389b4462)] -> xpath: //table[@id='checklistEntryTable']/tbody/tr[10]/td[2]/button[@class='btn btn-primary']] (tried for 30 second(s) with 500 MILLISECONDS interval)
Build info: version: '3.4.0', revision: 'unknown', time: 'unknown'
System info: host: 'ININTDT115341', ip: '172.21.74.91', os.name: 'Windows 7', os.arch: 'amd64', os.version: '6.1', java.version: '1.8.0_181'
Driver info: org.openqa.selenium.chrome.ChromeDriver
Capabilities [{mobileEmulationEnabled=false, hasTouchScreen=false, platform=XP, acceptSslCerts=true, goog:chromeOptions={debuggerAddress=localhost:51175}, acceptInsecureCerts=true, webStorageEnabled=true, browserName=chrome, takesScreenshot=true, javascriptEnabled=true, setWindowRect=true, unexpectedAlertBehaviour=, applicationCacheEnabled=false, rotatable=false, networkConnectionEnabled=false, chrome={chromedriverVersion=2.41.578737 (49da6702b16031c40d63e5618de03a32ff6c197e), userDataDir=C:\Users\P71110~1.PID\AppData\Local\Temp\scoped_dir840_15425}, takesHeapSnapshot=true, pageLoadStrategy=normal, databaseEnabled=false, handlesAlerts=true, version=68.0.3440.84, browserConnectionEnabled=false, nativeEvents=true, locationContextEnabled=true, cssSelectorsEnabled=true}]
Session ID: 7af440070e08216cc0406133389b4462
	at org.openqa.selenium.support.ui.WebDriverWait.timeoutException(WebDriverWait.java:80)
	at org.openqa.selenium.support.ui.FluentWait.until(FluentWait.java:232)
	at com.ness.pages.EnterChecklist_Page.clickFlagAsFinal(EnterChecklist_Page.java:130)
	at com.ness.tests.Checklists.verifyNavigationViaManageChecklist(Checklists.java:153)
... Removed 25 stack frames]]>
    </failure>
  </testcase> <!-- verifyNavigationViaManageChecklist -->
  <testcase name="verifyStudentDataIsDisplayed" time="57.927" classname="com.ness.tests.Checklists"/>
  <testcase name="verifyNextPreviousLinks" time="60.569" classname="com.ness.tests.Checklists">
    <failure type="org.openqa.selenium.WebDriverException" message="unknown error: Element &amp;lt;button id=&amp;quot;navPrev&amp;quot; class=&amp;quot;btn btn-white&amp;quot;&amp;gt;...&amp;lt;/button&amp;gt; is not clickable at point (1084, 266). Other element would receive the click: &amp;lt;div class=&amp;quot;blockUI blockOverlay&amp;quot; style=&amp;quot;z-index: 10000; border: none; margin: 0px; padding: 0px; width: 100%; height: 100%; top: 0px; left: 0px; background-color: rgb(0, 0, 0); opacity: 0.505364; cursor: default; position: fixed;&amp;quot;&amp;gt;&amp;lt;/div&amp;gt;
  (Session info: chrome=68.0.3440.84)
  (Driver info: chromedriver=2.41.578737 (49da6702b16031c40d63e5618de03a32ff6c197e),platform=Windows NT 6.1.7601 SP1 x86_64) (WARNING: The server did not provide any stacktrace information)
Command duration or timeout: 52 milliseconds
Build info: version: &amp;apos;3.4.0&amp;apos;, revision: &amp;apos;unknown&amp;apos;, time: &amp;apos;unknown&amp;apos;
System info: host: &amp;apos;ININTDT115341&amp;apos;, ip: &amp;apos;172.21.74.91&amp;apos;, os.name: &amp;apos;Windows 7&amp;apos;, os.arch: &amp;apos;amd64&amp;apos;, os.version: &amp;apos;6.1&amp;apos;, java.version: &amp;apos;1.8.0_181&amp;apos;
Driver info: org.openqa.selenium.chrome.ChromeDriver
Capabilities [{mobileEmulationEnabled=false, hasTouchScreen=false, platform=XP, acceptSslCerts=true, goog:chromeOptions={debuggerAddress=localhost:51397}, acceptInsecureCerts=true, webStorageEnabled=true, browserName=chrome, takesScreenshot=true, javascriptEnabled=true, setWindowRect=true, unexpectedAlertBehaviour=, applicationCacheEnabled=false, rotatable=false, networkConnectionEnabled=false, chrome={chromedriverVersion=2.41.578737 (49da6702b16031c40d63e5618de03a32ff6c197e), userDataDir=C:\Users\P71110~1.PID\AppData\Local\Temp\scoped_dir8644_4034}, takesHeapSnapshot=true, pageLoadStrategy=normal, databaseEnabled=false, handlesAlerts=true, version=68.0.3440.84, browserConnectionEnabled=false, nativeEvents=true, locationContextEnabled=true, cssSelectorsEnabled=true}]
Session ID: 3eb90a50eb2149a8dd454aa4b68dc81a">
      <![CDATA[org.openqa.selenium.WebDriverException: unknown error: Element <button id="navPrev" class="btn btn-white">...</button> is not clickable at point (1084, 266). Other element would receive the click: <div class="blockUI blockOverlay" style="z-index: 10000; border: none; margin: 0px; padding: 0px; width: 100%; height: 100%; top: 0px; left: 0px; background-color: rgb(0, 0, 0); opacity: 0.505364; cursor: default; position: fixed;"></div>
  (Session info: chrome=68.0.3440.84)
  (Driver info: chromedriver=2.41.578737 (49da6702b16031c40d63e5618de03a32ff6c197e),platform=Windows NT 6.1.7601 SP1 x86_64) (WARNING: The server did not provide any stacktrace information)
Command duration or timeout: 52 milliseconds
Build info: version: '3.4.0', revision: 'unknown', time: 'unknown'
System info: host: 'ININTDT115341', ip: '172.21.74.91', os.name: 'Windows 7', os.arch: 'amd64', os.version: '6.1', java.version: '1.8.0_181'
Driver info: org.openqa.selenium.chrome.ChromeDriver
Capabilities [{mobileEmulationEnabled=false, hasTouchScreen=false, platform=XP, acceptSslCerts=true, goog:chromeOptions={debuggerAddress=localhost:51397}, acceptInsecureCerts=true, webStorageEnabled=true, browserName=chrome, takesScreenshot=true, javascriptEnabled=true, setWindowRect=true, unexpectedAlertBehaviour=, applicationCacheEnabled=false, rotatable=false, networkConnectionEnabled=false, chrome={chromedriverVersion=2.41.578737 (49da6702b16031c40d63e5618de03a32ff6c197e), userDataDir=C:\Users\P71110~1.PID\AppData\Local\Temp\scoped_dir8644_4034}, takesHeapSnapshot=true, pageLoadStrategy=normal, databaseEnabled=false, handlesAlerts=true, version=68.0.3440.84, browserConnectionEnabled=false, nativeEvents=true, locationContextEnabled=true, cssSelectorsEnabled=true}]
Session ID: 3eb90a50eb2149a8dd454aa4b68dc81a
	at org.openqa.selenium.remote.ErrorHandler.createThrowable(ErrorHandler.java:215)
	at org.openqa.selenium.remote.ErrorHandler.throwIfResponseFailed(ErrorHandler.java:167)
	at org.openqa.selenium.remote.RemoteWebDriver.execute(RemoteWebDriver.java:671)
	at org.openqa.selenium.remote.RemoteWebElement.execute(RemoteWebElement.java:272)
	at org.openqa.selenium.remote.RemoteWebElement.click(RemoteWebElement.java:82)
	at org.openqa.selenium.support.pagefactory.internal.LocatingElementHandler.invoke(LocatingElementHandler.java:51)
	at com.sun.proxy.$Proxy6.click(Unknown Source)
	at com.ness.pages.EnterChecklistData_Page.verifyNextButton(EnterChecklistData_Page.java:126)
	at com.ness.tests.Checklists.verifyNextPreviousLinks(Checklists.java:197)
... Removed 32 stack frames]]>
    </failure>
  </testcase> <!-- verifyNextPreviousLinks -->
  <testcase name="verifyGuidelines" time="67.102" classname="com.ness.tests.Checklists"/>
  <testcase name="verifyEvidenceLinked" time="65.543" classname="com.ness.tests.Checklists"/>
  <testcase name="verifyEvidenceUnlinked" time="65.278" classname="com.ness.tests.Checklists"/>
  <testcase name="createNarrativeSummaryReport" time="69.1" classname="com.ness.tests.ManageSummaryReports"/>
  <testcase name="verifyAddChecklistComment" time="66.956" classname="com.ness.tests.ManageSummaryReports"/>
  <testcase name="autoSaveComments" time="69.745" classname="com.ness.tests.ManageSummaryReports"/>
  <testcase name="deleteNarrativeSummary" time="75.222" classname="com.ness.tests.ManageSummaryReports"/>
  <testcase name="verifySaveTemplate" time="91.393" classname="com.ness.tests.ManageSummaryReports"/>
  <testcase name="verifyUseTemplate" time="72.575" classname="com.ness.tests.ManageSummaryReports"/>
  <testcase name="verifyCommentsCounterForNarrativeSummary" time="69.199" classname="com.ness.tests.ManageSummaryReports"/>
  <testcase name="verifyNarrativeSummaryWithEnglishLang" time="69.03" classname="com.ness.tests.ManageSummaryReports"/>
  <testcase name="verifyNarrativeSummaryWithSpanishLang" time="69.728" classname="com.ness.tests.ManageSummaryReports"/>
  <testcase name="verifyNarrativeSummaryWithBothLang" time="71.342" classname="com.ness.tests.ManageSummaryReports"/>
  <testcase name="verifyDownloadNarrativeSummaryEnglishPdf" time="75.77" classname="com.ness.tests.ManageSummaryReports">
    <failure type="java.lang.AssertionError" message="Failed to download expected file expected [true] but found [false]">
      <![CDATA[java.lang.AssertionError: Failed to download expected file expected [true] but found [false]
	at com.ness.pages.NarrativeSummary_Page.verifyDownloadNarrativeSummaryEnglishPdf(NarrativeSummary_Page.java:543)
	at com.ness.tests.ManageSummaryReports.verifyDownloadNarrativeSummaryEnglishPdf(ManageSummaryReports.java:320)
... Removed 28 stack frames]]>
    </failure>
  </testcase> <!-- verifyDownloadNarrativeSummaryEnglishPdf -->
  <testcase name="verifyDownloadNarrativeSummarySpanishPdf" time="69.551" classname="com.ness.tests.ManageSummaryReports">
    <failure type="java.lang.AssertionError" message="Failed to download expected file expected [true] but found [false]">
      <![CDATA[java.lang.AssertionError: Failed to download expected file expected [true] but found [false]
	at com.ness.pages.NarrativeSummary_Page.verifyDownloadNarrativeSummarySpanishPdf(NarrativeSummary_Page.java:584)
	at com.ness.tests.ManageSummaryReports.verifyDownloadNarrativeSummarySpanishPdf(ManageSummaryReports.java:348)
... Removed 28 stack frames]]>
    </failure>
  </testcase> <!-- verifyDownloadNarrativeSummarySpanishPdf -->
  <testcase name="verifySelectStudentAlsoAttentionMsg" time="51.048" classname="com.ness.tests.ManageSummaryReports"/>
  <testcase name="verifySaveForDifferentPeriod" time="82.198" classname="com.ness.tests.ManageSummaryReports"/>
  <testcase name="verifyIncludeStandardSummaryAssessments" time="74.874" classname="com.ness.tests.ManageSummaryReports"/>
  <testcase name="verifyDownloadStandardSummaryEnglishPdf" time="73.62" classname="com.ness.tests.ManageSummaryReports">
    <failure type="java.lang.AssertionError" message="Failed to download expected file expected [true] but found [false]">
      <![CDATA[java.lang.AssertionError: Failed to download expected file expected [true] but found [false]
	at com.ness.pages.NarrativeSummary_Page.verifyDownloadStandardSummaryEnglishPdf(NarrativeSummary_Page.java:611)
	at com.ness.tests.ManageSummaryReports.verifyDownloadStandardSummaryEnglishPdf(ManageSummaryReports.java:455)
... Removed 28 stack frames]]>
    </failure>
  </testcase> <!-- verifyDownloadStandardSummaryEnglishPdf -->
  <testcase name="verifyDownloadStandardSummarySpanishPdf" time="75.57" classname="com.ness.tests.ManageSummaryReports">
    <failure type="java.lang.AssertionError" message="Failed to download expected file expected [true] but found [false]">
      <![CDATA[java.lang.AssertionError: Failed to download expected file expected [true] but found [false]
	at com.ness.pages.NarrativeSummary_Page.verifyDownloadStandardSummarySpanishPdf(NarrativeSummary_Page.java:620)
	at com.ness.tests.ManageSummaryReports.verifyDownloadStandardSummarySpanishPdf(ManageSummaryReports.java:483)
... Removed 28 stack frames]]>
    </failure>
  </testcase> <!-- verifyDownloadStandardSummarySpanishPdf -->
  <testcase name="verifyDownloadClassSummaryEnglishPdf" time="75.113" classname="com.ness.tests.ManageSummaryReports">
    <failure type="java.lang.AssertionError" message="Failed to download expected file expected [true] but found [false]">
      <![CDATA[java.lang.AssertionError: Failed to download expected file expected [true] but found [false]
	at com.ness.pages.NarrativeSummary_Page.verifyDownloadClassSummaryEnglishPdf(NarrativeSummary_Page.java:629)
	at com.ness.tests.ManageSummaryReports.verifyDownloadClassSummaryEnglishPdf(ManageSummaryReports.java:511)
... Removed 28 stack frames]]>
    </failure>
  </testcase> <!-- verifyDownloadClassSummaryEnglishPdf -->
  <testcase name="verifyPopulateChecklistButton" time="76.092" classname="com.ness.tests.ManageSummaryReports"/>
  <testcase name="verifyPopulateChecklistWithPartialScores" time="65.102" classname="com.ness.tests.ManageSummaryReports">
    <failure type="org.openqa.selenium.WebDriverException" message="unknown error: Element &amp;lt;a id=&amp;quot;appTitle&amp;quot; href=&amp;quot;/wsoTeacherApp/teachApp/login/returnToHomePage.html&amp;quot;&amp;gt;...&amp;lt;/a&amp;gt; is not clickable at point (231, 21). Other element would receive the click: &amp;lt;div class=&amp;quot;blockUI blockOverlay&amp;quot; style=&amp;quot;z-index: 10000; border: none; margin: 0px; padding: 0px; width: 100%; height: 100%; top: 0px; left: 0px; background-color: rgb(0, 0, 0); opacity: 0.00236559; cursor: default; position: fixed;&amp;quot;&amp;gt;&amp;lt;/div&amp;gt;
  (Session info: chrome=68.0.3440.84)
  (Driver info: chromedriver=2.41.578737 (49da6702b16031c40d63e5618de03a32ff6c197e),platform=Windows NT 6.1.7601 SP1 x86_64) (WARNING: The server did not provide any stacktrace information)
Command duration or timeout: 49 milliseconds
Build info: version: &amp;apos;3.4.0&amp;apos;, revision: &amp;apos;unknown&amp;apos;, time: &amp;apos;unknown&amp;apos;
System info: host: &amp;apos;ININTDT115341&amp;apos;, ip: &amp;apos;172.21.74.91&amp;apos;, os.name: &amp;apos;Windows 7&amp;apos;, os.arch: &amp;apos;amd64&amp;apos;, os.version: &amp;apos;6.1&amp;apos;, java.version: &amp;apos;1.8.0_181&amp;apos;
Driver info: org.openqa.selenium.chrome.ChromeDriver
Capabilities [{mobileEmulationEnabled=false, hasTouchScreen=false, platform=XP, acceptSslCerts=true, goog:chromeOptions={debuggerAddress=localhost:53868}, acceptInsecureCerts=true, webStorageEnabled=true, browserName=chrome, takesScreenshot=true, javascriptEnabled=true, setWindowRect=true, unexpectedAlertBehaviour=, applicationCacheEnabled=false, rotatable=false, networkConnectionEnabled=false, chrome={chromedriverVersion=2.41.578737 (49da6702b16031c40d63e5618de03a32ff6c197e), userDataDir=C:\Users\P71110~1.PID\AppData\Local\Temp\scoped_dir6376_2454}, takesHeapSnapshot=true, pageLoadStrategy=normal, databaseEnabled=false, handlesAlerts=true, version=68.0.3440.84, browserConnectionEnabled=false, nativeEvents=true, locationContextEnabled=true, cssSelectorsEnabled=true}]
Session ID: 8c791ea731c3d5e0d512ffd897157e78">
      <![CDATA[org.openqa.selenium.WebDriverException: unknown error: Element <a id="appTitle" href="/wsoTeacherApp/teachApp/login/returnToHomePage.html">...</a> is not clickable at point (231, 21). Other element would receive the click: <div class="blockUI blockOverlay" style="z-index: 10000; border: none; margin: 0px; padding: 0px; width: 100%; height: 100%; top: 0px; left: 0px; background-color: rgb(0, 0, 0); opacity: 0.00236559; cursor: default; position: fixed;"></div>
  (Session info: chrome=68.0.3440.84)
  (Driver info: chromedriver=2.41.578737 (49da6702b16031c40d63e5618de03a32ff6c197e),platform=Windows NT 6.1.7601 SP1 x86_64) (WARNING: The server did not provide any stacktrace information)
Command duration or timeout: 49 milliseconds
Build info: version: '3.4.0', revision: 'unknown', time: 'unknown'
System info: host: 'ININTDT115341', ip: '172.21.74.91', os.name: 'Windows 7', os.arch: 'amd64', os.version: '6.1', java.version: '1.8.0_181'
Driver info: org.openqa.selenium.chrome.ChromeDriver
Capabilities [{mobileEmulationEnabled=false, hasTouchScreen=false, platform=XP, acceptSslCerts=true, goog:chromeOptions={debuggerAddress=localhost:53868}, acceptInsecureCerts=true, webStorageEnabled=true, browserName=chrome, takesScreenshot=true, javascriptEnabled=true, setWindowRect=true, unexpectedAlertBehaviour=, applicationCacheEnabled=false, rotatable=false, networkConnectionEnabled=false, chrome={chromedriverVersion=2.41.578737 (49da6702b16031c40d63e5618de03a32ff6c197e), userDataDir=C:\Users\P71110~1.PID\AppData\Local\Temp\scoped_dir6376_2454}, takesHeapSnapshot=true, pageLoadStrategy=normal, databaseEnabled=false, handlesAlerts=true, version=68.0.3440.84, browserConnectionEnabled=false, nativeEvents=true, locationContextEnabled=true, cssSelectorsEnabled=true}]
Session ID: 8c791ea731c3d5e0d512ffd897157e78
	at org.openqa.selenium.remote.ErrorHandler.createThrowable(ErrorHandler.java:215)
	at org.openqa.selenium.remote.ErrorHandler.throwIfResponseFailed(ErrorHandler.java:167)
	at org.openqa.selenium.remote.RemoteWebDriver.execute(RemoteWebDriver.java:671)
	at org.openqa.selenium.remote.RemoteWebElement.execute(RemoteWebElement.java:272)
	at org.openqa.selenium.remote.RemoteWebElement.click(RemoteWebElement.java:82)
	at org.openqa.selenium.support.pagefactory.internal.LocatingElementHandler.invoke(LocatingElementHandler.java:51)
	at com.sun.proxy.$Proxy6.click(Unknown Source)
	at com.ness.pages.EnterChecklist_Page.clickPageTitle(EnterChecklist_Page.java:101)
	at com.ness.tests.ManageSummaryReports.verifyPopulateChecklistWithPartialScores(ManageSummaryReports.java:565)
... Removed 32 stack frames]]>
    </failure>
  </testcase> <!-- verifyPopulateChecklistWithPartialScores -->
  <testcase name="verifyPopulateChecklistWithExistingScores" time="0.0" classname="com.ness.tests.ManageSummaryReports">
    <skipped/>
  </testcase> <!-- verifyPopulateChecklistWithExistingScores -->
  <testcase name="verifyPopulateChecklistWithEmptyScores" time="83.705" classname="com.ness.tests.ManageSummaryReports"/>
  <testcase name="verifyPopulateChecklistWithClearedScores" time="0.0" classname="com.ness.tests.ManageSummaryReports">
    <skipped/>
  </testcase> <!-- verifyPopulateChecklistWithClearedScores -->
  <testcase name="verifyPopulateChecklistWithDeletedScores" time="0.0" classname="com.ness.tests.ManageSummaryReports">
    <skipped/>
  </testcase> <!-- verifyPopulateChecklistWithDeletedScores -->
  <testcase name="verifyPopulateChecklistWhenInIntermediateState" time="103.089" classname="com.ness.tests.ManageSummaryReports">
    <failure type="org.openqa.selenium.NoSuchElementException" message="no such element: Unable to locate element: {&amp;quot;method&amp;quot;:&amp;quot;css selector&amp;quot;,&amp;quot;selector&amp;quot;:&amp;quot;div[class=&amp;apos;modal-body&amp;apos;]&amp;gt;p&amp;quot;}
  (Session info: chrome=68.0.3440.84)
  (Driver info: chromedriver=2.41.578737 (49da6702b16031c40d63e5618de03a32ff6c197e),platform=Windows NT 6.1.7601 SP1 x86_64) (WARNING: The server did not provide any stacktrace information)
Command duration or timeout: 32 milliseconds
For documentation on this error, please visit: http://seleniumhq.org/exceptions/no_such_element.html
Build info: version: &amp;apos;3.4.0&amp;apos;, revision: &amp;apos;unknown&amp;apos;, time: &amp;apos;unknown&amp;apos;
System info: host: &amp;apos;ININTDT115341&amp;apos;, ip: &amp;apos;172.21.74.91&amp;apos;, os.name: &amp;apos;Windows 7&amp;apos;, os.arch: &amp;apos;amd64&amp;apos;, os.version: &amp;apos;6.1&amp;apos;, java.version: &amp;apos;1.8.0_181&amp;apos;
Driver info: org.openqa.selenium.chrome.ChromeDriver
Capabilities [{mobileEmulationEnabled=false, hasTouchScreen=false, platform=XP, acceptSslCerts=true, goog:chromeOptions={debuggerAddress=localhost:54101}, acceptInsecureCerts=true, webStorageEnabled=true, browserName=chrome, takesScreenshot=true, javascriptEnabled=true, setWindowRect=true, unexpectedAlertBehaviour=, applicationCacheEnabled=false, rotatable=false, networkConnectionEnabled=false, chrome={chromedriverVersion=2.41.578737 (49da6702b16031c40d63e5618de03a32ff6c197e), userDataDir=C:\Users\P71110~1.PID\AppData\Local\Temp\scoped_dir8280_17171}, takesHeapSnapshot=true, pageLoadStrategy=normal, databaseEnabled=false, handlesAlerts=true, version=68.0.3440.84, browserConnectionEnabled=false, nativeEvents=true, locationContextEnabled=true, cssSelectorsEnabled=true}]
Session ID: dd2135053275d704561ee07734a97922
*** Element info: {Using=css selector, value=div[class=&amp;apos;modal-body&amp;apos;]&amp;gt;p}">
      <![CDATA[org.openqa.selenium.NoSuchElementException: no such element: Unable to locate element: {"method":"css selector","selector":"div[class='modal-body']>p"}
  (Session info: chrome=68.0.3440.84)
  (Driver info: chromedriver=2.41.578737 (49da6702b16031c40d63e5618de03a32ff6c197e),platform=Windows NT 6.1.7601 SP1 x86_64) (WARNING: The server did not provide any stacktrace information)
Command duration or timeout: 32 milliseconds
For documentation on this error, please visit: http://seleniumhq.org/exceptions/no_such_element.html
Build info: version: '3.4.0', revision: 'unknown', time: 'unknown'
System info: host: 'ININTDT115341', ip: '172.21.74.91', os.name: 'Windows 7', os.arch: 'amd64', os.version: '6.1', java.version: '1.8.0_181'
Driver info: org.openqa.selenium.chrome.ChromeDriver
Capabilities [{mobileEmulationEnabled=false, hasTouchScreen=false, platform=XP, acceptSslCerts=true, goog:chromeOptions={debuggerAddress=localhost:54101}, acceptInsecureCerts=true, webStorageEnabled=true, browserName=chrome, takesScreenshot=true, javascriptEnabled=true, setWindowRect=true, unexpectedAlertBehaviour=, applicationCacheEnabled=false, rotatable=false, networkConnectionEnabled=false, chrome={chromedriverVersion=2.41.578737 (49da6702b16031c40d63e5618de03a32ff6c197e), userDataDir=C:\Users\P71110~1.PID\AppData\Local\Temp\scoped_dir8280_17171}, takesHeapSnapshot=true, pageLoadStrategy=normal, databaseEnabled=false, handlesAlerts=true, version=68.0.3440.84, browserConnectionEnabled=false, nativeEvents=true, locationContextEnabled=true, cssSelectorsEnabled=true}]
Session ID: dd2135053275d704561ee07734a97922
*** Element info: {Using=css selector, value=div[class='modal-body']>p}
	at org.openqa.selenium.remote.ErrorHandler.createThrowable(ErrorHandler.java:215)
	at org.openqa.selenium.remote.ErrorHandler.throwIfResponseFailed(ErrorHandler.java:167)
	at org.openqa.selenium.remote.RemoteWebDriver.execute(RemoteWebDriver.java:671)
	at org.openqa.selenium.remote.RemoteWebDriver.findElement(RemoteWebDriver.java:410)
	at org.openqa.selenium.remote.RemoteWebDriver.findElementByCssSelector(RemoteWebDriver.java:501)
	at org.openqa.selenium.By$ByCssSelector.findElement(By.java:430)
	at org.openqa.selenium.remote.RemoteWebDriver.findElement(RemoteWebDriver.java:402)
	at org.openqa.selenium.support.pagefactory.DefaultElementLocator.findElement(DefaultElementLocator.java:69)
	at org.openqa.selenium.support.pagefactory.internal.LocatingElementHandler.invoke(LocatingElementHandler.java:38)
	at com.sun.proxy.$Proxy6.getText(Unknown Source)
	at com.ness.pages.NarrativeSummary_Page.verifyPopulateChecklistWhenInIntermediateState(NarrativeSummary_Page.java:712)
	at com.ness.tests.ManageSummaryReports.verifyPopulateChecklistWhenInIntermediateState(ManageSummaryReports.java:714)
... Removed 28 stack frames]]>
    </failure>
  </testcase> <!-- verifyPopulateChecklistWhenInIntermediateState -->
  <testcase name="verifyChecklistReportDownload" time="63.796" classname="com.ness.tests.GenerateReports">
    <failure type="org.openqa.selenium.NoSuchElementException" message="Cannot locate element with text: 2017/2018
For documentation on this error, please visit: http://seleniumhq.org/exceptions/no_such_element.html
Build info: version: &amp;apos;3.4.0&amp;apos;, revision: &amp;apos;unknown&amp;apos;, time: &amp;apos;unknown&amp;apos;
System info: host: &amp;apos;ININTDT115341&amp;apos;, ip: &amp;apos;172.21.74.91&amp;apos;, os.name: &amp;apos;Windows 7&amp;apos;, os.arch: &amp;apos;amd64&amp;apos;, os.version: &amp;apos;6.1&amp;apos;, java.version: &amp;apos;1.8.0_181&amp;apos;
Driver info: driver.version: unknown">
      <![CDATA[org.openqa.selenium.NoSuchElementException: Cannot locate element with text: 2017/2018
For documentation on this error, please visit: http://seleniumhq.org/exceptions/no_such_element.html
Build info: version: '3.4.0', revision: 'unknown', time: 'unknown'
System info: host: 'ININTDT115341', ip: '172.21.74.91', os.name: 'Windows 7', os.arch: 'amd64', os.version: '6.1', java.version: '1.8.0_181'
Driver info: driver.version: unknown
	at org.openqa.selenium.support.ui.Select.selectByVisibleText(Select.java:151)
	at com.ness.pages.GenerateReports_Page.selectAcademicYear(GenerateReports_Page.java:103)
	at com.ness.tests.GenerateReports.verifyChecklistReportDownload(GenerateReports.java:53)
... Removed 25 stack frames]]>
    </failure>
  </testcase> <!-- verifyChecklistReportDownload -->
  <testcase name="verifyClassChecklistReportDownload" time="59.606" classname="com.ness.tests.GenerateReports">
    <failure type="org.openqa.selenium.NoSuchElementException" message="Cannot locate element with text: 2017/2018
For documentation on this error, please visit: http://seleniumhq.org/exceptions/no_such_element.html
Build info: version: &amp;apos;3.4.0&amp;apos;, revision: &amp;apos;unknown&amp;apos;, time: &amp;apos;unknown&amp;apos;
System info: host: &amp;apos;ININTDT115341&amp;apos;, ip: &amp;apos;172.21.74.91&amp;apos;, os.name: &amp;apos;Windows 7&amp;apos;, os.arch: &amp;apos;amd64&amp;apos;, os.version: &amp;apos;6.1&amp;apos;, java.version: &amp;apos;1.8.0_181&amp;apos;
Driver info: driver.version: unknown">
      <![CDATA[org.openqa.selenium.NoSuchElementException: Cannot locate element with text: 2017/2018
For documentation on this error, please visit: http://seleniumhq.org/exceptions/no_such_element.html
Build info: version: '3.4.0', revision: 'unknown', time: 'unknown'
System info: host: 'ININTDT115341', ip: '172.21.74.91', os.name: 'Windows 7', os.arch: 'amd64', os.version: '6.1', java.version: '1.8.0_181'
Driver info: driver.version: unknown
	at org.openqa.selenium.support.ui.Select.selectByVisibleText(Select.java:151)
	at com.ness.pages.GenerateReports_Page.selectAcademicYear(GenerateReports_Page.java:103)
	at com.ness.tests.GenerateReports.verifyClassChecklistReportDownload(GenerateReports.java:82)
... Removed 25 stack frames]]>
    </failure>
  </testcase> <!-- verifyClassChecklistReportDownload -->
  <testcase name="verifyClassOutcomesReportDownload" time="73.006" classname="com.ness.tests.GenerateReports"/>
  <testcase name="verifyClassProfileReportDownload" time="85.929" classname="com.ness.tests.GenerateReports">
    <failure type="org.openqa.selenium.TimeoutException" message="Expected condition failed: waiting for element to be clickable: Proxy element for: DefaultElementLocator &amp;apos;By.id: gradeLevelId&amp;apos; (tried for 30 second(s) with 500 MILLISECONDS interval)">
      <![CDATA[org.openqa.selenium.TimeoutException: Expected condition failed: waiting for element to be clickable: Proxy element for: DefaultElementLocator 'By.id: gradeLevelId' (tried for 30 second(s) with 500 MILLISECONDS interval)
	at org.openqa.selenium.support.ui.WebDriverWait.timeoutException(WebDriverWait.java:80)
	at org.openqa.selenium.support.ui.FluentWait.until(FluentWait.java:232)
	at com.ness.pages.ClassProfile_Page.selectGradeLevel(ClassProfile_Page.java:36)
	at com.ness.tests.GenerateReports.verifyClassProfileReportDownload(GenerateReports.java:135)
Caused by: org.openqa.selenium.NoSuchElementException: no such element: Unable to locate element: {"method":"id","selector":"gradeLevelId"}
  (Session info: chrome=68.0.3440.84)
  (Driver info: chromedriver=2.41.578737 (49da6702b16031c40d63e5618de03a32ff6c197e),platform=Windows NT 6.1.7601 SP1 x86_64) (WARNING: The server did not provide any stacktrace information)
Command duration or timeout: 17 milliseconds
For documentation on this error, please visit: http://seleniumhq.org/exceptions/no_such_element.html
Build info: version: '3.4.0', revision: 'unknown', time: 'unknown'
System info: host: 'ININTDT115341', ip: '172.21.74.91', os.name: 'Windows 7', os.arch: 'amd64', os.version: '6.1', java.version: '1.8.0_181'
Driver info: org.openqa.selenium.chrome.ChromeDriver
Capabilities [{mobileEmulationEnabled=false, hasTouchScreen=false, platform=XP, acceptSslCerts=true, goog:chromeOptions={debuggerAddress=localhost:54585}, acceptInsecureCerts=true, webStorageEnabled=true, browserName=chrome, takesScreenshot=true, javascriptEnabled=true, setWindowRect=true, unexpectedAlertBehaviour=, applicationCacheEnabled=false, rotatable=false, networkConnectionEnabled=false, chrome={chromedriverVersion=2.41.578737 (49da6702b16031c40d63e5618de03a32ff6c197e), userDataDir=C:\Users\P71110~1.PID\AppData\Local\Temp\scoped_dir3320_2831}, takesHeapSnapshot=true, pageLoadStrategy=normal, databaseEnabled=false, handlesAlerts=true, version=68.0.3440.84, browserConnectionEnabled=false, nativeEvents=true, locationContextEnabled=true, cssSelectorsEnabled=true}]
Session ID: 349ec7573bc5c4713bd1ebc511cac1ca
*** Element info: {Using=id, value=gradeLevelId}
	at org.openqa.selenium.remote.ErrorHandler.createThrowable(ErrorHandler.java:215)
	at org.openqa.selenium.remote.ErrorHandler.throwIfResponseFailed(ErrorHandler.java:167)
	at org.openqa.selenium.remote.RemoteWebDriver.execute(RemoteWebDriver.java:671)
	at org.openqa.selenium.remote.RemoteWebDriver.findElement(RemoteWebDriver.java:410)
	at org.openqa.selenium.remote.RemoteWebDriver.findElementById(RemoteWebDriver.java:453)
	at org.openqa.selenium.By$ById.findElement(By.java:218)
	at org.openqa.selenium.remote.RemoteWebDriver.findElement(RemoteWebDriver.java:402)
	at org.openqa.selenium.support.pagefactory.DefaultElementLocator.findElement(DefaultElementLocator.java:69)
	at org.openqa.selenium.support.pagefactory.internal.LocatingElementHandler.invoke(LocatingElementHandler.java:38)
	at com.sun.proxy.$Proxy6.isDisplayed(Unknown Source)
	at org.openqa.selenium.support.ui.ExpectedConditions.elementIfVisible(ExpectedConditions.java:302)
	at org.openqa.selenium.support.ui.ExpectedConditions.access$100(ExpectedConditions.java:44)
	at org.openqa.selenium.support.ui.ExpectedConditions$10.apply(ExpectedConditions.java:288)
	at org.openqa.selenium.support.ui.ExpectedConditions$10.apply(ExpectedConditions.java:285)
	at org.openqa.selenium.support.ui.ExpectedConditions$23.apply(ExpectedConditions.java:673)
	at org.openqa.selenium.support.ui.ExpectedConditions$23.apply(ExpectedConditions.java:669)
	at org.openqa.selenium.support.ui.FluentWait.until(FluentWait.java:209)
	... 27 more
... Removed 28 stack frames]]>
    </failure>
  </testcase> <!-- verifyClassProfileReportDownload -->
  <testcase name="verifyClassRatingsReportDownload" time="83.34" classname="com.ness.tests.GenerateReports">
    <failure type="org.openqa.selenium.TimeoutException" message="Expected condition failed: waiting for element to be clickable: Proxy element for: DefaultElementLocator &amp;apos;By.id: title&amp;apos; (tried for 30 second(s) with 500 MILLISECONDS interval)">
      <![CDATA[org.openqa.selenium.TimeoutException: Expected condition failed: waiting for element to be clickable: Proxy element for: DefaultElementLocator 'By.id: title' (tried for 30 second(s) with 500 MILLISECONDS interval)
	at org.openqa.selenium.support.ui.WebDriverWait.timeoutException(WebDriverWait.java:80)
	at org.openqa.selenium.support.ui.FluentWait.until(FluentWait.java:232)
	at com.ness.pages.GenerateReports_Page.enterTitle(GenerateReports_Page.java:152)
	at com.ness.tests.GenerateReports.verifyClassRatingsReportDownload(GenerateReports.java:161)
Caused by: org.openqa.selenium.NoSuchElementException: no such element: Unable to locate element: {"method":"id","selector":"title"}
  (Session info: chrome=68.0.3440.84)
  (Driver info: chromedriver=2.41.578737 (49da6702b16031c40d63e5618de03a32ff6c197e),platform=Windows NT 6.1.7601 SP1 x86_64) (WARNING: The server did not provide any stacktrace information)
Command duration or timeout: 18 milliseconds
For documentation on this error, please visit: http://seleniumhq.org/exceptions/no_such_element.html
Build info: version: '3.4.0', revision: 'unknown', time: 'unknown'
System info: host: 'ININTDT115341', ip: '172.21.74.91', os.name: 'Windows 7', os.arch: 'amd64', os.version: '6.1', java.version: '1.8.0_181'
Driver info: org.openqa.selenium.chrome.ChromeDriver
Capabilities [{mobileEmulationEnabled=false, hasTouchScreen=false, platform=XP, acceptSslCerts=true, goog:chromeOptions={debuggerAddress=localhost:54697}, acceptInsecureCerts=true, webStorageEnabled=true, browserName=chrome, takesScreenshot=true, javascriptEnabled=true, setWindowRect=true, unexpectedAlertBehaviour=, applicationCacheEnabled=false, rotatable=false, networkConnectionEnabled=false, chrome={chromedriverVersion=2.41.578737 (49da6702b16031c40d63e5618de03a32ff6c197e), userDataDir=C:\Users\P71110~1.PID\AppData\Local\Temp\scoped_dir6760_32647}, takesHeapSnapshot=true, pageLoadStrategy=normal, databaseEnabled=false, handlesAlerts=true, version=68.0.3440.84, browserConnectionEnabled=false, nativeEvents=true, locationContextEnabled=true, cssSelectorsEnabled=true}]
Session ID: 45949cff158ae4ffcb8687020a18b183
*** Element info: {Using=id, value=title}
	at org.openqa.selenium.remote.ErrorHandler.createThrowable(ErrorHandler.java:215)
	at org.openqa.selenium.remote.ErrorHandler.throwIfResponseFailed(ErrorHandler.java:167)
	at org.openqa.selenium.remote.RemoteWebDriver.execute(RemoteWebDriver.java:671)
	at org.openqa.selenium.remote.RemoteWebDriver.findElement(RemoteWebDriver.java:410)
	at org.openqa.selenium.remote.RemoteWebDriver.findElementById(RemoteWebDriver.java:453)
	at org.openqa.selenium.By$ById.findElement(By.java:218)
	at org.openqa.selenium.remote.RemoteWebDriver.findElement(RemoteWebDriver.java:402)
	at org.openqa.selenium.support.pagefactory.DefaultElementLocator.findElement(DefaultElementLocator.java:69)
	at org.openqa.selenium.support.pagefactory.internal.LocatingElementHandler.invoke(LocatingElementHandler.java:38)
	at com.sun.proxy.$Proxy6.isDisplayed(Unknown Source)
	at org.openqa.selenium.support.ui.ExpectedConditions.elementIfVisible(ExpectedConditions.java:302)
	at org.openqa.selenium.support.ui.ExpectedConditions.access$100(ExpectedConditions.java:44)
	at org.openqa.selenium.support.ui.ExpectedConditions$10.apply(ExpectedConditions.java:288)
	at org.openqa.selenium.support.ui.ExpectedConditions$10.apply(ExpectedConditions.java:285)
	at org.openqa.selenium.support.ui.ExpectedConditions$23.apply(ExpectedConditions.java:673)
	at org.openqa.selenium.support.ui.ExpectedConditions$23.apply(ExpectedConditions.java:669)
	at org.openqa.selenium.support.ui.FluentWait.until(FluentWait.java:209)
	... 27 more
... Removed 28 stack frames]]>
    </failure>
  </testcase> <!-- verifyClassRatingsReportDownload -->
  <testcase name="verifyRemoveFromClassStudent" time="63.624" classname="com.ness.tests.ManageStudents"/>
  <testcase name="verifyAddExistingStudent" time="64.176" classname="com.ness.tests.ManageStudents"/>
  <testcase name="verifyArchiveStudent" time="61.891" classname="com.ness.tests.ManageStudents"/>
  <testcase name="verifyDeleteStudent" time="67.433" classname="com.ness.tests.ManageStudents"/>
  <testcase name="addHsStudent" time="83.997" classname="com.ness.tests.ManageStudents"/>
  <testcase name="createObservationForHsStudent" time="83.326" classname="com.ness.tests.Observation"/>
  <testcase name="createChecklistForHsStudent" time="72.614" classname="com.ness.tests.Checklists"/>
  <testcase name="createHsSummaryReport" time="76.086" classname="com.ness.tests.ManageSummaryReports"/>
  <testcase name="verifyAddChecklistCommentHS" time="70.595" classname="com.ness.tests.ManageSummaryReports"/>
  <testcase name="autoSaveCommentsHS" time="73.703" classname="com.ness.tests.ManageSummaryReports"/>
  <testcase name="deleteHeadStartSummary" time="80.324" classname="com.ness.tests.ManageSummaryReports"/>
  <testcase name="verifySaveTemplateHS" time="91.523" classname="com.ness.tests.ManageSummaryReports"/>
  <testcase name="verifyUseTemplateHS" time="75.258" classname="com.ness.tests.ManageSummaryReports"/>
  <testcase name="verifyCommentsCounterForHS" time="70.807" classname="com.ness.tests.ManageSummaryReports"/>
  <testcase name="verifyHSSummaryWithEnglishLang" time="72.396" classname="com.ness.tests.ManageSummaryReports"/>
  <testcase name="verifyHSSummaryWithSpanishLang" time="70.641" classname="com.ness.tests.ManageSummaryReports"/>
  <testcase name="verifyHSSummaryWithBothLang" time="74.213" classname="com.ness.tests.ManageSummaryReports"/>
  <testcase name="verifyDownloadHSSummaryEnglishPdf" time="74.263" classname="com.ness.tests.ManageSummaryReports">
    <failure type="java.lang.AssertionError" message="Failed to download expected file expected [true] but found [false]">
      <![CDATA[java.lang.AssertionError: Failed to download expected file expected [true] but found [false]
	at com.ness.pages.NarrativeSummary_Page.verifyDownloadHSSummaryEnglishPdf(NarrativeSummary_Page.java:551)
	at com.ness.tests.ManageSummaryReports.verifyDownloadHSSummaryEnglishPdf(ManageSummaryReports.java:995)
... Removed 28 stack frames]]>
    </failure>
  </testcase> <!-- verifyDownloadHSSummaryEnglishPdf -->
[...]
  <testcase name="addNewTeacher" time="87.713" classname="com.ness.tests.ManageUsers"/>
  <testcase name="addNewAdmin" time="92.385" classname="com.ness.tests.ManageUsers"/>
  <testcase name="verifyUserExport" time="81.408" classname="com.ness.tests.ManageUsers"/>
  <testcase name="verifyUserAssignments" time="94.768" classname="com.ness.tests.ManageUsers"/>
  <testcase name="verifyTransferUser" time="93.558" classname="com.ness.tests.ManageUsers"/>
  <testcase name="verifyRemoveUser" time="87.874" classname="com.ness.tests.ManageUsers"/>
  <testcase name="verifyLockUser" time="85.418" classname="com.ness.tests.ManageUsers"/>
  <testcase name="verifyUnLockUser" time="84.604" classname="com.ness.tests.ManageUsers"/>
  <testcase name="primaryContactForAdmin" time="84.354" classname="com.ness.tests.ManageUsers"/>
  <testcase name="primaryContactForTeacher" time="75.566" classname="com.ness.tests.ManageUsers"/>
  <testcase name="verifyProxyButtonActiveness" time="75.594" classname="com.ness.tests.ManageUsers"/>
  <testcase name="verifySiteIsRetainedOnTeacherSide" time="84.924" classname="com.ness.tests.ManageUsers"/>
  <testcase name="verifyEditUserRole" time="96.739" classname="com.ness.tests.ManageUsers"/>
  <testcase name="verifyRemoveUserFromSystem" time="94.076" classname="com.ness.tests.ManageUsers"/>
  <testcase name="addNewOunceTeacher" time="86.125" classname="com.ness.tests.ManageUsersOunce"/>
  <testcase name="addNewOunceAdmin" time="87.586" classname="com.ness.tests.ManageUsersOunce"/>
  <testcase name="verifyUserExportOunce" time="79.756" classname="com.ness.tests.ManageUsersOunce"/>
  <testcase name="verifyUserAssignmentsOunce" time="91.185" classname="com.ness.tests.ManageUsersOunce"/>
  <testcase name="verifyTransferUserOunce" time="87.317" classname="com.ness.tests.ManageUsersOunce"/>
  <testcase name="verifyRemoveUserOunce" time="81.314" classname="com.ness.tests.ManageUsersOunce"/>
  <testcase name="verifyLockUserOunce" time="82.862" classname="com.ness.tests.ManageUsersOunce"/>
  <testcase name="verifyUnLockUserOunce" time="81.976" classname="com.ness.tests.ManageUsersOunce"/>
  <testcase name="primaryContactForAdminOunce" time="80.12" classname="com.ness.tests.ManageUsersOunce"/>
  <testcase name="primaryContactForTeacherOunce" time="72.25" classname="com.ness.tests.ManageUsersOunce"/>
  <testcase name="verifyProxyButtonActivenessOunce" time="73.742" classname="com.ness.tests.ManageUsersOunce"/>
  <testcase name="verifySiteIsRetainedOnTeacherSideOunce" time="80.149" classname="com.ness.tests.ManageUsersOunce"/>
  <testcase name="verifyEditUserRoleOunce" time="93.58" classname="com.ness.tests.ManageUsersOunce"/>
  <testcase name="verifyRemoveUserFromSystemOunce" time="89.097" classname="com.ness.tests.ManageUsersOunce"/>
  <testcase name="verifyAddProgLocation" time="72.953" classname="com.ness.tests.ManageLocations"/>
  <testcase name="verifyDistributeAllocations" time="67.457" classname="com.ness.tests.ManageLocations"/>
  <testcase name="verifyClearAllocations" time="66.731" classname="com.ness.tests.ManageLocations"/>
  <testcase name="verifyAddSiteLocation" time="88.356" classname="com.ness.tests.ManageLocations"/>
  <testcase name="verifyMoveLocation" time="63.685" classname="com.ness.tests.ManageLocations">
    <failure type="org.openqa.selenium.TimeoutException" message="Expected condition failed: waiting for all conditions to be valid: element to be clickable: Proxy element for: DefaultElementLocator &amp;apos;By.id: appTitle&amp;apos; &amp;amp;&amp;amp; element to be clickable: Proxy element for: DefaultElementLocator &amp;apos;By.xpath: //div[@class=&amp;apos;span4 homeItem observations&amp;apos;]/div[2]/div/a&amp;apos; &amp;amp;&amp;amp; element to be clickable: Proxy element for: DefaultElementLocator &amp;apos;By.id: newAlert&amp;apos; &amp;amp;&amp;amp; element to be clickable: Proxy element for: DefaultElementLocator &amp;apos;By.xpath: //div[@class=&amp;apos;dropdown&amp;apos;]/a[@class=&amp;apos;nav-btn&amp;apos; and contains(text(), &amp;apos;Status Reports&amp;apos;)]&amp;apos; &amp;amp;&amp;amp; element to be clickable: Proxy element for: DefaultElementLocator &amp;apos;By.xpath: //div[@class=&amp;apos;span4 homeItem observations&amp;apos;]/div[2]/a&amp;apos; &amp;amp;&amp;amp; element to be clickable: Proxy element for: DefaultElementLocator &amp;apos;By.id: manageAlerts&amp;apos; &amp;amp;&amp;amp; element to be clickable: Proxy element for: DefaultElementLocator &amp;apos;By.xpath: //div[@class=&amp;apos;span4 homeItem reports&amp;apos;]/div[2]/a&amp;apos; (tried for 30 second(s) with 500 MILLISECONDS interval)">
      <![CDATA[org.openqa.selenium.TimeoutException: Expected condition failed: waiting for all conditions to be valid: element to be clickable: Proxy element for: DefaultElementLocator 'By.id: appTitle' && element to be clickable: Proxy element for: DefaultElementLocator 'By.xpath: //div[@class='span4 homeItem observations']/div[2]/div/a' && element to be clickable: Proxy element for: DefaultElementLocator 'By.id: newAlert' && element to be clickable: Proxy element for: DefaultElementLocator 'By.xpath: //div[@class='dropdown']/a[@class='nav-btn' and contains(text(), 'Status Reports')]' && element to be clickable: Proxy element for: DefaultElementLocator 'By.xpath: //div[@class='span4 homeItem observations']/div[2]/a' && element to be clickable: Proxy element for: DefaultElementLocator 'By.id: manageAlerts' && element to be clickable: Proxy element for: DefaultElementLocator 'By.xpath: //div[@class='span4 homeItem reports']/div[2]/a' (tried for 30 second(s) with 500 MILLISECONDS interval)
	at org.openqa.selenium.support.ui.WebDriverWait.timeoutException(WebDriverWait.java:80)
	at org.openqa.selenium.support.ui.FluentWait.until(FluentWait.java:232)
	at com.ness.pages.AdminHomePage.waitForHomePageToLoad(AdminHomePage.java:57)
	at com.ness.pages.AdminHomePage.clickManageLocations(AdminHomePage.java:105)
	at com.ness.tests.ManageLocations.verifyMoveLocation(ManageLocations.java:150)
Caused by: org.openqa.selenium.NoSuchElementException: no such element: Unable to locate element: {"method":"id","selector":"appTitle"}
  (Session info: chrome=68.0.3440.84)
  (Driver info: chromedriver=2.41.578737 (49da6702b16031c40d63e5618de03a32ff6c197e),platform=Windows NT 6.1.7601 SP1 x86_64) (WARNING: The server did not provide any stacktrace information)
Command duration or timeout: 17 milliseconds
For documentation on this error, please visit: http://seleniumhq.org/exceptions/no_such_element.html
Build info: version: '3.4.0', revision: 'unknown', time: 'unknown'
System info: host: 'ININTDT115341', ip: '172.21.74.91', os.name: 'Windows 7', os.arch: 'amd64', os.version: '6.1', java.version: '1.8.0_181'
Driver info: org.openqa.selenium.chrome.ChromeDriver
Capabilities [{mobileEmulationEnabled=false, hasTouchScreen=false, platform=XP, acceptSslCerts=true, goog:chromeOptions={debuggerAddress=localhost:57784}, acceptInsecureCerts=true, webStorageEnabled=true, browserName=chrome, takesScreenshot=true, javascriptEnabled=true, setWindowRect=true, unexpectedAlertBehaviour=, applicationCacheEnabled=false, rotatable=false, networkConnectionEnabled=false, chrome={chromedriverVersion=2.41.578737 (49da6702b16031c40d63e5618de03a32ff6c197e), userDataDir=C:\Users\P71110~1.PID\AppData\Local\Temp\scoped_dir3720_30931}, takesHeapSnapshot=true, pageLoadStrategy=normal, databaseEnabled=false, handlesAlerts=true, version=68.0.3440.84, browserConnectionEnabled=false, nativeEvents=true, locationContextEnabled=true, cssSelectorsEnabled=true}]
Session ID: 204d3c47fd233b758dd75492a082a253
*** Element info: {Using=id, value=appTitle}
	at org.openqa.selenium.remote.ErrorHandler.createThrowable(ErrorHandler.java:215)
	at org.openqa.selenium.remote.ErrorHandler.throwIfResponseFailed(ErrorHandler.java:167)
	at org.openqa.selenium.remote.RemoteWebDriver.execute(RemoteWebDriver.java:671)
	at org.openqa.selenium.remote.RemoteWebDriver.findElement(RemoteWebDriver.java:410)
	at org.openqa.selenium.remote.RemoteWebDriver.findElementById(RemoteWebDriver.java:453)
	at org.openqa.selenium.By$ById.findElement(By.java:218)
	at org.openqa.selenium.remote.RemoteWebDriver.findElement(RemoteWebDriver.java:402)
	at org.openqa.selenium.support.pagefactory.DefaultElementLocator.findElement(DefaultElementLocator.java:69)
	at org.openqa.selenium.support.pagefactory.internal.LocatingElementHandler.invoke(LocatingElementHandler.java:38)
	at com.sun.proxy.$Proxy6.isDisplayed(Unknown Source)
	at org.openqa.selenium.support.ui.ExpectedConditions.elementIfVisible(ExpectedConditions.java:302)
	at org.openqa.selenium.support.ui.ExpectedConditions.access$100(ExpectedConditions.java:44)
	at org.openqa.selenium.support.ui.ExpectedConditions$10.apply(ExpectedConditions.java:288)
	at org.openqa.selenium.support.ui.ExpectedConditions$10.apply(ExpectedConditions.java:285)
	at org.openqa.selenium.support.ui.ExpectedConditions$23.apply(ExpectedConditions.java:673)
	at org.openqa.selenium.support.ui.ExpectedConditions$23.apply(ExpectedConditions.java:669)
	at org.openqa.selenium.support.ui.ExpectedConditions$48.apply(ExpectedConditions.java:1446)
	at org.openqa.selenium.support.ui.ExpectedConditions$48.apply(ExpectedConditions.java:1442)
	at org.openqa.selenium.support.ui.FluentWait.until(FluentWait.java:209)
	... 28 more
... Removed 28 stack frames]]>
    </failure>
  </testcase> <!-- verifyMoveLocation -->
  <testcase name="verifyDeleteLocation" time="0.0" classname="com.ness.tests.ManageLocations">
    <skipped/>
  </testcase> <!-- verifyDeleteLocation -->
  <testcase name="verifyMoveButtonDisabled" time="0.0" classname="com.ness.tests.ManageLocations">
    <skipped/>
  </testcase> <!-- verifyMoveButtonDisabled -->
  <testcase name="verifySaveWithoutData" time="72.307" classname="com.ness.tests.ManageLocations"/>
  <testcase name="verifyAddProgLocationOunce" time="71.364" classname="com.ness.tests.ManageLocationsOunce"/>
  <testcase name="verifyDistributeAllocationsOunce" time="63.958" classname="com.ness.tests.ManageLocationsOunce"/>
  <testcase name="verifyClearAllocationsOunce" time="61.203" classname="com.ness.tests.ManageLocationsOunce"/>
  <testcase name="verifyAddSiteLocationOunce" time="82.053" classname="com.ness.tests.ManageLocationsOunce"/>
  <testcase name="verifyMoveLocationOunce" time="68.063" classname="com.ness.tests.ManageLocationsOunce">
    <failure type="org.openqa.selenium.WebDriverException" message="unknown error: Element &amp;lt;button class=&amp;quot;btn btn-primary&amp;quot; id=&amp;quot;transferBtnId&amp;quot;&amp;gt;...&amp;lt;/button&amp;gt; is not clickable at point (590, 256). Other element would receive the click: &amp;lt;div class=&amp;quot;blockUI blockOverlay&amp;quot; style=&amp;quot;z-index: 10000; border: none; margin: 0px; padding: 0px; width: 100%; height: 100%; top: 0px; left: 0px; background-color: rgb(0, 0, 0); opacity: 0.0036935; cursor: default; position: fixed;&amp;quot;&amp;gt;&amp;lt;/div&amp;gt;
  (Session info: chrome=68.0.3440.84)
  (Driver info: chromedriver=2.41.578737 (49da6702b16031c40d63e5618de03a32ff6c197e),platform=Windows NT 6.1.7601 SP1 x86_64) (WARNING: The server did not provide any stacktrace information)
Command duration or timeout: 53 milliseconds
Build info: version: &amp;apos;3.4.0&amp;apos;, revision: &amp;apos;unknown&amp;apos;, time: &amp;apos;unknown&amp;apos;
System info: host: &amp;apos;ININTDT115341&amp;apos;, ip: &amp;apos;172.21.74.91&amp;apos;, os.name: &amp;apos;Windows 7&amp;apos;, os.arch: &amp;apos;amd64&amp;apos;, os.version: &amp;apos;6.1&amp;apos;, java.version: &amp;apos;1.8.0_181&amp;apos;
Driver info: org.openqa.selenium.chrome.ChromeDriver
Capabilities [{mobileEmulationEnabled=false, hasTouchScreen=false, platform=XP, acceptSslCerts=true, goog:chromeOptions={debuggerAddress=localhost:58416}, acceptInsecureCerts=true, webStorageEnabled=true, browserName=chrome, takesScreenshot=true, javascriptEnabled=true, setWindowRect=true, unexpectedAlertBehaviour=, applicationCacheEnabled=false, rotatable=false, networkConnectionEnabled=false, chrome={chromedriverVersion=2.41.578737 (49da6702b16031c40d63e5618de03a32ff6c197e), userDataDir=C:\Users\P71110~1.PID\AppData\Local\Temp\scoped_dir2776_2776}, takesHeapSnapshot=true, pageLoadStrategy=normal, databaseEnabled=false, handlesAlerts=true, version=68.0.3440.84, browserConnectionEnabled=false, nativeEvents=true, locationContextEnabled=true, cssSelectorsEnabled=true}]
Session ID: acdd9f16c5117e8d17a63e45c580be73">
      <![CDATA[org.openqa.selenium.WebDriverException: unknown error: Element <button class="btn btn-primary" id="transferBtnId">...</button> is not clickable at point (590, 256). Other element would receive the click: <div class="blockUI blockOverlay" style="z-index: 10000; border: none; margin: 0px; padding: 0px; width: 100%; height: 100%; top: 0px; left: 0px; background-color: rgb(0, 0, 0); opacity: 0.0036935; cursor: default; position: fixed;"></div>
  (Session info: chrome=68.0.3440.84)
  (Driver info: chromedriver=2.41.578737 (49da6702b16031c40d63e5618de03a32ff6c197e),platform=Windows NT 6.1.7601 SP1 x86_64) (WARNING: The server did not provide any stacktrace information)
Command duration or timeout: 53 milliseconds
Build info: version: '3.4.0', revision: 'unknown', time: 'unknown'
System info: host: 'ININTDT115341', ip: '172.21.74.91', os.name: 'Windows 7', os.arch: 'amd64', os.version: '6.1', java.version: '1.8.0_181'
Driver info: org.openqa.selenium.chrome.ChromeDriver
Capabilities [{mobileEmulationEnabled=false, hasTouchScreen=false, platform=XP, acceptSslCerts=true, goog:chromeOptions={debuggerAddress=localhost:58416}, acceptInsecureCerts=true, webStorageEnabled=true, browserName=chrome, takesScreenshot=true, javascriptEnabled=true, setWindowRect=true, unexpectedAlertBehaviour=, applicationCacheEnabled=false, rotatable=false, networkConnectionEnabled=false, chrome={chromedriverVersion=2.41.578737 (49da6702b16031c40d63e5618de03a32ff6c197e), userDataDir=C:\Users\P71110~1.PID\AppData\Local\Temp\scoped_dir2776_2776}, takesHeapSnapshot=true, pageLoadStrategy=normal, databaseEnabled=false, handlesAlerts=true, version=68.0.3440.84, browserConnectionEnabled=false, nativeEvents=true, locationContextEnabled=true, cssSelectorsEnabled=true}]
Session ID: acdd9f16c5117e8d17a63e45c580be73
	at org.openqa.selenium.remote.ErrorHandler.createThrowable(ErrorHandler.java:215)
	at org.openqa.selenium.remote.ErrorHandler.throwIfResponseFailed(ErrorHandler.java:167)
	at org.openqa.selenium.remote.RemoteWebDriver.execute(RemoteWebDriver.java:671)
	at org.openqa.selenium.remote.RemoteWebElement.execute(RemoteWebElement.java:272)
	at org.openqa.selenium.remote.RemoteWebElement.click(RemoteWebElement.java:82)
	at org.openqa.selenium.support.pagefactory.internal.LocatingElementHandler.invoke(LocatingElementHandler.java:51)
	at com.sun.proxy.$Proxy6.click(Unknown Source)
	at com.ness.pages.ManageLocations_Page.moveLocation(ManageLocations_Page.java:234)
	at com.ness.tests.ManageLocationsOunce.verifyMoveLocationOunce(ManageLocationsOunce.java:153)
... Removed 32 stack frames]]>
    </failure>
  </testcase> <!-- verifyMoveLocationOunce -->
  <testcase name="verifyDeleteLocationOunce" time="0.0" classname="com.ness.tests.ManageLocationsOunce">
    <skipped/>
  </testcase> <!-- verifyDeleteLocationOunce -->
  <testcase name="verifyMoveButtonDisabledOunce" time="0.0" classname="com.ness.tests.ManageLocationsOunce">
    <skipped/>
  </testcase> <!-- verifyMoveButtonDisabledOunce -->
  <testcase name="verifySaveWithoutDataOunce" time="54.997" classname="com.ness.tests.ManageLocationsOunce">
    <failure type="org.openqa.selenium.WebDriverException" message="unknown error: Element &amp;lt;button class=&amp;quot;btn btn-primary&amp;quot;&amp;gt;...&amp;lt;/button&amp;gt; is not clickable at point (589, 439). Other element would receive the click: &amp;lt;h3&amp;gt;...&amp;lt;/h3&amp;gt;
  (Session info: chrome=68.0.3440.84)
  (Driver info: chromedriver=2.41.578737 (49da6702b16031c40d63e5618de03a32ff6c197e),platform=Windows NT 6.1.7601 SP1 x86_64) (WARNING: The server did not provide any stacktrace information)
Command duration or timeout: 58 milliseconds
Build info: version: &amp;apos;3.4.0&amp;apos;, revision: &amp;apos;unknown&amp;apos;, time: &amp;apos;unknown&amp;apos;
System info: host: &amp;apos;ININTDT115341&amp;apos;, ip: &amp;apos;172.21.74.91&amp;apos;, os.name: &amp;apos;Windows 7&amp;apos;, os.arch: &amp;apos;amd64&amp;apos;, os.version: &amp;apos;6.1&amp;apos;, java.version: &amp;apos;1.8.0_181&amp;apos;
Driver info: org.openqa.selenium.chrome.ChromeDriver
Capabilities [{mobileEmulationEnabled=false, hasTouchScreen=false, platform=XP, acceptSslCerts=true, goog:chromeOptions={debuggerAddress=localhost:58533}, acceptInsecureCerts=true, webStorageEnabled=true, browserName=chrome, takesScreenshot=true, javascriptEnabled=true, setWindowRect=true, unexpectedAlertBehaviour=, applicationCacheEnabled=false, rotatable=false, networkConnectionEnabled=false, chrome={chromedriverVersion=2.41.578737 (49da6702b16031c40d63e5618de03a32ff6c197e), userDataDir=C:\Users\P71110~1.PID\AppData\Local\Temp\scoped_dir9416_28824}, takesHeapSnapshot=true, pageLoadStrategy=normal, databaseEnabled=false, handlesAlerts=true, version=68.0.3440.84, browserConnectionEnabled=false, nativeEvents=true, locationContextEnabled=true, cssSelectorsEnabled=true}]
Session ID: da1fb73512b9f1e5032d0bdcc98ccf92">
      <![CDATA[org.openqa.selenium.WebDriverException: unknown error: Element <button class="btn btn-primary">...</button> is not clickable at point (589, 439). Other element would receive the click: <h3>...</h3>
  (Session info: chrome=68.0.3440.84)
  (Driver info: chromedriver=2.41.578737 (49da6702b16031c40d63e5618de03a32ff6c197e),platform=Windows NT 6.1.7601 SP1 x86_64) (WARNING: The server did not provide any stacktrace information)
Command duration or timeout: 58 milliseconds
Build info: version: '3.4.0', revision: 'unknown', time: 'unknown'
System info: host: 'ININTDT115341', ip: '172.21.74.91', os.name: 'Windows 7', os.arch: 'amd64', os.version: '6.1', java.version: '1.8.0_181'
Driver info: org.openqa.selenium.chrome.ChromeDriver
Capabilities [{mobileEmulationEnabled=false, hasTouchScreen=false, platform=XP, acceptSslCerts=true, goog:chromeOptions={debuggerAddress=localhost:58533}, acceptInsecureCerts=true, webStorageEnabled=true, browserName=chrome, takesScreenshot=true, javascriptEnabled=true, setWindowRect=true, unexpectedAlertBehaviour=, applicationCacheEnabled=false, rotatable=false, networkConnectionEnabled=false, chrome={chromedriverVersion=2.41.578737 (49da6702b16031c40d63e5618de03a32ff6c197e), userDataDir=C:\Users\P71110~1.PID\AppData\Local\Temp\scoped_dir9416_28824}, takesHeapSnapshot=true, pageLoadStrategy=normal, databaseEnabled=false, handlesAlerts=true, version=68.0.3440.84, browserConnectionEnabled=false, nativeEvents=true, locationContextEnabled=true, cssSelectorsEnabled=true}]
Session ID: da1fb73512b9f1e5032d0bdcc98ccf92
	at org.openqa.selenium.remote.ErrorHandler.createThrowable(ErrorHandler.java:215)
	at org.openqa.selenium.remote.ErrorHandler.throwIfResponseFailed(ErrorHandler.java:167)
	at org.openqa.selenium.remote.RemoteWebDriver.execute(RemoteWebDriver.java:671)
	at org.openqa.selenium.remote.RemoteWebElement.execute(RemoteWebElement.java:272)
	at org.openqa.selenium.remote.RemoteWebElement.click(RemoteWebElement.java:82)
	at org.openqa.selenium.support.pagefactory.internal.LocatingElementHandler.invoke(LocatingElementHandler.java:51)
	at com.sun.proxy.$Proxy6.click(Unknown Source)
	at com.ness.pages.ManageLocations_Page.clickSave(ManageLocations_Page.java:184)
	at com.ness.tests.ManageLocationsOunce.verifySaveWithoutDataOunce(ManageLocationsOunce.java:216)
... Removed 32 stack frames]]>
    </failure>
  </testcase> <!-- verifySaveWithoutDataOunce -->
</testsuite> <!-- Test -->
