<?xml version="1.0" encoding="UTF-8"?>
<testng-results skipped="17" failed="52" ignored="0" total="265" passed="196">
  <reporter-output>
  </reporter-output>
  <suite name="Suite" duration-ms="18478033" started-at="2018-08-03T11:08:39Z" finished-at="2018-08-03T16:16:37Z">
    <groups>
      <group name="Sanity">
        <method signature="DevelopmentalProfile.verifyAutoSaveCommentsOunce(java.util.Hashtable, org.testng.ITestContext)[pri:155, instance:com.ness.tests.DevelopmentalProfile@7674f035]" name="verifyAutoSaveCommentsOunce" class="com.ness.tests.DevelopmentalProfile"/>
        <method signature="DevelopmentalProfile.verifyChildDataIsDisplayed(java.util.Hashtable, org.testng.ITestContext)[pri:157, instance:com.ness.tests.DevelopmentalProfile@7674f035]" name="verifyChildDataIsDisplayed" class="com.ness.tests.DevelopmentalProfile"/>
        <method signature="DevelopmentalProfile.verifyClearDevProfile(java.util.Hashtable, org.testng.ITestContext)[pri:153, instance:com.ness.tests.DevelopmentalProfile@7674f035]" name="verifyClearDevProfile" class="com.ness.tests.DevelopmentalProfile"/>
        <method signature="DevelopmentalProfile.verifyCreateDevProfile(java.util.Hashtable, org.testng.ITestContext)[pri:152, instance:com.ness.tests.DevelopmentalProfile@7674f035]" name="verifyCreateDevProfile" class="com.ness.tests.DevelopmentalProfile"/>
        <method signature="DevelopmentalProfile.verifyDeleteDevProfile(java.util.Hashtable, org.testng.ITestContext)[pri:154, instance:com.ness.tests.DevelopmentalProfile@7674f035]" name="verifyDeleteDevProfile" class="com.ness.tests.DevelopmentalProfile"/>
        <method signature="DevelopmentalProfile.verifyEvidenceLinkedOunce(java.util.Hashtable, org.testng.ITestContext)[pri:159, instance:com.ness.tests.DevelopmentalProfile@7674f035]" name="verifyEvidenceLinkedOunce" class="com.ness.tests.DevelopmentalProfile"/>
        <method signature="DevelopmentalProfile.verifyEvidenceUnlinkedOunce(java.util.Hashtable, org.testng.ITestContext)[pri:160, instance:com.ness.tests.DevelopmentalProfile@7674f035]" name="verifyEvidenceUnlinkedOunce" class="com.ness.tests.DevelopmentalProfile"/>
        <method signature="DevelopmentalProfile.verifyGuidelinesOunce(java.util.Hashtable, org.testng.ITestContext)[pri:158, instance:com.ness.tests.DevelopmentalProfile@7674f035]" name="verifyGuidelinesOunce" class="com.ness.tests.DevelopmentalProfile"/>
        <method signature="DevelopmentalProfile.verifyNavigationViaManageDevProfile(java.util.Hashtable, org.testng.ITestContext)[pri:156, instance:com.ness.tests.DevelopmentalProfile@7674f035]" name="verifyNavigationViaManageDevProfile" class="com.ness.tests.DevelopmentalProfile"/>
        <method signature="GenerateReports.verifyChecklistReportDownload(java.util.Hashtable, org.testng.ITestContext)[pri:74, instance:com.ness.tests.GenerateReports@173ed316]" name="verifyChecklistReportDownload" class="com.ness.tests.GenerateReports"/>
        <method signature="GenerateReports.verifyClassChecklistReportDownload(java.util.Hashtable, org.testng.ITestContext)[pri:75, instance:com.ness.tests.GenerateReports@173ed316]" name="verifyClassChecklistReportDownload" class="com.ness.tests.GenerateReports"/>
        <method signature="GenerateReports.verifyClassOutcomesReportDownload(java.util.Hashtable, org.testng.ITestContext)[pri:76, instance:com.ness.tests.GenerateReports@173ed316]" name="verifyClassOutcomesReportDownload" class="com.ness.tests.GenerateReports"/>
        <method signature="GenerateReports.verifyClassProfileReportDownload(java.util.Hashtable, org.testng.ITestContext)[pri:77, instance:com.ness.tests.GenerateReports@173ed316]" name="verifyClassProfileReportDownload" class="com.ness.tests.GenerateReports"/>
        <method signature="GenerateReports.verifyClassRatingsReportDownload(java.util.Hashtable, org.testng.ITestContext)[pri:78, instance:com.ness.tests.GenerateReports@173ed316]" name="verifyClassRatingsReportDownload" class="com.ness.tests.GenerateReports"/>
        <method signature="GenerateReportsOunce.verifyAgeLevelExpiryDateReportDownload(java.util.Hashtable, org.testng.ITestContext)[pri:186, instance:com.ness.tests.GenerateReportsOunce@25ce9dc4]" name="verifyAgeLevelExpiryDateReportDownload" class="com.ness.tests.GenerateReportsOunce"/>
        <method signature="GenerateReportsOunce.verifyClassOutcomesOunceReportDownload(java.util.Hashtable, org.testng.ITestContext)[pri:184, instance:com.ness.tests.GenerateReportsOunce@25ce9dc4]" name="verifyClassOutcomesOunceReportDownload" class="com.ness.tests.GenerateReportsOunce"/>
        <method signature="GenerateReportsOunce.verifyClassProfileOunceReportDownload(java.util.Hashtable, org.testng.ITestContext)[pri:185, instance:com.ness.tests.GenerateReportsOunce@25ce9dc4]" name="verifyClassProfileOunceReportDownload" class="com.ness.tests.GenerateReportsOunce"/>
        <method signature="GenerateReportsOunce.verifyDevProfileReportDownload(java.util.Hashtable, org.testng.ITestContext)[pri:183, instance:com.ness.tests.GenerateReportsOunce@25ce9dc4]" name="verifyDevProfileReportDownload" class="com.ness.tests.GenerateReportsOunce"/>
        <method signature="ManageChildren.addChild(java.util.Hashtable, org.testng.ITestContext)[pri:121, instance:com.ness.tests.ManageChildren@15bb5034]" name="addChild" class="com.ness.tests.ManageChildren"/>
        <method signature="ManageChildren.addDuplicateChild(java.util.Hashtable, org.testng.ITestContext)[pri:122, instance:com.ness.tests.ManageChildren@15bb5034]" name="addDuplicateChild" class="com.ness.tests.ManageChildren"/>
        <method signature="ManageChildren.removeChildrenFromSystem(java.util.Hashtable, org.testng.ITestContext)[pri:191, instance:com.ness.tests.ManageChildren@15bb5034]" name="removeChildrenFromSystem" class="com.ness.tests.ManageChildren"/>
        <method signature="ManageChildren.verifyRemoveFromClassChild(java.util.Hashtable, org.testng.ITestContext)[pri:187, instance:com.ness.tests.ManageChildren@15bb5034]" name="verifyRemoveFromClassChild" class="com.ness.tests.ManageChildren"/>
        <method signature="ManageChildren.verifyAddExistingChild(java.util.Hashtable, org.testng.ITestContext)[pri:188, instance:com.ness.tests.ManageChildren@15bb5034]" name="verifyAddExistingChild" class="com.ness.tests.ManageChildren"/>
        <method signature="ManageChildren.verifyArchiveChild(java.util.Hashtable, org.testng.ITestContext)[pri:189, instance:com.ness.tests.ManageChildren@15bb5034]" name="verifyArchiveChild" class="com.ness.tests.ManageChildren"/>
        <method signature="ManageChildren.verifyDeleteChild(java.util.Hashtable, org.testng.ITestContext)[pri:190, instance:com.ness.tests.ManageChildren@15bb5034]" name="verifyDeleteChild" class="com.ness.tests.ManageChildren"/>
        <method signature="ManageStudents.addDuplicateStudent(java.util.Hashtable, org.testng.ITestContext)[pri:2, instance:com.ness.tests.ManageStudents@5b1669c0]" name="addDuplicateStudent" class="com.ness.tests.ManageStudents"/>
        <method signature="ManageStudents.addHsStudent(java.util.Hashtable, org.testng.ITestContext)[pri:83, instance:com.ness.tests.ManageStudents@5b1669c0]" name="addHsStudent" class="com.ness.tests.ManageStudents"/>
        <method signature="ManageStudents.addStudent(java.util.Hashtable, org.testng.ITestContext)[pri:1, instance:com.ness.tests.ManageStudents@5b1669c0]" name="addStudent" class="com.ness.tests.ManageStudents"/>
        <method signature="ManageStudents.removeStudentsFromSystem(java.util.Hashtable, org.testng.ITestContext)[pri:120, instance:com.ness.tests.ManageStudents@5b1669c0]" name="removeStudentsFromSystem" class="com.ness.tests.ManageStudents"/>
        <method signature="ManageStudents.verifyRemoveFromClassStudent(java.util.Hashtable, org.testng.ITestContext)[pri:79, instance:com.ness.tests.ManageStudents@5b1669c0]" name="verifyRemoveFromClassStudent" class="com.ness.tests.ManageStudents"/>
        <method signature="ManageStudents.verifyAddExistingStudent(java.util.Hashtable, org.testng.ITestContext)[pri:80, instance:com.ness.tests.ManageStudents@5b1669c0]" name="verifyAddExistingStudent" class="com.ness.tests.ManageStudents"/>
        <method signature="ManageStudents.verifyArchiveStudent(java.util.Hashtable, org.testng.ITestContext)[pri:81, instance:com.ness.tests.ManageStudents@5b1669c0]" name="verifyArchiveStudent" class="com.ness.tests.ManageStudents"/>
        <method signature="ManageStudents.verifyDeleteStudent(java.util.Hashtable, org.testng.ITestContext)[pri:82, instance:com.ness.tests.ManageStudents@5b1669c0]" name="verifyDeleteStudent" class="com.ness.tests.ManageStudents"/>
        <method signature="ManageSummaryReports.autoSaveComments(java.util.Hashtable, org.testng.ITestContext)[pri:51, instance:com.ness.tests.ManageSummaryReports@53fe15ff]" name="autoSaveComments" class="com.ness.tests.ManageSummaryReports"/>
        <method signature="ManageSummaryReports.createHsFamilySummaryReport(java.util.Hashtable, org.testng.ITestContext)[pri:108, instance:com.ness.tests.ManageSummaryReports@53fe15ff]" name="createHsFamilySummaryReport" class="com.ness.tests.ManageSummaryReports"/>
        <method signature="ManageSummaryReports.createHsSummaryReport(java.util.Hashtable, org.testng.ITestContext)[pri:86, instance:com.ness.tests.ManageSummaryReports@53fe15ff]" name="createHsSummaryReport" class="com.ness.tests.ManageSummaryReports"/>
        <method signature="ManageSummaryReports.deleteNarrativeSummary(java.util.Hashtable, org.testng.ITestContext)[pri:52, instance:com.ness.tests.ManageSummaryReports@53fe15ff]" name="deleteNarrativeSummary" class="com.ness.tests.ManageSummaryReports"/>
        <method signature="ManageSummaryReports.verifyAddChecklistComment(java.util.Hashtable, org.testng.ITestContext)[pri:50, instance:com.ness.tests.ManageSummaryReports@53fe15ff]" name="verifyAddChecklistComment" class="com.ness.tests.ManageSummaryReports"/>
        <method signature="ManageSummaryReports.verifySaveTemplate(java.util.Hashtable, org.testng.ITestContext)[pri:53, instance:com.ness.tests.ManageSummaryReports@53fe15ff]" name="verifySaveTemplate" class="com.ness.tests.ManageSummaryReports"/>
        <method signature="ManageSummaryReports.verifyUseTemplate(java.util.Hashtable, org.testng.ITestContext)[pri:54, instance:com.ness.tests.ManageSummaryReports@53fe15ff]" name="verifyUseTemplate" class="com.ness.tests.ManageSummaryReports"/>
        <method signature="ManageSummaryReportsOunce.autoSaveCommentsOunce(java.util.Hashtable, org.testng.ITestContext)[pri:163, instance:com.ness.tests.ManageSummaryReportsOunce@69e153c5]" name="autoSaveCommentsOunce" class="com.ness.tests.ManageSummaryReportsOunce"/>
        <method signature="ManageSummaryReportsOunce.createOunceSummaryReport(java.util.Hashtable, org.testng.ITestContext)[pri:161, instance:com.ness.tests.ManageSummaryReportsOunce@69e153c5]" name="createOunceSummaryReport" class="com.ness.tests.ManageSummaryReportsOunce"/>
        <method signature="ManageSummaryReportsOunce.deleteOunceSummary(java.util.Hashtable, org.testng.ITestContext)[pri:164, instance:com.ness.tests.ManageSummaryReportsOunce@69e153c5]" name="deleteOunceSummary" class="com.ness.tests.ManageSummaryReportsOunce"/>
        <method signature="ManageSummaryReportsOunce.verifyAddDevProfileComment(java.util.Hashtable, org.testng.ITestContext)[pri:162, instance:com.ness.tests.ManageSummaryReportsOunce@69e153c5]" name="verifyAddDevProfileComment" class="com.ness.tests.ManageSummaryReportsOunce"/>
        <method signature="ManageSummaryReportsOunce.verifyObservationRecord(java.util.Hashtable, org.testng.ITestContext)[pri:171, instance:com.ness.tests.ManageSummaryReportsOunce@69e153c5]" name="verifyObservationRecord" class="com.ness.tests.ManageSummaryReportsOunce"/>
        <method signature="ManageSummaryReportsOunce.verifySaveTemplateOunce(java.util.Hashtable, org.testng.ITestContext)[pri:165, instance:com.ness.tests.ManageSummaryReportsOunce@69e153c5]" name="verifySaveTemplateOunce" class="com.ness.tests.ManageSummaryReportsOunce"/>
        <method signature="ManageSummaryReportsOunce.verifyUseTemplateOunce(java.util.Hashtable, org.testng.ITestContext)[pri:166, instance:com.ness.tests.ManageSummaryReportsOunce@69e153c5]" name="verifyUseTemplateOunce" class="com.ness.tests.ManageSummaryReportsOunce"/>
        <method signature="ObservationOunce.createNewObservationOunce(java.util.Hashtable, org.testng.ITestContext)[pri:123, instance:com.ness.tests.ObservationOunce@2cf3d63b]" name="createNewObservationOunce" class="com.ness.tests.ObservationOunce"/>
        <method signature="ObservationOunce.deleteObservationOunce(java.util.Hashtable, org.testng.ITestContext)[pri:125, instance:com.ness.tests.ObservationOunce@2cf3d63b]" name="deleteObservationOunce" class="com.ness.tests.ObservationOunce"/>
        <method signature="ObservationOunce.deleteObservationPresentOunce(java.util.Hashtable, org.testng.ITestContext)[pri:127, instance:com.ness.tests.ObservationOunce@2cf3d63b]" name="deleteObservationPresentOunce" class="com.ness.tests.ObservationOunce"/>
        <method signature="ObservationOunce.downloadObservationPresentOunce(java.util.Hashtable, org.testng.ITestContext)[pri:126, instance:com.ness.tests.ObservationOunce@2cf3d63b]" name="downloadObservationPresentOunce" class="com.ness.tests.ObservationOunce"/>
        <method signature="ObservationOunce.editStudentInObservationOunce(java.util.Hashtable, org.testng.ITestContext)[pri:134, instance:com.ness.tests.ObservationOunce@2cf3d63b]" name="editStudentInObservationOunce" class="com.ness.tests.ObservationOunce"/>
        <method signature="ObservationOunce.saveWithoutTitleOunce(java.util.Hashtable, org.testng.ITestContext)[pri:128, instance:com.ness.tests.ObservationOunce@2cf3d63b]" name="saveWithoutTitleOunce" class="com.ness.tests.ObservationOunce"/>
        <method signature="ObservationOunce.verifyAutoSaveDescriptionOunce(java.util.Hashtable, org.testng.ITestContext)[pri:124, instance:com.ness.tests.ObservationOunce@2cf3d63b]" name="verifyAutoSaveDescriptionOunce" class="com.ness.tests.ObservationOunce"/>
        <method signature="ObservationOunce.verifyFilterIsRetainedAfterBackOunce(java.util.Hashtable, org.testng.ITestContext)[pri:131, instance:com.ness.tests.ObservationOunce@2cf3d63b]" name="verifyFilterIsRetainedAfterBackOunce" class="com.ness.tests.ObservationOunce"/>
        <method signature="ObservationOunce.verifyFilterIsRetainedAfterDeleteOunce(java.util.Hashtable, org.testng.ITestContext)[pri:133, instance:com.ness.tests.ObservationOunce@2cf3d63b]" name="verifyFilterIsRetainedAfterDeleteOunce" class="com.ness.tests.ObservationOunce"/>
        <method signature="ObservationOunce.verifyFilterIsRetainedAfterSaveOunce(java.util.Hashtable, org.testng.ITestContext)[pri:132, instance:com.ness.tests.ObservationOunce@2cf3d63b]" name="verifyFilterIsRetainedAfterSaveOunce" class="com.ness.tests.ObservationOunce"/>
        <method signature="ObservationOunce.verifySaveButtonDisabledOunce(java.util.Hashtable, org.testng.ITestContext)[pri:129, instance:com.ness.tests.ObservationOunce@2cf3d63b]" name="verifySaveButtonDisabledOunce" class="com.ness.tests.ObservationOunce"/>
        <method signature="ObservationOunce.verifyStudentFilterOunce(java.util.Hashtable, org.testng.ITestContext)[pri:130, instance:com.ness.tests.ObservationOunce@2cf3d63b]" name="verifyStudentFilterOunce" class="com.ness.tests.ObservationOunce"/>
        <method signature="Checklists.createChecklistForHsStudent(java.util.Hashtable, org.testng.ITestContext)[pri:85, instance:com.ness.tests.Checklists@2e8c1c9b]" name="createChecklistForHsStudent" class="com.ness.tests.Checklists"/>
        <method signature="Checklists.verifyAutoSaveComments(java.util.Hashtable, org.testng.ITestContext)[pri:42, instance:com.ness.tests.Checklists@2e8c1c9b]" name="verifyAutoSaveComments" class="com.ness.tests.Checklists"/>
        <method signature="Checklists.verifyClearChecklist(java.util.Hashtable, org.testng.ITestContext)[pri:40, instance:com.ness.tests.Checklists@2e8c1c9b]" name="verifyClearChecklist" class="com.ness.tests.Checklists"/>
        <method signature="Checklists.verifyCreateChecklist(java.util.Hashtable, org.testng.ITestContext)[pri:39, instance:com.ness.tests.Checklists@2e8c1c9b]" name="verifyCreateChecklist" class="com.ness.tests.Checklists"/>
        <method signature="Checklists.verifyDeleteChecklist(java.util.Hashtable, org.testng.ITestContext)[pri:41, instance:com.ness.tests.Checklists@2e8c1c9b]" name="verifyDeleteChecklist" class="com.ness.tests.Checklists"/>
        <method signature="Checklists.verifyEvidenceLinked(java.util.Hashtable, org.testng.ITestContext)[pri:47, instance:com.ness.tests.Checklists@2e8c1c9b]" name="verifyEvidenceLinked" class="com.ness.tests.Checklists"/>
        <method signature="Checklists.verifyEvidenceUnlinked(java.util.Hashtable, org.testng.ITestContext)[pri:48, instance:com.ness.tests.Checklists@2e8c1c9b]" name="verifyEvidenceUnlinked" class="com.ness.tests.Checklists"/>
        <method signature="Checklists.verifyGuidelines(java.util.Hashtable, org.testng.ITestContext)[pri:46, instance:com.ness.tests.Checklists@2e8c1c9b]" name="verifyGuidelines" class="com.ness.tests.Checklists"/>
        <method signature="Checklists.verifyNavigationViaManageChecklist(java.util.Hashtable, org.testng.ITestContext)[pri:43, instance:com.ness.tests.Checklists@2e8c1c9b]" name="verifyNavigationViaManageChecklist" class="com.ness.tests.Checklists"/>
        <method signature="Checklists.verifyNextPreviousLinks(java.util.Hashtable, org.testng.ITestContext)[pri:45, instance:com.ness.tests.Checklists@2e8c1c9b]" name="verifyNextPreviousLinks" class="com.ness.tests.Checklists"/>
        <method signature="Checklists.verifyStudentDataIsDisplayed(java.util.Hashtable, org.testng.ITestContext)[pri:44, instance:com.ness.tests.Checklists@2e8c1c9b]" name="verifyStudentDataIsDisplayed" class="com.ness.tests.Checklists"/>
        <method signature="ManageSummaryReports.createNarrativeSummaryReport(java.util.Hashtable, org.testng.ITestContext)[pri:49, instance:com.ness.tests.ManageSummaryReports@53fe15ff]" name="createNarrativeSummaryReport" class="com.ness.tests.ManageSummaryReports"/>
        <method signature="Observation.createNewObservation(java.util.Hashtable, org.testng.ITestContext)[pri:3, instance:com.ness.tests.Observation@6892b3b6]" name="createNewObservation" class="com.ness.tests.Observation"/>
        <method signature="Observation.createObservationForHsStudent(java.util.Hashtable, org.testng.ITestContext)[pri:84, instance:com.ness.tests.Observation@6892b3b6]" name="createObservationForHsStudent" class="com.ness.tests.Observation"/>
        <method signature="Observation.deleteObservation(java.util.Hashtable, org.testng.ITestContext)[pri:5, instance:com.ness.tests.Observation@6892b3b6]" name="deleteObservation" class="com.ness.tests.Observation"/>
        <method signature="Observation.deleteObservationPresent(java.util.Hashtable, org.testng.ITestContext)[pri:7, instance:com.ness.tests.Observation@6892b3b6]" name="deleteObservationPresent" class="com.ness.tests.Observation"/>
        <method signature="Observation.downloadObservationPresent(java.util.Hashtable, org.testng.ITestContext)[pri:6, instance:com.ness.tests.Observation@6892b3b6]" name="downloadObservationPresent" class="com.ness.tests.Observation"/>
        <method signature="Observation.editStudentInObservation(java.util.Hashtable, org.testng.ITestContext)[pri:15, instance:com.ness.tests.Observation@6892b3b6]" name="editStudentInObservation" class="com.ness.tests.Observation"/>
        <method signature="Observation.saveWithoutTitle(java.util.Hashtable, org.testng.ITestContext)[pri:8, instance:com.ness.tests.Observation@6892b3b6]" name="saveWithoutTitle" class="com.ness.tests.Observation"/>
        <method signature="Observation.verifyAutoSaveDescription(java.util.Hashtable, org.testng.ITestContext)[pri:4, instance:com.ness.tests.Observation@6892b3b6]" name="verifyAutoSaveDescription" class="com.ness.tests.Observation"/>
        <method signature="Observation.verifyFilterIsRetainedAfterBack(java.util.Hashtable, org.testng.ITestContext)[pri:12, instance:com.ness.tests.Observation@6892b3b6]" name="verifyFilterIsRetainedAfterBack" class="com.ness.tests.Observation"/>
        <method signature="Observation.verifyFilterIsRetainedAfterDelete(java.util.Hashtable, org.testng.ITestContext)[pri:14, instance:com.ness.tests.Observation@6892b3b6]" name="verifyFilterIsRetainedAfterDelete" class="com.ness.tests.Observation"/>
        <method signature="Observation.verifyFilterIsRetainedAfterSave(java.util.Hashtable, org.testng.ITestContext)[pri:13, instance:com.ness.tests.Observation@6892b3b6]" name="verifyFilterIsRetainedAfterSave" class="com.ness.tests.Observation"/>
        <method signature="Observation.verifyPeriodFilter(java.util.Hashtable, org.testng.ITestContext)[pri:11, instance:com.ness.tests.Observation@6892b3b6]" name="verifyPeriodFilter" class="com.ness.tests.Observation"/>
        <method signature="Observation.verifySaveButtonDisabled(java.util.Hashtable, org.testng.ITestContext)[pri:9, instance:com.ness.tests.Observation@6892b3b6]" name="verifySaveButtonDisabled" class="com.ness.tests.Observation"/>
        <method signature="Observation.verifyStudentFilter(java.util.Hashtable, org.testng.ITestContext)[pri:10, instance:com.ness.tests.Observation@6892b3b6]" name="verifyStudentFilter" class="com.ness.tests.Observation"/>
      </group> <!-- Sanity -->
      <group name="Regression">
        <method signature="Dashboard.verifyDashboardStatus(java.util.Hashtable, org.testng.ITestContext)[pri:220, instance:com.ness.tests.Dashboard@74ea2410]" name="verifyDashboardStatus" class="com.ness.tests.Dashboard"/>
        <method signature="DashboardOunce.verifyDashboardStatusOunce(java.util.Hashtable, org.testng.ITestContext)[pri:221, instance:com.ness.tests.DashboardOunce@17f62e33]" name="verifyDashboardStatusOunce" class="com.ness.tests.DashboardOunce"/>
        <method signature="GenerateReports.verifyChecklistReportDownload(java.util.Hashtable, org.testng.ITestContext)[pri:74, instance:com.ness.tests.GenerateReports@173ed316]" name="verifyChecklistReportDownload" class="com.ness.tests.GenerateReports"/>
        <method signature="GenerateReports.verifyClassChecklistReportDownload(java.util.Hashtable, org.testng.ITestContext)[pri:75, instance:com.ness.tests.GenerateReports@173ed316]" name="verifyClassChecklistReportDownload" class="com.ness.tests.GenerateReports"/>
        <method signature="GenerateReports.verifyClassOutcomesReportDownload(java.util.Hashtable, org.testng.ITestContext)[pri:76, instance:com.ness.tests.GenerateReports@173ed316]" name="verifyClassOutcomesReportDownload" class="com.ness.tests.GenerateReports"/>
        <method signature="GenerateReports.verifyClassProfileReportDownload(java.util.Hashtable, org.testng.ITestContext)[pri:77, instance:com.ness.tests.GenerateReports@173ed316]" name="verifyClassProfileReportDownload" class="com.ness.tests.GenerateReports"/>
        <method signature="GenerateReports.verifyClassRatingsReportDownload(java.util.Hashtable, org.testng.ITestContext)[pri:78, instance:com.ness.tests.GenerateReports@173ed316]" name="verifyClassRatingsReportDownload" class="com.ness.tests.GenerateReports"/>
        <method signature="GenerateReportsOunce.verifyAgeLevelExpiryDateReportDownload(java.util.Hashtable, org.testng.ITestContext)[pri:186, instance:com.ness.tests.GenerateReportsOunce@25ce9dc4]" name="verifyAgeLevelExpiryDateReportDownload" class="com.ness.tests.GenerateReportsOunce"/>
        <method signature="GenerateReportsOunce.verifyClassOutcomesOunceReportDownload(java.util.Hashtable, org.testng.ITestContext)[pri:184, instance:com.ness.tests.GenerateReportsOunce@25ce9dc4]" name="verifyClassOutcomesOunceReportDownload" class="com.ness.tests.GenerateReportsOunce"/>
        <method signature="GenerateReportsOunce.verifyClassProfileOunceReportDownload(java.util.Hashtable, org.testng.ITestContext)[pri:185, instance:com.ness.tests.GenerateReportsOunce@25ce9dc4]" name="verifyClassProfileOunceReportDownload" class="com.ness.tests.GenerateReportsOunce"/>
        <method signature="GenerateReportsOunce.verifyDevProfileReportDownload(java.util.Hashtable, org.testng.ITestContext)[pri:183, instance:com.ness.tests.GenerateReportsOunce@25ce9dc4]" name="verifyDevProfileReportDownload" class="com.ness.tests.GenerateReportsOunce"/>
        <method signature="ManageChildren.addChildAdminSide(java.util.Hashtable, org.testng.ITestContext)[pri:206, instance:com.ness.tests.ManageChildren@15bb5034]" name="addChildAdminSide" class="com.ness.tests.ManageChildren"/>
        <method signature="ManageChildren.verifyArchiveChildAdminSide(java.util.Hashtable, org.testng.ITestContext)[pri:209, instance:com.ness.tests.ManageChildren@15bb5034]" name="verifyArchiveChildAdminSide" class="com.ness.tests.ManageChildren"/>
        <method signature="ManageChildren.verifyChildExport(java.util.Hashtable, org.testng.ITestContext)[pri:215, instance:com.ness.tests.ManageChildren@15bb5034]" name="verifyChildExport" class="com.ness.tests.ManageChildren"/>
        <method signature="ManageChildren.verifyChildPlusImportButtonOunce(java.util.Hashtable, org.testng.ITestContext)[pri:219, instance:com.ness.tests.ManageChildren@15bb5034]" name="verifyChildPlusImportButtonOunce" class="com.ness.tests.ManageChildren"/>
        <method signature="ManageChildren.verifyDeleteChildAdminSide(java.util.Hashtable, org.testng.ITestContext)[pri:211, instance:com.ness.tests.ManageChildren@15bb5034]" name="verifyDeleteChildAdminSide" class="com.ness.tests.ManageChildren"/>
        <method signature="ManageChildren.verifyHistoryOfChild(java.util.Hashtable, org.testng.ITestContext)[pri:214, instance:com.ness.tests.ManageChildren@15bb5034]" name="verifyHistoryOfChild" class="com.ness.tests.ManageChildren"/>
        <method signature="ManageChildren.verifyProxyAsTeacherOunce(java.util.Hashtable, org.testng.ITestContext)[pri:216, instance:com.ness.tests.ManageChildren@15bb5034]" name="verifyProxyAsTeacherOunce" class="com.ness.tests.ManageChildren"/>
        <method signature="ManageChildren.verifyRemoveFromClassAdminSideOunce(java.util.Hashtable, org.testng.ITestContext)[pri:208, instance:com.ness.tests.ManageChildren@15bb5034]" name="verifyRemoveFromClassAdminSideOunce" class="com.ness.tests.ManageChildren"/>
        <method signature="ManageChildren.verifySaveWithoutRequiredFieldsOunce(java.util.Hashtable, org.testng.ITestContext)[pri:217, instance:com.ness.tests.ManageChildren@15bb5034]" name="verifySaveWithoutRequiredFieldsOunce" class="com.ness.tests.ManageChildren"/>
        <method signature="ManageChildren.verifyTransferChild(java.util.Hashtable, org.testng.ITestContext)[pri:207, instance:com.ness.tests.ManageChildren@15bb5034]" name="verifyTransferChild" class="com.ness.tests.ManageChildren"/>
        <method signature="ManageChildren.verifyUnarchiveOunce(java.util.Hashtable, org.testng.ITestContext)[pri:210, instance:com.ness.tests.ManageChildren@15bb5034]" name="verifyUnarchiveOunce" class="com.ness.tests.ManageChildren"/>
        <method signature="ManageChildren.verifyUndeleteOunce(java.util.Hashtable, org.testng.ITestContext)[pri:212, instance:com.ness.tests.ManageChildren@15bb5034]" name="verifyUndeleteOunce" class="com.ness.tests.ManageChildren"/>
        <method signature="ManageChildren.verifyAddToClassAdminSideOunce(java.util.Hashtable, org.testng.ITestContext)[pri:213, instance:com.ness.tests.ManageChildren@15bb5034]" name="verifyAddToClassAdminSideOunce" class="com.ness.tests.ManageChildren"/>
        <method signature="ManageChildren.verifyEditChildAdminSide(java.util.Hashtable, org.testng.ITestContext)[pri:218, instance:com.ness.tests.ManageChildren@15bb5034]" name="verifyEditChildAdminSide" class="com.ness.tests.ManageChildren"/>
        <method signature="ManageLocations.verifyAddProgLocation(java.util.Hashtable, org.testng.ITestContext)[pri:250, instance:com.ness.tests.ManageLocations@7ef82753]" name="verifyAddProgLocation" class="com.ness.tests.ManageLocations"/>
        <method signature="ManageLocations.verifyAddSiteLocation(java.util.Hashtable, org.testng.ITestContext)[pri:253, instance:com.ness.tests.ManageLocations@7ef82753]" name="verifyAddSiteLocation" class="com.ness.tests.ManageLocations"/>
        <method signature="ManageLocations.verifyDistributeAllocations(java.util.Hashtable, org.testng.ITestContext)[pri:251, instance:com.ness.tests.ManageLocations@7ef82753]" name="verifyDistributeAllocations" class="com.ness.tests.ManageLocations"/>
        <method signature="ManageLocations.verifyClearAllocations(java.util.Hashtable, org.testng.ITestContext)[pri:252, instance:com.ness.tests.ManageLocations@7ef82753]" name="verifyClearAllocations" class="com.ness.tests.ManageLocations"/>
        <method signature="ManageLocations.verifyMoveLocation(java.util.Hashtable, org.testng.ITestContext)[pri:254, instance:com.ness.tests.ManageLocations@7ef82753]" name="verifyMoveLocation" class="com.ness.tests.ManageLocations"/>
        <method signature="ManageLocations.verifyDeleteLocation(java.util.Hashtable, org.testng.ITestContext)[pri:255, instance:com.ness.tests.ManageLocations@7ef82753]" name="verifyDeleteLocation" class="com.ness.tests.ManageLocations"/>
        <method signature="ManageLocations.verifyMoveButtonDisabled(java.util.Hashtable, org.testng.ITestContext)[pri:256, instance:com.ness.tests.ManageLocations@7ef82753]" name="verifyMoveButtonDisabled" class="com.ness.tests.ManageLocations"/>
        <method signature="ManageLocations.verifySaveWithoutData(java.util.Hashtable, org.testng.ITestContext)[pri:257, instance:com.ness.tests.ManageLocations@7ef82753]" name="verifySaveWithoutData" class="com.ness.tests.ManageLocations"/>
        <method signature="ManageLocationsOunce.verifyAddProgLocationOunce(java.util.Hashtable, org.testng.ITestContext)[pri:258, instance:com.ness.tests.ManageLocationsOunce@235ecd9f]" name="verifyAddProgLocationOunce" class="com.ness.tests.ManageLocationsOunce"/>
        <method signature="ManageLocationsOunce.verifyAddSiteLocationOunce(java.util.Hashtable, org.testng.ITestContext)[pri:261, instance:com.ness.tests.ManageLocationsOunce@235ecd9f]" name="verifyAddSiteLocationOunce" class="com.ness.tests.ManageLocationsOunce"/>
        <method signature="ManageLocationsOunce.verifyDistributeAllocationsOunce(java.util.Hashtable, org.testng.ITestContext)[pri:259, instance:com.ness.tests.ManageLocationsOunce@235ecd9f]" name="verifyDistributeAllocationsOunce" class="com.ness.tests.ManageLocationsOunce"/>
        <method signature="ManageLocationsOunce.verifyClearAllocationsOunce(java.util.Hashtable, org.testng.ITestContext)[pri:260, instance:com.ness.tests.ManageLocationsOunce@235ecd9f]" name="verifyClearAllocationsOunce" class="com.ness.tests.ManageLocationsOunce"/>
        <method signature="ManageLocationsOunce.verifyMoveLocationOunce(java.util.Hashtable, org.testng.ITestContext)[pri:262, instance:com.ness.tests.ManageLocationsOunce@235ecd9f]" name="verifyMoveLocationOunce" class="com.ness.tests.ManageLocationsOunce"/>
        <method signature="ManageLocationsOunce.verifyDeleteLocationOunce(java.util.Hashtable, org.testng.ITestContext)[pri:263, instance:com.ness.tests.ManageLocationsOunce@235ecd9f]" name="verifyDeleteLocationOunce" class="com.ness.tests.ManageLocationsOunce"/>
        <method signature="ManageLocationsOunce.verifyMoveButtonDisabledOunce(java.util.Hashtable, org.testng.ITestContext)[pri:264, instance:com.ness.tests.ManageLocationsOunce@235ecd9f]" name="verifyMoveButtonDisabledOunce" class="com.ness.tests.ManageLocationsOunce"/>
        <method signature="ManageLocationsOunce.verifySaveWithoutDataOunce(java.util.Hashtable, org.testng.ITestContext)[pri:265, instance:com.ness.tests.ManageLocationsOunce@235ecd9f]" name="verifySaveWithoutDataOunce" class="com.ness.tests.ManageLocationsOunce"/>
        <method signature="ManageStudents.addDuplicateStudent(java.util.Hashtable, org.testng.ITestContext)[pri:2, instance:com.ness.tests.ManageStudents@5b1669c0]" name="addDuplicateStudent" class="com.ness.tests.ManageStudents"/>
        <method signature="ManageStudents.addHsStudent(java.util.Hashtable, org.testng.ITestContext)[pri:83, instance:com.ness.tests.ManageStudents@5b1669c0]" name="addHsStudent" class="com.ness.tests.ManageStudents"/>
        <method signature="ManageStudents.addStudent(java.util.Hashtable, org.testng.ITestContext)[pri:1, instance:com.ness.tests.ManageStudents@5b1669c0]" name="addStudent" class="com.ness.tests.ManageStudents"/>
        <method signature="ManageStudents.addStudentAdminSide(java.util.Hashtable, org.testng.ITestContext)[pri:192, instance:com.ness.tests.ManageStudents@5b1669c0]" name="addStudentAdminSide" class="com.ness.tests.ManageStudents"/>
        <method signature="ManageStudents.removeStudentsFromSystem(java.util.Hashtable, org.testng.ITestContext)[pri:120, instance:com.ness.tests.ManageStudents@5b1669c0]" name="removeStudentsFromSystem" class="com.ness.tests.ManageStudents"/>
        <method signature="ManageStudents.verifyArchiveStudentAdminSide(java.util.Hashtable, org.testng.ITestContext)[pri:195, instance:com.ness.tests.ManageStudents@5b1669c0]" name="verifyArchiveStudentAdminSide" class="com.ness.tests.ManageStudents"/>
        <method signature="ManageStudents.verifyChildPlusImportButton(java.util.Hashtable, org.testng.ITestContext)[pri:205, instance:com.ness.tests.ManageStudents@5b1669c0]" name="verifyChildPlusImportButton" class="com.ness.tests.ManageStudents"/>
        <method signature="ManageStudents.verifyDeleteStudentAdminSide(java.util.Hashtable, org.testng.ITestContext)[pri:197, instance:com.ness.tests.ManageStudents@5b1669c0]" name="verifyDeleteStudentAdminSide" class="com.ness.tests.ManageStudents"/>
        <method signature="ManageStudents.verifyHistoryOfStudent(java.util.Hashtable, org.testng.ITestContext)[pri:200, instance:com.ness.tests.ManageStudents@5b1669c0]" name="verifyHistoryOfStudent" class="com.ness.tests.ManageStudents"/>
        <method signature="ManageStudents.verifyProxyAsTeacher(java.util.Hashtable, org.testng.ITestContext)[pri:202, instance:com.ness.tests.ManageStudents@5b1669c0]" name="verifyProxyAsTeacher" class="com.ness.tests.ManageStudents"/>
        <method signature="ManageStudents.verifyRemoveFromClassStudent(java.util.Hashtable, org.testng.ITestContext)[pri:79, instance:com.ness.tests.ManageStudents@5b1669c0]" name="verifyRemoveFromClassStudent" class="com.ness.tests.ManageStudents"/>
        <method signature="ManageStudents.verifyAddExistingStudent(java.util.Hashtable, org.testng.ITestContext)[pri:80, instance:com.ness.tests.ManageStudents@5b1669c0]" name="verifyAddExistingStudent" class="com.ness.tests.ManageStudents"/>
        <method signature="ManageStudents.verifyArchiveStudent(java.util.Hashtable, org.testng.ITestContext)[pri:81, instance:com.ness.tests.ManageStudents@5b1669c0]" name="verifyArchiveStudent" class="com.ness.tests.ManageStudents"/>
        <method signature="ManageStudents.verifyDeleteStudent(java.util.Hashtable, org.testng.ITestContext)[pri:82, instance:com.ness.tests.ManageStudents@5b1669c0]" name="verifyDeleteStudent" class="com.ness.tests.ManageStudents"/>
        <method signature="ManageStudents.verifySaveWithoutRequiredFields(java.util.Hashtable, org.testng.ITestContext)[pri:203, instance:com.ness.tests.ManageStudents@5b1669c0]" name="verifySaveWithoutRequiredFields" class="com.ness.tests.ManageStudents"/>
        <method signature="ManageStudents.verifyStudentExport(java.util.Hashtable, org.testng.ITestContext)[pri:201, instance:com.ness.tests.ManageStudents@5b1669c0]" name="verifyStudentExport" class="com.ness.tests.ManageStudents"/>
        <method signature="ManageStudents.verifyTransferStudent(java.util.Hashtable, org.testng.ITestContext)[pri:193, instance:com.ness.tests.ManageStudents@5b1669c0]" name="verifyTransferStudent" class="com.ness.tests.ManageStudents"/>
        <method signature="ManageStudents.verifyRemoveFromClassAdminSide(java.util.Hashtable, org.testng.ITestContext)[pri:194, instance:com.ness.tests.ManageStudents@5b1669c0]" name="verifyRemoveFromClassAdminSide" class="com.ness.tests.ManageStudents"/>
        <method signature="ManageStudents.verifyUnarchive(java.util.Hashtable, org.testng.ITestContext)[pri:196, instance:com.ness.tests.ManageStudents@5b1669c0]" name="verifyUnarchive" class="com.ness.tests.ManageStudents"/>
        <method signature="ManageStudents.verifyUndelete(java.util.Hashtable, org.testng.ITestContext)[pri:198, instance:com.ness.tests.ManageStudents@5b1669c0]" name="verifyUndelete" class="com.ness.tests.ManageStudents"/>
        <method signature="ManageStudents.verifyAddToClassAdminSide(java.util.Hashtable, org.testng.ITestContext)[pri:199, instance:com.ness.tests.ManageStudents@5b1669c0]" name="verifyAddToClassAdminSide" class="com.ness.tests.ManageStudents"/>
        <method signature="ManageStudents.verifyEditStudentAdminSide(java.util.Hashtable, org.testng.ITestContext)[pri:204, instance:com.ness.tests.ManageStudents@5b1669c0]" name="verifyEditStudentAdminSide" class="com.ness.tests.ManageStudents"/>
        <method signature="ManageSummaryReports.autoSaveCommentsHS(java.util.Hashtable, org.testng.ITestContext)[pri:88, instance:com.ness.tests.ManageSummaryReports@53fe15ff]" name="autoSaveCommentsHS" class="com.ness.tests.ManageSummaryReports"/>
        <method signature="ManageSummaryReports.deleteHeadStartSummary(java.util.Hashtable, org.testng.ITestContext)[pri:89, instance:com.ness.tests.ManageSummaryReports@53fe15ff]" name="deleteHeadStartSummary" class="com.ness.tests.ManageSummaryReports"/>
        <method signature="ManageSummaryReports.verifyAddChecklistCommentHS(java.util.Hashtable, org.testng.ITestContext)[pri:87, instance:com.ness.tests.ManageSummaryReports@53fe15ff]" name="verifyAddChecklistCommentHS" class="com.ness.tests.ManageSummaryReports"/>
        <method signature="ManageSummaryReports.verifyCommentsCounterForHS(java.util.Hashtable, org.testng.ITestContext)[pri:92, instance:com.ness.tests.ManageSummaryReports@53fe15ff]" name="verifyCommentsCounterForHS" class="com.ness.tests.ManageSummaryReports"/>
        <method signature="ManageSummaryReports.verifyCommentsCounterForNarrativeSummary(java.util.Hashtable, org.testng.ITestContext)[pri:55, instance:com.ness.tests.ManageSummaryReports@53fe15ff]" name="verifyCommentsCounterForNarrativeSummary" class="com.ness.tests.ManageSummaryReports"/>
        <method signature="ManageSummaryReports.verifyDownloadClassSummaryEnglishPdf(java.util.Hashtable, org.testng.ITestContext)[pri:66, instance:com.ness.tests.ManageSummaryReports@53fe15ff]" name="verifyDownloadClassSummaryEnglishPdf" class="com.ness.tests.ManageSummaryReports"/>
        <method signature="ManageSummaryReports.verifyDownloadHSFSEnglishPdf(java.util.Hashtable, org.testng.ITestContext)[pri:116, instance:com.ness.tests.ManageSummaryReports@53fe15ff]" name="verifyDownloadHSFSEnglishPdf" class="com.ness.tests.ManageSummaryReports"/>
        <method signature="ManageSummaryReports.verifyDownloadHSFSSpanishPdf(java.util.Hashtable, org.testng.ITestContext)[pri:117, instance:com.ness.tests.ManageSummaryReports@53fe15ff]" name="verifyDownloadHSFSSpanishPdf" class="com.ness.tests.ManageSummaryReports"/>
        <method signature="ManageSummaryReports.verifyDownloadHSSummaryEnglishPdf(java.util.Hashtable, org.testng.ITestContext)[pri:96, instance:com.ness.tests.ManageSummaryReports@53fe15ff]" name="verifyDownloadHSSummaryEnglishPdf" class="com.ness.tests.ManageSummaryReports"/>
        <method signature="ManageSummaryReports.verifyDownloadHSSummarySpanishPdf(java.util.Hashtable, org.testng.ITestContext)[pri:97, instance:com.ness.tests.ManageSummaryReports@53fe15ff]" name="verifyDownloadHSSummarySpanishPdf" class="com.ness.tests.ManageSummaryReports"/>
        <method signature="ManageSummaryReports.verifyDownloadNarrativeSummaryEnglishPdf(java.util.Hashtable, org.testng.ITestContext)[pri:59, instance:com.ness.tests.ManageSummaryReports@53fe15ff]" name="verifyDownloadNarrativeSummaryEnglishPdf" class="com.ness.tests.ManageSummaryReports"/>
        <method signature="ManageSummaryReports.verifyDownloadNarrativeSummarySpanishPdf(java.util.Hashtable, org.testng.ITestContext)[pri:60, instance:com.ness.tests.ManageSummaryReports@53fe15ff]" name="verifyDownloadNarrativeSummarySpanishPdf" class="com.ness.tests.ManageSummaryReports"/>
        <method signature="ManageSummaryReports.verifyDownloadStandardSummaryEnglishPdf(java.util.Hashtable, org.testng.ITestContext)[pri:64, instance:com.ness.tests.ManageSummaryReports@53fe15ff]" name="verifyDownloadStandardSummaryEnglishPdf" class="com.ness.tests.ManageSummaryReports"/>
        <method signature="ManageSummaryReports.verifyDownloadStandardSummarySpanishPdf(java.util.Hashtable, org.testng.ITestContext)[pri:65, instance:com.ness.tests.ManageSummaryReports@53fe15ff]" name="verifyDownloadStandardSummarySpanishPdf" class="com.ness.tests.ManageSummaryReports"/>
        <method signature="ManageSummaryReports.verifyHSFSWithBothLang(java.util.Hashtable, org.testng.ITestContext)[pri:115, instance:com.ness.tests.ManageSummaryReports@53fe15ff]" name="verifyHSFSWithBothLang" class="com.ness.tests.ManageSummaryReports"/>
        <method signature="ManageSummaryReports.verifyHSFSWithEnglishLang(java.util.Hashtable, org.testng.ITestContext)[pri:113, instance:com.ness.tests.ManageSummaryReports@53fe15ff]" name="verifyHSFSWithEnglishLang" class="com.ness.tests.ManageSummaryReports"/>
        <method signature="ManageSummaryReports.verifyHSFSWithSpanishLang(java.util.Hashtable, org.testng.ITestContext)[pri:114, instance:com.ness.tests.ManageSummaryReports@53fe15ff]" name="verifyHSFSWithSpanishLang" class="com.ness.tests.ManageSummaryReports"/>
        <method signature="ManageSummaryReports.verifyHSFSWithUncheckAnyDomain(java.util.Hashtable, org.testng.ITestContext)[pri:118, instance:com.ness.tests.ManageSummaryReports@53fe15ff]" name="verifyHSFSWithUncheckAnyDomain" class="com.ness.tests.ManageSummaryReports"/>
        <method signature="ManageSummaryReports.verifyHSSummaryWithBothLang(java.util.Hashtable, org.testng.ITestContext)[pri:95, instance:com.ness.tests.ManageSummaryReports@53fe15ff]" name="verifyHSSummaryWithBothLang" class="com.ness.tests.ManageSummaryReports"/>
        <method signature="ManageSummaryReports.verifyHSSummaryWithEnglishLang(java.util.Hashtable, org.testng.ITestContext)[pri:93, instance:com.ness.tests.ManageSummaryReports@53fe15ff]" name="verifyHSSummaryWithEnglishLang" class="com.ness.tests.ManageSummaryReports"/>
        <method signature="ManageSummaryReports.verifyHSSummaryWithSpanishLang(java.util.Hashtable, org.testng.ITestContext)[pri:94, instance:com.ness.tests.ManageSummaryReports@53fe15ff]" name="verifyHSSummaryWithSpanishLang" class="com.ness.tests.ManageSummaryReports"/>
        <method signature="ManageSummaryReports.verifyIncludeStandardSummaryAssessments(java.util.Hashtable, org.testng.ITestContext)[pri:63, instance:com.ness.tests.ManageSummaryReports@53fe15ff]" name="verifyIncludeStandardSummaryAssessments" class="com.ness.tests.ManageSummaryReports"/>
        <method signature="ManageSummaryReports.verifyIncludeStandardSummaryAssessmentsForHS(java.util.Hashtable, org.testng.ITestContext)[pri:100, instance:com.ness.tests.ManageSummaryReports@53fe15ff]" name="verifyIncludeStandardSummaryAssessmentsForHS" class="com.ness.tests.ManageSummaryReports"/>
        <method signature="ManageSummaryReports.verifyNarrativeSummaryWithBothLang(java.util.Hashtable, org.testng.ITestContext)[pri:58, instance:com.ness.tests.ManageSummaryReports@53fe15ff]" name="verifyNarrativeSummaryWithBothLang" class="com.ness.tests.ManageSummaryReports"/>
        <method signature="ManageSummaryReports.verifyNarrativeSummaryWithEnglishLang(java.util.Hashtable, org.testng.ITestContext)[pri:56, instance:com.ness.tests.ManageSummaryReports@53fe15ff]" name="verifyNarrativeSummaryWithEnglishLang" class="com.ness.tests.ManageSummaryReports"/>
        <method signature="ManageSummaryReports.verifyNarrativeSummaryWithSpanishLang(java.util.Hashtable, org.testng.ITestContext)[pri:57, instance:com.ness.tests.ManageSummaryReports@53fe15ff]" name="verifyNarrativeSummaryWithSpanishLang" class="com.ness.tests.ManageSummaryReports"/>
        <method signature="ManageSummaryReports.verifyPopulateChecklistButton(java.util.Hashtable, org.testng.ITestContext)[pri:67, instance:com.ness.tests.ManageSummaryReports@53fe15ff]" name="verifyPopulateChecklistButton" class="com.ness.tests.ManageSummaryReports"/>
        <method signature="ManageSummaryReports.verifyPopulateChecklistButtonForHS(java.util.Hashtable, org.testng.ITestContext)[pri:101, instance:com.ness.tests.ManageSummaryReports@53fe15ff]" name="verifyPopulateChecklistButtonForHS" class="com.ness.tests.ManageSummaryReports"/>
        <method signature="ManageSummaryReports.verifyPopulateChecklistWhenInIntermediateState(java.util.Hashtable, org.testng.ITestContext)[pri:73, instance:com.ness.tests.ManageSummaryReports@53fe15ff]" name="verifyPopulateChecklistWhenInIntermediateState" class="com.ness.tests.ManageSummaryReports"/>
        <method signature="ManageSummaryReports.verifyPopulateChecklistWithEmptyScores(java.util.Hashtable, org.testng.ITestContext)[pri:70, instance:com.ness.tests.ManageSummaryReports@53fe15ff]" name="verifyPopulateChecklistWithEmptyScores" class="com.ness.tests.ManageSummaryReports"/>
        <method signature="ManageSummaryReports.verifyPopulateChecklistWithEmptyScoresHS(java.util.Hashtable, org.testng.ITestContext)[pri:104, instance:com.ness.tests.ManageSummaryReports@53fe15ff]" name="verifyPopulateChecklistWithEmptyScoresHS" class="com.ness.tests.ManageSummaryReports"/>
        <method signature="ManageSummaryReports.verifyPopulateChecklistWithPartialScores(java.util.Hashtable, org.testng.ITestContext)[pri:68, instance:com.ness.tests.ManageSummaryReports@53fe15ff]" name="verifyPopulateChecklistWithPartialScores" class="com.ness.tests.ManageSummaryReports"/>
        <method signature="ManageSummaryReports.verifyPopulateChecklistWithClearedScores(java.util.Hashtable, org.testng.ITestContext)[pri:71, instance:com.ness.tests.ManageSummaryReports@53fe15ff]" name="verifyPopulateChecklistWithClearedScores" class="com.ness.tests.ManageSummaryReports"/>
        <method signature="ManageSummaryReports.verifyPopulateChecklistWithDeletedScores(java.util.Hashtable, org.testng.ITestContext)[pri:72, instance:com.ness.tests.ManageSummaryReports@53fe15ff]" name="verifyPopulateChecklistWithDeletedScores" class="com.ness.tests.ManageSummaryReports"/>
        <method signature="ManageSummaryReports.verifyPopulateChecklistWithExistingScores(java.util.Hashtable, org.testng.ITestContext)[pri:69, instance:com.ness.tests.ManageSummaryReports@53fe15ff]" name="verifyPopulateChecklistWithExistingScores" class="com.ness.tests.ManageSummaryReports"/>
        <method signature="ManageSummaryReports.verifyPopulateChecklistWithPartialScoresHS(java.util.Hashtable, org.testng.ITestContext)[pri:102, instance:com.ness.tests.ManageSummaryReports@53fe15ff]" name="verifyPopulateChecklistWithPartialScoresHS" class="com.ness.tests.ManageSummaryReports"/>
        <method signature="ManageSummaryReports.verifyPopulateChecklistWithClearedScoresHS(java.util.Hashtable, org.testng.ITestContext)[pri:105, instance:com.ness.tests.ManageSummaryReports@53fe15ff]" name="verifyPopulateChecklistWithClearedScoresHS" class="com.ness.tests.ManageSummaryReports"/>
        <method signature="ManageSummaryReports.verifyPopulateChecklistWithDeletedScoresHS(java.util.Hashtable, org.testng.ITestContext)[pri:106, instance:com.ness.tests.ManageSummaryReports@53fe15ff]" name="verifyPopulateChecklistWithDeletedScoresHS" class="com.ness.tests.ManageSummaryReports"/>
        <method signature="ManageSummaryReports.verifyPopulateChecklistWhenInIntermediateStateHS(java.util.Hashtable, org.testng.ITestContext)[pri:107, instance:com.ness.tests.ManageSummaryReports@53fe15ff]" name="verifyPopulateChecklistWhenInIntermediateStateHS" class="com.ness.tests.ManageSummaryReports"/>
        <method signature="ManageSummaryReports.verifyPopulateChecklistWithExistingScoresHS(java.util.Hashtable, org.testng.ITestContext)[pri:103, instance:com.ness.tests.ManageSummaryReports@53fe15ff]" name="verifyPopulateChecklistWithExistingScoresHS" class="com.ness.tests.ManageSummaryReports"/>
        <method signature="ManageSummaryReports.verifySaveForDifferentPeriod(java.util.Hashtable, org.testng.ITestContext)[pri:62, instance:com.ness.tests.ManageSummaryReports@53fe15ff]" name="verifySaveForDifferentPeriod" class="com.ness.tests.ManageSummaryReports"/>
        <method signature="ManageSummaryReports.verifySaveForDifferentPeriodForHS(java.util.Hashtable, org.testng.ITestContext)[pri:99, instance:com.ness.tests.ManageSummaryReports@53fe15ff]" name="verifySaveForDifferentPeriodForHS" class="com.ness.tests.ManageSummaryReports"/>
        <method signature="ManageSummaryReports.verifySaveForDifferentPeriodForHSFS(java.util.Hashtable, org.testng.ITestContext)[pri:119, instance:com.ness.tests.ManageSummaryReports@53fe15ff]" name="verifySaveForDifferentPeriodForHSFS" class="com.ness.tests.ManageSummaryReports"/>
        <method signature="ManageSummaryReports.verifySaveTemplateHS(java.util.Hashtable, org.testng.ITestContext)[pri:90, instance:com.ness.tests.ManageSummaryReports@53fe15ff]" name="verifySaveTemplateHS" class="com.ness.tests.ManageSummaryReports"/>
        <method signature="ManageSummaryReports.verifySaveTemplateHSFS(java.util.Hashtable, org.testng.ITestContext)[pri:110, instance:com.ness.tests.ManageSummaryReports@53fe15ff]" name="verifySaveTemplateHSFS" class="com.ness.tests.ManageSummaryReports"/>
        <method signature="ManageSummaryReports.verifySelectStudentAlsoAttentionMsg(java.util.Hashtable, org.testng.ITestContext)[pri:61, instance:com.ness.tests.ManageSummaryReports@53fe15ff]" name="verifySelectStudentAlsoAttentionMsg" class="com.ness.tests.ManageSummaryReports"/>
        <method signature="ManageSummaryReports.verifySelectStudentAlsoAttentionMsgForHS(java.util.Hashtable, org.testng.ITestContext)[pri:98, instance:com.ness.tests.ManageSummaryReports@53fe15ff]" name="verifySelectStudentAlsoAttentionMsgForHS" class="com.ness.tests.ManageSummaryReports"/>
        <method signature="ManageSummaryReports.verifyUseTemplateHS(java.util.Hashtable, org.testng.ITestContext)[pri:91, instance:com.ness.tests.ManageSummaryReports@53fe15ff]" name="verifyUseTemplateHS" class="com.ness.tests.ManageSummaryReports"/>
        <method signature="ManageSummaryReports.verifyUseTemplateHSFS(java.util.Hashtable, org.testng.ITestContext)[pri:111, instance:com.ness.tests.ManageSummaryReports@53fe15ff]" name="verifyUseTemplateHSFS" class="com.ness.tests.ManageSummaryReports"/>
        <method signature="ManageSummaryReportsOunce.verifyAddDevProfileCommentForObsRecord(java.util.Hashtable, org.testng.ITestContext)[pri:173, instance:com.ness.tests.ManageSummaryReportsOunce@69e153c5]" name="verifyAddDevProfileCommentForObsRecord" class="com.ness.tests.ManageSummaryReportsOunce"/>
        <method signature="ManageSummaryReportsOunce.verifyAgeLevelDisplayedForOunceSummary(java.util.Hashtable, org.testng.ITestContext)[pri:170, instance:com.ness.tests.ManageSummaryReportsOunce@69e153c5]" name="verifyAgeLevelDisplayedForOunceSummary" class="com.ness.tests.ManageSummaryReportsOunce"/>
        <method signature="ManageSummaryReportsOunce.verifyAuthorInfoForObsRecord(java.util.Hashtable, org.testng.ITestContext)[pri:172, instance:com.ness.tests.ManageSummaryReportsOunce@69e153c5]" name="verifyAuthorInfoForObsRecord" class="com.ness.tests.ManageSummaryReportsOunce"/>
        <method signature="ManageSummaryReportsOunce.verifyAutoSaveCommentsObsRecord(java.util.Hashtable, org.testng.ITestContext)[pri:179, instance:com.ness.tests.ManageSummaryReportsOunce@69e153c5]" name="verifyAutoSaveCommentsObsRecord" class="com.ness.tests.ManageSummaryReportsOunce"/>
        <method signature="ManageSummaryReportsOunce.verifyChildInfoOnManageSummaryPage(java.util.Hashtable, org.testng.ITestContext)[pri:182, instance:com.ness.tests.ManageSummaryReportsOunce@69e153c5]" name="verifyChildInfoOnManageSummaryPage" class="com.ness.tests.ManageSummaryReportsOunce"/>
        <method signature="ManageSummaryReportsOunce.verifyCommentsCounterForObsRecord(java.util.Hashtable, org.testng.ITestContext)[pri:174, instance:com.ness.tests.ManageSummaryReportsOunce@69e153c5]" name="verifyCommentsCounterForObsRecord" class="com.ness.tests.ManageSummaryReportsOunce"/>
        <method signature="ManageSummaryReportsOunce.verifyCommentsCounterForOunceSummary(java.util.Hashtable, org.testng.ITestContext)[pri:167, instance:com.ness.tests.ManageSummaryReportsOunce@69e153c5]" name="verifyCommentsCounterForOunceSummary" class="com.ness.tests.ManageSummaryReportsOunce"/>
        <method signature="ManageSummaryReportsOunce.verifyDeleteObservationRecord(java.util.Hashtable, org.testng.ITestContext)[pri:176, instance:com.ness.tests.ManageSummaryReportsOunce@69e153c5]" name="verifyDeleteObservationRecord" class="com.ness.tests.ManageSummaryReportsOunce"/>
        <method signature="ManageSummaryReportsOunce.verifyDownloadObsRecordEnglishPdf(java.util.Hashtable, org.testng.ITestContext)[pri:175, instance:com.ness.tests.ManageSummaryReportsOunce@69e153c5]" name="verifyDownloadObsRecordEnglishPdf" class="com.ness.tests.ManageSummaryReportsOunce"/>
        <method signature="ManageSummaryReportsOunce.verifyDownloadOunceSummaryEnglishPdf(java.util.Hashtable, org.testng.ITestContext)[pri:168, instance:com.ness.tests.ManageSummaryReportsOunce@69e153c5]" name="verifyDownloadOunceSummaryEnglishPdf" class="com.ness.tests.ManageSummaryReportsOunce"/>
        <method signature="ManageSummaryReportsOunce.verifyGuidelinesForObsRecord(java.util.Hashtable, org.testng.ITestContext)[pri:180, instance:com.ness.tests.ManageSummaryReportsOunce@69e153c5]" name="verifyGuidelinesForObsRecord" class="com.ness.tests.ManageSummaryReportsOunce"/>
        <method signature="ManageSummaryReportsOunce.verifyNavigationViaManageSummaryPage(java.util.Hashtable, org.testng.ITestContext)[pri:181, instance:com.ness.tests.ManageSummaryReportsOunce@69e153c5]" name="verifyNavigationViaManageSummaryPage" class="com.ness.tests.ManageSummaryReportsOunce"/>
        <method signature="ManageSummaryReportsOunce.verifySaveButtonDisabledForNonCurrentAgeLevel(java.util.Hashtable, org.testng.ITestContext)[pri:169, instance:com.ness.tests.ManageSummaryReportsOunce@69e153c5]" name="verifySaveButtonDisabledForNonCurrentAgeLevel" class="com.ness.tests.ManageSummaryReportsOunce"/>
        <method signature="ManageSummaryReportsOunce.verifySaveTemplateObsRecord(java.util.Hashtable, org.testng.ITestContext)[pri:177, instance:com.ness.tests.ManageSummaryReportsOunce@69e153c5]" name="verifySaveTemplateObsRecord" class="com.ness.tests.ManageSummaryReportsOunce"/>
        <method signature="ManageSummaryReportsOunce.verifyUseTemplateObsRecord(java.util.Hashtable, org.testng.ITestContext)[pri:178, instance:com.ness.tests.ManageSummaryReportsOunce@69e153c5]" name="verifyUseTemplateObsRecord" class="com.ness.tests.ManageSummaryReportsOunce"/>
        <method signature="ManageUsers.addNewTeacher(java.util.Hashtable, org.testng.ITestContext)[pri:222, instance:com.ness.tests.ManageUsers@76b1e9b8]" name="addNewTeacher" class="com.ness.tests.ManageUsers"/>
        <method signature="ManageUsers.addNewAdmin(java.util.Hashtable, org.testng.ITestContext)[pri:223, instance:com.ness.tests.ManageUsers@76b1e9b8]" name="addNewAdmin" class="com.ness.tests.ManageUsers"/>
        <method signature="ManageUsers.primaryContactForAdmin(java.util.Hashtable, org.testng.ITestContext)[pri:230, instance:com.ness.tests.ManageUsers@76b1e9b8]" name="primaryContactForAdmin" class="com.ness.tests.ManageUsers"/>
        <method signature="ManageUsers.verifyProxyButtonActiveness(java.util.Hashtable, org.testng.ITestContext)[pri:232, instance:com.ness.tests.ManageUsers@76b1e9b8]" name="verifyProxyButtonActiveness" class="com.ness.tests.ManageUsers"/>
        <method signature="ManageUsers.verifySiteIsRetainedOnTeacherSide(java.util.Hashtable, org.testng.ITestContext)[pri:233, instance:com.ness.tests.ManageUsers@76b1e9b8]" name="verifySiteIsRetainedOnTeacherSide" class="com.ness.tests.ManageUsers"/>
        <method signature="ManageUsers.verifyUserAssignments(java.util.Hashtable, org.testng.ITestContext)[pri:225, instance:com.ness.tests.ManageUsers@76b1e9b8]" name="verifyUserAssignments" class="com.ness.tests.ManageUsers"/>
        <method signature="ManageUsers.verifyRemoveUser(java.util.Hashtable, org.testng.ITestContext)[pri:227, instance:com.ness.tests.ManageUsers@76b1e9b8]" name="verifyRemoveUser" class="com.ness.tests.ManageUsers"/>
        <method signature="ManageUsers.primaryContactForTeacher(java.util.Hashtable, org.testng.ITestContext)[pri:231, instance:com.ness.tests.ManageUsers@76b1e9b8]" name="primaryContactForTeacher" class="com.ness.tests.ManageUsers"/>
        <method signature="ManageUsers.verifyTransferUser(java.util.Hashtable, org.testng.ITestContext)[pri:226, instance:com.ness.tests.ManageUsers@76b1e9b8]" name="verifyTransferUser" class="com.ness.tests.ManageUsers"/>
        <method signature="ManageUsers.verifyEditUserRole(java.util.Hashtable, org.testng.ITestContext)[pri:234, instance:com.ness.tests.ManageUsers@76b1e9b8]" name="verifyEditUserRole" class="com.ness.tests.ManageUsers"/>
        <method signature="ManageUsers.verifyLockUser(java.util.Hashtable, org.testng.ITestContext)[pri:228, instance:com.ness.tests.ManageUsers@76b1e9b8]" name="verifyLockUser" class="com.ness.tests.ManageUsers"/>
        <method signature="ManageUsers.verifyRemoveUserFromSystem(java.util.Hashtable, org.testng.ITestContext)[pri:235, instance:com.ness.tests.ManageUsers@76b1e9b8]" name="verifyRemoveUserFromSystem" class="com.ness.tests.ManageUsers"/>
        <method signature="ManageUsers.verifyUnLockUser(java.util.Hashtable, org.testng.ITestContext)[pri:229, instance:com.ness.tests.ManageUsers@76b1e9b8]" name="verifyUnLockUser" class="com.ness.tests.ManageUsers"/>
        <method signature="ManageUsers.verifyUserExport(java.util.Hashtable, org.testng.ITestContext)[pri:224, instance:com.ness.tests.ManageUsers@76b1e9b8]" name="verifyUserExport" class="com.ness.tests.ManageUsers"/>
        <method signature="ManageUsersOunce.addNewOunceTeacher(java.util.Hashtable, org.testng.ITestContext)[pri:236, instance:com.ness.tests.ManageUsersOunce@3e8c3cb]" name="addNewOunceTeacher" class="com.ness.tests.ManageUsersOunce"/>
        <method signature="ManageUsersOunce.addNewOunceAdmin(java.util.Hashtable, org.testng.ITestContext)[pri:237, instance:com.ness.tests.ManageUsersOunce@3e8c3cb]" name="addNewOunceAdmin" class="com.ness.tests.ManageUsersOunce"/>
        <method signature="ManageUsersOunce.primaryContactForAdminOunce(java.util.Hashtable, org.testng.ITestContext)[pri:244, instance:com.ness.tests.ManageUsersOunce@3e8c3cb]" name="primaryContactForAdminOunce" class="com.ness.tests.ManageUsersOunce"/>
        <method signature="ManageUsersOunce.verifyProxyButtonActivenessOunce(java.util.Hashtable, org.testng.ITestContext)[pri:246, instance:com.ness.tests.ManageUsersOunce@3e8c3cb]" name="verifyProxyButtonActivenessOunce" class="com.ness.tests.ManageUsersOunce"/>
        <method signature="ManageUsersOunce.verifySiteIsRetainedOnTeacherSideOunce(java.util.Hashtable, org.testng.ITestContext)[pri:247, instance:com.ness.tests.ManageUsersOunce@3e8c3cb]" name="verifySiteIsRetainedOnTeacherSideOunce" class="com.ness.tests.ManageUsersOunce"/>
        <method signature="ManageUsersOunce.verifyUserAssignmentsOunce(java.util.Hashtable, org.testng.ITestContext)[pri:239, instance:com.ness.tests.ManageUsersOunce@3e8c3cb]" name="verifyUserAssignmentsOunce" class="com.ness.tests.ManageUsersOunce"/>
        <method signature="ManageUsersOunce.verifyRemoveUserOunce(java.util.Hashtable, org.testng.ITestContext)[pri:241, instance:com.ness.tests.ManageUsersOunce@3e8c3cb]" name="verifyRemoveUserOunce" class="com.ness.tests.ManageUsersOunce"/>
        <method signature="ManageUsersOunce.primaryContactForTeacherOunce(java.util.Hashtable, org.testng.ITestContext)[pri:245, instance:com.ness.tests.ManageUsersOunce@3e8c3cb]" name="primaryContactForTeacherOunce" class="com.ness.tests.ManageUsersOunce"/>
        <method signature="ManageUsersOunce.verifyTransferUserOunce(java.util.Hashtable, org.testng.ITestContext)[pri:240, instance:com.ness.tests.ManageUsersOunce@3e8c3cb]" name="verifyTransferUserOunce" class="com.ness.tests.ManageUsersOunce"/>
        <method signature="ManageUsersOunce.verifyEditUserRoleOunce(java.util.Hashtable, org.testng.ITestContext)[pri:248, instance:com.ness.tests.ManageUsersOunce@3e8c3cb]" name="verifyEditUserRoleOunce" class="com.ness.tests.ManageUsersOunce"/>
        <method signature="ManageUsersOunce.verifyLockUserOunce(java.util.Hashtable, org.testng.ITestContext)[pri:242, instance:com.ness.tests.ManageUsersOunce@3e8c3cb]" name="verifyLockUserOunce" class="com.ness.tests.ManageUsersOunce"/>
        <method signature="ManageUsersOunce.verifyRemoveUserFromSystemOunce(java.util.Hashtable, org.testng.ITestContext)[pri:249, instance:com.ness.tests.ManageUsersOunce@3e8c3cb]" name="verifyRemoveUserFromSystemOunce" class="com.ness.tests.ManageUsersOunce"/>
        <method signature="ManageUsersOunce.verifyUnLockUserOunce(java.util.Hashtable, org.testng.ITestContext)[pri:243, instance:com.ness.tests.ManageUsersOunce@3e8c3cb]" name="verifyUnLockUserOunce" class="com.ness.tests.ManageUsersOunce"/>
        <method signature="ManageUsersOunce.verifyUserExportOunce(java.util.Hashtable, org.testng.ITestContext)[pri:238, instance:com.ness.tests.ManageUsersOunce@3e8c3cb]" name="verifyUserExportOunce" class="com.ness.tests.ManageUsersOunce"/>
        <method signature="ObservationOunce.addDescriptionWithoutChildSelect(java.util.Hashtable, org.testng.ITestContext)[pri:138, instance:com.ness.tests.ObservationOunce@2cf3d63b]" name="addDescriptionWithoutChildSelect" class="com.ness.tests.ObservationOunce"/>
        <method signature="ObservationOunce.addDescriptionWithoutTitleOunce(java.util.Hashtable, org.testng.ITestContext)[pri:139, instance:com.ness.tests.ObservationOunce@2cf3d63b]" name="addDescriptionWithoutTitleOunce" class="com.ness.tests.ObservationOunce"/>
        <method signature="ObservationOunce.addIndicatorsWithoutChildSelect(java.util.Hashtable, org.testng.ITestContext)[pri:140, instance:com.ness.tests.ObservationOunce@2cf3d63b]" name="addIndicatorsWithoutChildSelect" class="com.ness.tests.ObservationOunce"/>
        <method signature="ObservationOunce.editTitleDescriptionInObservationOunce(java.util.Hashtable, org.testng.ITestContext)[pri:135, instance:com.ness.tests.ObservationOunce@2cf3d63b]" name="editTitleDescriptionInObservationOunce" class="com.ness.tests.ObservationOunce"/>
        <method signature="ObservationOunce.verifyAddedAttachmentOunce(java.util.Hashtable, org.testng.ITestContext)[pri:137, instance:com.ness.tests.ObservationOunce@2cf3d63b]" name="verifyAddedAttachmentOunce" class="com.ness.tests.ObservationOunce"/>
        <method signature="ObservationOunce.verifyAttachmentNameAsTitleOunce(java.util.Hashtable, org.testng.ITestContext)[pri:141, instance:com.ness.tests.ObservationOunce@2cf3d63b]" name="verifyAttachmentNameAsTitleOunce" class="com.ness.tests.ObservationOunce"/>
        <method signature="ObservationOunce.verifyChildrenFilterAfterCancel(java.util.Hashtable, org.testng.ITestContext)[pri:148, instance:com.ness.tests.ObservationOunce@2cf3d63b]" name="verifyChildrenFilterAfterCancel" class="com.ness.tests.ObservationOunce"/>
        <method signature="ObservationOunce.verifyChildrenFilterAfterRemoveChild(java.util.Hashtable, org.testng.ITestContext)[pri:146, instance:com.ness.tests.ObservationOunce@2cf3d63b]" name="verifyChildrenFilterAfterRemoveChild" class="com.ness.tests.ObservationOunce"/>
        <method signature="ObservationOunce.verifyChildrenFilterNotRetained(java.util.Hashtable, org.testng.ITestContext)[pri:147, instance:com.ness.tests.ObservationOunce@2cf3d63b]" name="verifyChildrenFilterNotRetained" class="com.ness.tests.ObservationOunce"/>
        <method signature="ObservationOunce.verifyDeleteAttachmentOunce(java.util.Hashtable, org.testng.ITestContext)[pri:144, instance:com.ness.tests.ObservationOunce@2cf3d63b]" name="verifyDeleteAttachmentOunce" class="com.ness.tests.ObservationOunce"/>
        <method signature="ObservationOunce.verifyDesciptionCounterOunce(java.util.Hashtable, org.testng.ITestContext)[pri:136, instance:com.ness.tests.ObservationOunce@2cf3d63b]" name="verifyDesciptionCounterOunce" class="com.ness.tests.ObservationOunce"/>
        <method signature="ObservationOunce.verifyDownloadAttachmentEvidencePageOunce(java.util.Hashtable, org.testng.ITestContext)[pri:151, instance:com.ness.tests.ObservationOunce@2cf3d63b]" name="verifyDownloadAttachmentEvidencePageOunce" class="com.ness.tests.ObservationOunce"/>
        <method signature="ObservationOunce.verifyDownloadAttachmentOunce(java.util.Hashtable, org.testng.ITestContext)[pri:150, instance:com.ness.tests.ObservationOunce@2cf3d63b]" name="verifyDownloadAttachmentOunce" class="com.ness.tests.ObservationOunce"/>
        <method signature="ObservationOunce.verifyMultipleChildrenMultipleAttachments(java.util.Hashtable, org.testng.ITestContext)[pri:143, instance:com.ness.tests.ObservationOunce@2cf3d63b]" name="verifyMultipleChildrenMultipleAttachments" class="com.ness.tests.ObservationOunce"/>
        <method signature="ObservationOunce.verifyNoDescriptionAddedTextOunce(java.util.Hashtable, org.testng.ITestContext)[pri:142, instance:com.ness.tests.ObservationOunce@2cf3d63b]" name="verifyNoDescriptionAddedTextOunce" class="com.ness.tests.ObservationOunce"/>
        <method signature="ObservationOunce.verifyObservationPdfOunce(java.util.Hashtable, org.testng.ITestContext)[pri:149, instance:com.ness.tests.ObservationOunce@2cf3d63b]" name="verifyObservationPdfOunce" class="com.ness.tests.ObservationOunce"/>
        <method signature="ObservationOunce.verifySelectAllChildrenFilter(java.util.Hashtable, org.testng.ITestContext)[pri:145, instance:com.ness.tests.ObservationOunce@2cf3d63b]" name="verifySelectAllChildrenFilter" class="com.ness.tests.ObservationOunce"/>
        <method signature="ManageSummaryReports.deleteHeadStartFamilySummary(java.util.Hashtable, org.testng.ITestContext)[pri:109, instance:com.ness.tests.ManageSummaryReports@53fe15ff]" name="deleteHeadStartFamilySummary" class="com.ness.tests.ManageSummaryReports"/>
        <method signature="ManageSummaryReports.verifyCommentsCounterForHSFS(java.util.Hashtable, org.testng.ITestContext)[pri:112, instance:com.ness.tests.ManageSummaryReports@53fe15ff]" name="verifyCommentsCounterForHSFS" class="com.ness.tests.ManageSummaryReports"/>
        <method signature="Observation.addDescriptionWithoutStudentSelect(java.util.Hashtable, org.testng.ITestContext)[pri:21, instance:com.ness.tests.Observation@6892b3b6]" name="addDescriptionWithoutStudentSelect" class="com.ness.tests.Observation"/>
        <method signature="Observation.addDescriptionWithoutTitle(java.util.Hashtable, org.testng.ITestContext)[pri:22, instance:com.ness.tests.Observation@6892b3b6]" name="addDescriptionWithoutTitle" class="com.ness.tests.Observation"/>
        <method signature="Observation.addIndicatorsWithoutStudentSelect(java.util.Hashtable, org.testng.ITestContext)[pri:23, instance:com.ness.tests.Observation@6892b3b6]" name="addIndicatorsWithoutStudentSelect" class="com.ness.tests.Observation"/>
        <method signature="Observation.createNewObservation(java.util.Hashtable, org.testng.ITestContext)[pri:3, instance:com.ness.tests.Observation@6892b3b6]" name="createNewObservation" class="com.ness.tests.Observation"/>
        <method signature="Observation.createObservationForHsStudent(java.util.Hashtable, org.testng.ITestContext)[pri:84, instance:com.ness.tests.Observation@6892b3b6]" name="createObservationForHsStudent" class="com.ness.tests.Observation"/>
        <method signature="Observation.deleteObservation(java.util.Hashtable, org.testng.ITestContext)[pri:5, instance:com.ness.tests.Observation@6892b3b6]" name="deleteObservation" class="com.ness.tests.Observation"/>
        <method signature="Observation.deleteObservationPresent(java.util.Hashtable, org.testng.ITestContext)[pri:7, instance:com.ness.tests.Observation@6892b3b6]" name="deleteObservationPresent" class="com.ness.tests.Observation"/>
        <method signature="Observation.downloadObservationPresent(java.util.Hashtable, org.testng.ITestContext)[pri:6, instance:com.ness.tests.Observation@6892b3b6]" name="downloadObservationPresent" class="com.ness.tests.Observation"/>
        <method signature="Observation.editPeriodInObservation(java.util.Hashtable, org.testng.ITestContext)[pri:16, instance:com.ness.tests.Observation@6892b3b6]" name="editPeriodInObservation" class="com.ness.tests.Observation"/>
        <method signature="Observation.editStudentInObservation(java.util.Hashtable, org.testng.ITestContext)[pri:15, instance:com.ness.tests.Observation@6892b3b6]" name="editStudentInObservation" class="com.ness.tests.Observation"/>
        <method signature="Observation.editTitleDescriptionInObservation(java.util.Hashtable, org.testng.ITestContext)[pri:17, instance:com.ness.tests.Observation@6892b3b6]" name="editTitleDescriptionInObservation" class="com.ness.tests.Observation"/>
        <method signature="Observation.saveWithoutTitle(java.util.Hashtable, org.testng.ITestContext)[pri:8, instance:com.ness.tests.Observation@6892b3b6]" name="saveWithoutTitle" class="com.ness.tests.Observation"/>
        <method signature="Observation.verifyAddedAttachment(java.util.Hashtable, org.testng.ITestContext)[pri:20, instance:com.ness.tests.Observation@6892b3b6]" name="verifyAddedAttachment" class="com.ness.tests.Observation"/>
        <method signature="Observation.verifyAttachmentNameAsTitle(java.util.Hashtable, org.testng.ITestContext)[pri:24, instance:com.ness.tests.Observation@6892b3b6]" name="verifyAttachmentNameAsTitle" class="com.ness.tests.Observation"/>
        <method signature="Observation.verifyAutoSaveDescription(java.util.Hashtable, org.testng.ITestContext)[pri:4, instance:com.ness.tests.Observation@6892b3b6]" name="verifyAutoSaveDescription" class="com.ness.tests.Observation"/>
        <method signature="Observation.verifyDefaultPeriod(java.util.Hashtable, org.testng.ITestContext)[pri:18, instance:com.ness.tests.Observation@6892b3b6]" name="verifyDefaultPeriod" class="com.ness.tests.Observation"/>
        <method signature="Observation.verifyDeleteAttachment(java.util.Hashtable, org.testng.ITestContext)[pri:27, instance:com.ness.tests.Observation@6892b3b6]" name="verifyDeleteAttachment" class="com.ness.tests.Observation"/>
        <method signature="Observation.verifyDesciptionCounter(java.util.Hashtable, org.testng.ITestContext)[pri:19, instance:com.ness.tests.Observation@6892b3b6]" name="verifyDesciptionCounter" class="com.ness.tests.Observation"/>
        <method signature="Observation.verifyDownloadAttachment(java.util.Hashtable, org.testng.ITestContext)[pri:37, instance:com.ness.tests.Observation@6892b3b6]" name="verifyDownloadAttachment" class="com.ness.tests.Observation"/>
        <method signature="Observation.verifyDownloadAttachmentEvidencePage(java.util.Hashtable, org.testng.ITestContext)[pri:38, instance:com.ness.tests.Observation@6892b3b6]" name="verifyDownloadAttachmentEvidencePage" class="com.ness.tests.Observation"/>
        <method signature="Observation.verifyFilterIsRetainedAfterBack(java.util.Hashtable, org.testng.ITestContext)[pri:12, instance:com.ness.tests.Observation@6892b3b6]" name="verifyFilterIsRetainedAfterBack" class="com.ness.tests.Observation"/>
        <method signature="Observation.verifyFilterIsRetainedAfterDelete(java.util.Hashtable, org.testng.ITestContext)[pri:14, instance:com.ness.tests.Observation@6892b3b6]" name="verifyFilterIsRetainedAfterDelete" class="com.ness.tests.Observation"/>
        <method signature="Observation.verifyFilterIsRetainedAfterSave(java.util.Hashtable, org.testng.ITestContext)[pri:13, instance:com.ness.tests.Observation@6892b3b6]" name="verifyFilterIsRetainedAfterSave" class="com.ness.tests.Observation"/>
        <method signature="Observation.verifyMultipleStudentsMultipleAttachments(java.util.Hashtable, org.testng.ITestContext)[pri:26, instance:com.ness.tests.Observation@6892b3b6]" name="verifyMultipleStudentsMultipleAttachments" class="com.ness.tests.Observation"/>
        <method signature="Observation.verifyNoDescriptionAddedText(java.util.Hashtable, org.testng.ITestContext)[pri:25, instance:com.ness.tests.Observation@6892b3b6]" name="verifyNoDescriptionAddedText" class="com.ness.tests.Observation"/>
        <method signature="Observation.verifyObservationPdf(java.util.Hashtable, org.testng.ITestContext)[pri:36, instance:com.ness.tests.Observation@6892b3b6]" name="verifyObservationPdf" class="com.ness.tests.Observation"/>
        <method signature="Observation.verifyPeriodFilter(java.util.Hashtable, org.testng.ITestContext)[pri:11, instance:com.ness.tests.Observation@6892b3b6]" name="verifyPeriodFilter" class="com.ness.tests.Observation"/>
        <method signature="Observation.verifyPeriodFilterAfterCancel(java.util.Hashtable, org.testng.ITestContext)[pri:35, instance:com.ness.tests.Observation@6892b3b6]" name="verifyPeriodFilterAfterCancel" class="com.ness.tests.Observation"/>
        <method signature="Observation.verifyPeriodFilterAfterChangePeriod(java.util.Hashtable, org.testng.ITestContext)[pri:31, instance:com.ness.tests.Observation@6892b3b6]" name="verifyPeriodFilterAfterChangePeriod" class="com.ness.tests.Observation"/>
        <method signature="Observation.verifyPeriodFilterNotRetained(java.util.Hashtable, org.testng.ITestContext)[pri:33, instance:com.ness.tests.Observation@6892b3b6]" name="verifyPeriodFilterNotRetained" class="com.ness.tests.Observation"/>
        <method signature="Observation.verifySaveButtonDisabled(java.util.Hashtable, org.testng.ITestContext)[pri:9, instance:com.ness.tests.Observation@6892b3b6]" name="verifySaveButtonDisabled" class="com.ness.tests.Observation"/>
        <method signature="Observation.verifySelectAllPeriodFilter(java.util.Hashtable, org.testng.ITestContext)[pri:29, instance:com.ness.tests.Observation@6892b3b6]" name="verifySelectAllPeriodFilter" class="com.ness.tests.Observation"/>
        <method signature="Observation.verifySelectAllStudentFilter(java.util.Hashtable, org.testng.ITestContext)[pri:28, instance:com.ness.tests.Observation@6892b3b6]" name="verifySelectAllStudentFilter" class="com.ness.tests.Observation"/>
        <method signature="Observation.verifyStudentFilter(java.util.Hashtable, org.testng.ITestContext)[pri:10, instance:com.ness.tests.Observation@6892b3b6]" name="verifyStudentFilter" class="com.ness.tests.Observation"/>
        <method signature="Observation.verifyStudentFilterAfterCancel(java.util.Hashtable, org.testng.ITestContext)[pri:34, instance:com.ness.tests.Observation@6892b3b6]" name="verifyStudentFilterAfterCancel" class="com.ness.tests.Observation"/>
        <method signature="Observation.verifyStudentFilterAfterRemoveStudent(java.util.Hashtable, org.testng.ITestContext)[pri:30, instance:com.ness.tests.Observation@6892b3b6]" name="verifyStudentFilterAfterRemoveStudent" class="com.ness.tests.Observation"/>
        <method signature="Observation.verifyStudentFilterNotRetained(java.util.Hashtable, org.testng.ITestContext)[pri:32, instance:com.ness.tests.Observation@6892b3b6]" name="verifyStudentFilterNotRetained" class="com.ness.tests.Observation"/>
      </group> <!-- Regression -->
    </groups>
    <test name="Test" duration-ms="18478033" started-at="2018-08-03T11:08:39Z" finished-at="2018-08-03T16:16:37Z">
      <class name="com.ness.tests.ManageChildren">
        <test-method status="FAIL" signature="addChild(java.util.Hashtable, org.testng.ITestContext)[pri:121, instance:com.ness.tests.ManageChildren@15bb5034]" name="addChild" duration-ms="80550" started-at="2018-08-03T18:54:20Z" data-provider="getTestData" finished-at="2018-08-03T18:55:41Z">
          <params>
            <param index="0">
              <value>
                <![CDATA[{OrgAdminUsername=OunceAutoOrgAdmin, ProgAdminUsername=OunceAutoProgAdmin, SiteAdminUsername=OunceAutoSiteAdmin, TeacherUsername=OunceAutoSiteTeacher, ChildrenFilter=Children, DevProfileComments=This is domain 1, Password=Clinical.2, RunMode=Y, OunceEvidenceTitle=Ounce Evidence 1, OunceEvidenceDescription=Age level: Babies I, =}]]>
              </value>
            </param>
            <param index="1">
              <value>
                <![CDATA[org.testng.TestRunner@66ea810]]>
              </value>
            </param>
          </params>
          <exception class="org.openqa.selenium.NoSuchElementException">
            <message>
              <![CDATA[no such element: Unable to locate element: {"method":"id","selector":"1"}
  (Session info: chrome=68.0.3440.84)
  (Driver info: chromedriver=2.41.578737 (49da6702b16031c40d63e5618de03a32ff6c197e),platform=Windows NT 6.1.7601 SP1 x86_64) (WARNING: The server did not provide any stacktrace information)
Command duration or timeout: 28 milliseconds
For documentation on this error, please visit: http://seleniumhq.org/exceptions/no_such_element.html
Build info: version: '3.4.0', revision: 'unknown', time: 'unknown'
System info: host: 'ININTDT115341', ip: '172.21.74.91', os.name: 'Windows 7', os.arch: 'amd64', os.version: '6.1', java.version: '1.8.0_181'
Driver info: org.openqa.selenium.chrome.ChromeDriver
Capabilities [{mobileEmulationEnabled=false, hasTouchScreen=false, platform=XP, acceptSslCerts=true, goog:chromeOptions={debuggerAddress=localhost:58998}, acceptInsecureCerts=true, webStorageEnabled=true, browserName=chrome, takesScreenshot=true, javascriptEnabled=true, setWindowRect=true, unexpectedAlertBehaviour=, applicationCacheEnabled=false, rotatable=false, networkConnectionEnabled=false, chrome={chromedriverVersion=2.41.578737 (49da6702b16031c40d63e5618de03a32ff6c197e), userDataDir=C:\Users\P71110~1.PID\AppData\Local\Temp\scoped_dir7408_15456}, takesHeapSnapshot=true, pageLoadStrategy=normal, databaseEnabled=false, handlesAlerts=true, version=68.0.3440.84, browserConnectionEnabled=false, nativeEvents=true, locationContextEnabled=true, cssSelectorsEnabled=true}]
Session ID: 8bde81e02d77c2f530407d39c590e6b7
*** Element info: {Using=id, value=1}]]>
            </message>
            <full-stacktrace>
              <![CDATA[org.openqa.selenium.NoSuchElementException: no such element: Unable to locate element: {"method":"id","selector":"1"}
  (Session info: chrome=68.0.3440.84)
  (Driver info: chromedriver=2.41.578737 (49da6702b16031c40d63e5618de03a32ff6c197e),platform=Windows NT 6.1.7601 SP1 x86_64) (WARNING: The server did not provide any stacktrace information)
Command duration or timeout: 28 milliseconds
For documentation on this error, please visit: http://seleniumhq.org/exceptions/no_such_element.html
Build info: version: '3.4.0', revision: 'unknown', time: 'unknown'
System info: host: 'ININTDT115341', ip: '172.21.74.91', os.name: 'Windows 7', os.arch: 'amd64', os.version: '6.1', java.version: '1.8.0_181'
Driver info: org.openqa.selenium.chrome.ChromeDriver
[...]
	at sun.reflect.DelegatingMethodAccessorImpl.invoke(Unknown Source)
	at java.lang.reflect.Method.invoke(Unknown Source)
	at org.testng.internal.MethodInvocationHelper.invokeMethod(MethodInvocationHelper.java:104)
	at org.testng.internal.Invoker.invokeMethod(Invoker.java:645)
	at org.testng.internal.Invoker.invokeTestMethod(Invoker.java:851)
	at org.testng.internal.Invoker.invokeTestMethods(Invoker.java:1177)
	at org.testng.internal.TestMethodWorker.invokeTestMethods(TestMethodWorker.java:129)
	at org.testng.internal.TestMethodWorker.run(TestMethodWorker.java:112)
	at org.testng.TestRunner.privateRun(TestRunner.java:756)
	at org.testng.TestRunner.run(TestRunner.java:610)
	at org.testng.SuiteRunner.runTest(SuiteRunner.java:387)
	at org.testng.SuiteRunner.runSequentially(SuiteRunner.java:382)
	at org.testng.SuiteRunner.privateRun(SuiteRunner.java:340)
	at org.testng.SuiteRunner.run(SuiteRunner.java:289)
	at org.testng.SuiteRunnerWorker.runSuite(SuiteRunnerWorker.java:52)
	at org.testng.SuiteRunnerWorker.run(SuiteRunnerWorker.java:86)
	at org.testng.TestNG.runSuitesSequentially(TestNG.java:1293)
	at org.testng.TestNG.runSuitesLocally(TestNG.java:1218)
	at org.testng.TestNG.runSuites(TestNG.java:1133)
	at org.testng.TestNG.run(TestNG.java:1104)
	at org.testng.remote.AbstractRemoteTestNG.run(AbstractRemoteTestNG.java:114)
	at org.testng.remote.RemoteTestNG.initAndRun(RemoteTestNG.java:251)
	at org.testng.remote.RemoteTestNG.main(RemoteTestNG.java:77)
]]>
            </full-stacktrace>
          </exception> <!-- java.lang.AssertionError -->
          <reporter-output>
          </reporter-output>
        </test-method> <!-- verifyDownloadOunceSummaryEnglishPdf -->
        <test-method status="PASS" signature="verifySaveButtonDisabledForNonCurrentAgeLevel(java.util.Hashtable, org.testng.ITestContext)[pri:169, instance:com.ness.tests.ManageSummaryReportsOunce@69e153c5]" name="verifySaveButtonDisabledForNonCurrentAgeLevel" duration-ms="62644" started-at="2018-08-03T19:54:56Z" data-provider="getTestData" finished-at="2018-08-03T19:55:59Z">
          <params>
            <param index="0">
              <value>
                <![CDATA[{OrgAdminUsername=OunceAutoOrgAdmin, ProgAdminUsername=OunceAutoProgAdmin, SiteAdminUsername=OunceAutoSiteAdmin, TeacherUsername=OunceAutoSiteTeacher, ChildrenFilter=Children, DevProfileComments=This is domain 1, Password=Clinical.2, RunMode=Y, OunceEvidenceTitle=Ounce Evidence 1, OunceEvidenceDescription=Age level: Babies I, =}]]>
              </value>
            </param>
            <param index="1">
              <value>
                <![CDATA[org.testng.TestRunner@66ea810]]>
              </value>
            </param>
          </params>
          <reporter-output>
          </reporter-output>
        </test-method> <!-- verifySaveButtonDisabledForNonCurrentAgeLevel -->
        <test-method status="PASS" signature="verifyAgeLevelDisplayedForOunceSummary(java.util.Hashtable, org.testng.ITestContext)[pri:170, instance:com.ness.tests.ManageSummaryReportsOunce@69e153c5]" name="verifyAgeLevelDisplayedForOunceSummary" duration-ms="72457" started-at="2018-08-03T19:55:59Z" data-provider="getTestData" finished-at="2018-08-03T19:57:12Z">
          <params>
            <param index="0">
              <value>
                <![CDATA[{OrgAdminUsername=OunceAutoOrgAdmin, ProgAdminUsername=OunceAutoProgAdmin, SiteAdminUsername=OunceAutoSiteAdmin, TeacherUsername=OunceAutoSiteTeacher, ChildrenFilter=Children, DevProfileComments=This is domain 1, Password=Clinical.2, RunMode=Y, OunceEvidenceTitle=Ounce Evidence 1, OunceEvidenceDescription=Age level: Babies I, =}]]>
              </value>
            </param>
            <param index="1">
              <value>
                <![CDATA[org.testng.TestRunner@66ea810]]>
              </value>
            </param>
          </params>
          <reporter-output>
          </reporter-output>
        </test-method> <!-- verifyAgeLevelDisplayedForOunceSummary -->
        <test-method status="PASS" signature="verifyObservationRecord(java.util.Hashtable, org.testng.ITestContext)[pri:171, instance:com.ness.tests.ManageSummaryReportsOunce@69e153c5]" name="verifyObservationRecord" duration-ms="70571" started-at="2018-08-03T19:57:13Z" data-provider="getTestData" finished-at="2018-08-03T19:58:23Z">
          <params>
            <param index="0">
              <value>
                <![CDATA[{OrgAdminUsername=OunceAutoOrgAdmin, ProgAdminUsername=OunceAutoProgAdmin, SiteAdminUsername=OunceAutoSiteAdmin, TeacherUsername=OunceAutoSiteTeacher, ChildrenFilter=Children, DevProfileComments=This is domain 1, Password=Clinical.2, RunMode=Y, OunceEvidenceTitle=Ounce Evidence 1, OunceEvidenceDescription=Age level: Babies I, =}]]>
              </value>
            </param>
            <param index="1">
              <value>
                <![CDATA[org.testng.TestRunner@66ea810]]>
              </value>
            </param>
          </params>
          <reporter-output>
          </reporter-output>
        </test-method> <!-- verifyObservationRecord -->
        <test-method status="PASS" signature="verifyAuthorInfoForObsRecord(java.util.Hashtable, org.testng.ITestContext)[pri:172, instance:com.ness.tests.ManageSummaryReportsOunce@69e153c5]" name="verifyAuthorInfoForObsRecord" duration-ms="70152" started-at="2018-08-03T19:58:24Z" data-provider="getTestData" finished-at="2018-08-03T19:59:34Z">
          <params>
            <param index="0">
              <value>
                <![CDATA[{OrgAdminUsername=OunceAutoOrgAdmin, ProgAdminUsername=OunceAutoProgAdmin, SiteAdminUsername=OunceAutoSiteAdmin, TeacherUsername=OunceAutoSiteTeacher, ChildrenFilter=Children, DevProfileComments=This is domain 1, Password=Clinical.2, RunMode=Y, OunceEvidenceTitle=Ounce Evidence 1, OunceEvidenceDescription=Age level: Babies I, =}]]>
              </value>
            </param>
            <param index="1">
              <value>
                <![CDATA[org.testng.TestRunner@66ea810]]>
              </value>
            </param>
          </params>
          <reporter-output>
          </reporter-output>
        </test-method> <!-- verifyAuthorInfoForObsRecord -->
        <test-method status="PASS" signature="verifyAddDevProfileCommentForObsRecord(java.util.Hashtable, org.testng.ITestContext)[pri:173, instance:com.ness.tests.ManageSummaryReportsOunce@69e153c5]" name="verifyAddDevProfileCommentForObsRecord" duration-ms="71487" started-at="2018-08-03T19:59:35Z" data-provider="getTestData" finished-at="2018-08-03T20:00:46Z">
          <params>
            <param index="0">
              <value>
                <![CDATA[{OrgAdminUsername=OunceAutoOrgAdmin, ProgAdminUsername=OunceAutoProgAdmin, SiteAdminUsername=OunceAutoSiteAdmin, TeacherUsername=OunceAutoSiteTeacher, ChildrenFilter=Children, DevProfileComments=This is domain 1, Password=Clinical.2, RunMode=Y, OunceEvidenceTitle=Ounce Evidence 1, OunceEvidenceDescription=Age level: Babies I, =}]]>
              </value>
            </param>
            <param index="1">
              <value>
                <![CDATA[org.testng.TestRunner@66ea810]]>
              </value>
            </param>
          </params>
          <reporter-output>
          </reporter-output>
        </test-method> <!-- verifyAddDevProfileCommentForObsRecord -->
        <test-method status="PASS" signature="verifyCommentsCounterForObsRecord(java.util.Hashtable, org.testng.ITestContext)[pri:174, instance:com.ness.tests.ManageSummaryReportsOunce@69e153c5]" name="verifyCommentsCounterForObsRecord" duration-ms="70449" started-at="2018-08-03T20:00:47Z" data-provider="getTestData" finished-at="2018-08-03T20:01:58Z">
          <params>
            <param index="0">
              <value>
                <![CDATA[{OrgAdminUsername=OunceAutoOrgAdmin, ProgAdminUsername=OunceAutoProgAdmin, SiteAdminUsername=OunceAutoSiteAdmin, TeacherUsername=OunceAutoSiteTeacher, ChildrenFilter=Children, DevProfileComments=This is domain 1, Password=Clinical.2, RunMode=Y, OunceEvidenceTitle=Ounce Evidence 1, OunceEvidenceDescription=Age level: Babies I, =}]]>
              </value>
            </param>
            <param index="1">
              <value>
                <![CDATA[org.testng.TestRunner@66ea810]]>
              </value>
            </param>
          </params>
          <reporter-output>
          </reporter-output>
        </test-method> <!-- verifyCommentsCounterForObsRecord -->
        <test-method status="FAIL" signature="verifyDownloadObsRecordEnglishPdf(java.util.Hashtable, org.testng.ITestContext)[pri:175, instance:com.ness.tests.ManageSummaryReportsOunce@69e153c5]" name="verifyDownloadObsRecordEnglishPdf" duration-ms="74550" started-at="2018-08-03T20:01:59Z" data-provider="getTestData" finished-at="2018-08-03T20:03:13Z">
          <params>
            <param index="0">
              <value>
                <![CDATA[{OrgAdminUsername=OunceAutoOrgAdmin, ProgAdminUsername=OunceAutoProgAdmin, SiteAdminUsername=OunceAutoSiteAdmin, TeacherUsername=OunceAutoSiteTeacher, ChildrenFilter=Children, DevProfileComments=This is domain 1, Password=Clinical.2, RunMode=Y, OunceEvidenceTitle=Ounce Evidence 1, OunceEvidenceDescription=Age level: Babies I, =}]]>
              </value>
            </param>
            <param index="1">
              <value>
                <![CDATA[org.testng.TestRunner@66ea810]]>
              </value>
            </param>
          </params>
          <exception class="java.lang.AssertionError">
            <message>
              <![CDATA[Failed to download expected file expected [true] but found [false]]]>
            </message>
            <full-stacktrace>
              <![CDATA[java.lang.AssertionError: Failed to download expected file expected [true] but found [false]
	at org.testng.Assert.fail(Assert.java:94)
	at org.testng.Assert.failNotEquals(Assert.java:513)
	at org.testng.Assert.assertTrue(Assert.java:42)
	at com.ness.pages.NarrativeSummary_Page.verifyDownloadObsRecordEnglishPdf(NarrativeSummary_Page.java:575)
	at com.ness.tests.ManageSummaryReportsOunce.verifyDownloadObsRecordEnglishPdf(ManageSummaryReportsOunce.java:380)
	at sun.reflect.NativeMethodAccessorImpl.invoke0(Native Method)
	at sun.reflect.NativeMethodAccessorImpl.invoke(Unknown Source)
	at sun.reflect.DelegatingMethodAccessorImpl.invoke(Unknown Source)
	at java.lang.reflect.Method.invoke(Unknown Source)
	at org.testng.internal.MethodInvocationHelper.invokeMethod(MethodInvocationHelper.java:104)
	at org.testng.internal.Invoker.invokeMethod(Invoker.java:645)
	at org.testng.internal.Invoker.invokeTestMethod(Invoker.java:851)
	at org.testng.internal.Invoker.invokeTestMethods(Invoker.java:1177)
	at org.testng.internal.TestMethodWorker.invokeTestMethods(TestMethodWorker.java:129)
	at org.testng.internal.TestMethodWorker.run(TestMethodWorker.java:112)
	at org.testng.TestRunner.privateRun(TestRunner.java:756)
	at org.testng.TestRunner.run(TestRunner.java:610)
	at org.testng.SuiteRunner.runTest(SuiteRunner.java:387)
	at org.testng.SuiteRunner.runSequentially(SuiteRunner.java:382)
	at org.testng.SuiteRunner.privateRun(SuiteRunner.java:340)
	at org.testng.SuiteRunner.run(SuiteRunner.java:289)
	at org.testng.SuiteRunnerWorker.runSuite(SuiteRunnerWorker.java:52)
	at org.testng.SuiteRunnerWorker.run(SuiteRunnerWorker.java:86)
	at org.testng.TestNG.runSuitesSequentially(TestNG.java:1293)
	at org.testng.TestNG.runSuitesLocally(TestNG.java:1218)
	at org.testng.TestNG.runSuites(TestNG.java:1133)
	at org.testng.TestNG.run(TestNG.java:1104)
	at org.testng.remote.AbstractRemoteTestNG.run(AbstractRemoteTestNG.java:114)
	at org.testng.remote.RemoteTestNG.initAndRun(RemoteTestNG.java:251)
	at org.testng.remote.RemoteTestNG.main(RemoteTestNG.java:77)
]]>
            </full-stacktrace>
          </exception> <!-- java.lang.AssertionError -->
          <reporter-output>
          </reporter-output>
        </test-method> <!-- verifyDownloadObsRecordEnglishPdf -->
        <test-method status="PASS" signature="verifyDeleteObservationRecord(java.util.Hashtable, org.testng.ITestContext)[pri:176, instance:com.ness.tests.ManageSummaryReportsOunce@69e153c5]" name="verifyDeleteObservationRecord" duration-ms="78670" started-at="2018-08-03T20:03:14Z" data-provider="getTestData" finished-at="2018-08-03T20:04:33Z">
          <params>
            <param index="0">
              <value>
                <![CDATA[{OrgAdminUsername=OunceAutoOrgAdmin, ProgAdminUsername=OunceAutoProgAdmin, SiteAdminUsername=OunceAutoSiteAdmin, TeacherUsername=OunceAutoSiteTeacher, ChildrenFilter=Children, DevProfileComments=This is domain 1, Password=Clinical.2, RunMode=Y, OunceEvidenceTitle=Ounce Evidence 1, OunceEvidenceDescription=Age level: Babies I, =}]]>
              </value>
            </param>
            <param index="1">
              <value>
                <![CDATA[org.testng.TestRunner@66ea810]]>
              </value>
            </param>
          </params>
          <reporter-output>
          </reporter-output>
        </test-method> <!-- verifyDeleteObservationRecord -->
        <test-method status="PASS" signature="verifySaveTemplateObsRecord(java.util.Hashtable, org.testng.ITestContext)[pri:177, instance:com.ness.tests.ManageSummaryReportsOunce@69e153c5]" name="verifySaveTemplateObsRecord" duration-ms="88572" started-at="2018-08-03T20:04:34Z" data-provider="getTestData" finished-at="2018-08-03T20:06:02Z">
          <params>
            <param index="0">
              <value>
                <![CDATA[{OrgAdminUsername=OunceAutoOrgAdmin, ProgAdminUsername=OunceAutoProgAdmin, SiteAdminUsername=OunceAutoSiteAdmin, TeacherUsername=OunceAutoSiteTeacher, ChildrenFilter=Children, DevProfileComments=This is domain 1, Password=Clinical.2, RunMode=Y, OunceEvidenceTitle=Ounce Evidence 1, OunceEvidenceDescription=Age level: Babies I, =}]]>
              </value>
            </param>
            <param index="1">
              <value>
                <![CDATA[org.testng.TestRunner@66ea810]]>
              </value>
            </param>
          </params>
          <reporter-output>
          </reporter-output>
        </test-method> <!-- verifySaveTemplateObsRecord -->
        <test-method status="PASS" signature="verifyUseTemplateObsRecord(java.util.Hashtable, org.testng.ITestContext)[pri:178, instance:com.ness.tests.ManageSummaryReportsOunce@69e153c5]" name="verifyUseTemplateObsRecord" duration-ms="71856" started-at="2018-08-03T20:06:03Z" data-provider="getTestData" finished-at="2018-08-03T20:07:15Z">
          <params>
            <param index="0">
              <value>
                <![CDATA[{OrgAdminUsername=OunceAutoOrgAdmin, ProgAdminUsername=OunceAutoProgAdmin, SiteAdminUsername=OunceAutoSiteAdmin, TeacherUsername=OunceAutoSiteTeacher, ChildrenFilter=Children, DevProfileComments=This is domain 1, Password=Clinical.2, RunMode=Y, OunceEvidenceTitle=Ounce Evidence 1, OunceEvidenceDescription=Age level: Babies I, =}]]>
              </value>
            </param>
            <param index="1">
              <value>
                <![CDATA[org.testng.TestRunner@66ea810]]>
              </value>
            </param>
          </params>
          <reporter-output>
          </reporter-output>
        </test-method> <!-- verifyUseTemplateObsRecord -->
        <test-method status="PASS" signature="verifyAutoSaveCommentsObsRecord(java.util.Hashtable, org.testng.ITestContext)[pri:179, instance:com.ness.tests.ManageSummaryReportsOunce@69e153c5]" name="verifyAutoSaveCommentsObsRecord" duration-ms="71538" started-at="2018-08-03T20:07:16Z" data-provider="getTestData" finished-at="2018-08-03T20:08:27Z">
          <params>
            <param index="0">
              <value>
                <![CDATA[{OrgAdminUsername=OunceAutoOrgAdmin, ProgAdminUsername=OunceAutoProgAdmin, SiteAdminUsername=OunceAutoSiteAdmin, TeacherUsername=OunceAutoSiteTeacher, ChildrenFilter=Children, DevProfileComments=This is domain 1, Password=Clinical.2, RunMode=Y, OunceEvidenceTitle=Ounce Evidence 1, OunceEvidenceDescription=Age level: Babies I, =}]]>
              </value>
            </param>
            <param index="1">
              <value>
                <![CDATA[org.testng.TestRunner@66ea810]]>
              </value>
            </param>
          </params>
          <reporter-output>
          </reporter-output>
        </test-method> <!-- verifyAutoSaveCommentsObsRecord -->
        <test-method status="PASS" signature="verifyGuidelinesForObsRecord(java.util.Hashtable, org.testng.ITestContext)[pri:180, instance:com.ness.tests.ManageSummaryReportsOunce@69e153c5]" name="verifyGuidelinesForObsRecord" duration-ms="72594" started-at="2018-08-03T20:08:28Z" data-provider="getTestData" finished-at="2018-08-03T20:09:41Z">
          <params>
            <param index="0">
              <value>
                <![CDATA[{OrgAdminUsername=OunceAutoOrgAdmin, ProgAdminUsername=OunceAutoProgAdmin, SiteAdminUsername=OunceAutoSiteAdmin, TeacherUsername=OunceAutoSiteTeacher, ChildrenFilter=Children, DevProfileComments=This is domain 1, Password=Clinical.2, RunMode=Y, OunceEvidenceTitle=Ounce Evidence 1, OunceEvidenceDescription=Age level: Babies I, =}]]>
              </value>
            </param>
            <param index="1">
              <value>
                <![CDATA[org.testng.TestRunner@66ea810]]>
              </value>
            </param>
          </params>
          <reporter-output>
          </reporter-output>
        </test-method> <!-- verifyGuidelinesForObsRecord -->
        <test-method status="PASS" signature="verifyNavigationViaManageSummaryPage(java.util.Hashtable, org.testng.ITestContext)[pri:181, instance:com.ness.tests.ManageSummaryReportsOunce@69e153c5]" name="verifyNavigationViaManageSummaryPage" duration-ms="70821" started-at="2018-08-03T20:09:42Z" data-provider="getTestData" finished-at="2018-08-03T20:10:52Z">
          <params>
            <param index="0">
              <value>
                <![CDATA[{OrgAdminUsername=OunceAutoOrgAdmin, ProgAdminUsername=OunceAutoProgAdmin, SiteAdminUsername=OunceAutoSiteAdmin, TeacherUsername=OunceAutoSiteTeacher, ChildrenFilter=Children, DevProfileComments=This is domain 1, Password=Clinical.2, RunMode=Y, OunceEvidenceTitle=Ounce Evidence 1, OunceEvidenceDescription=Age level: Babies I, =}]]>
              </value>
            </param>
            <param index="1">
              <value>
                <![CDATA[org.testng.TestRunner@66ea810]]>
              </value>
            </param>
          </params>
          <reporter-output>
          </reporter-output>
        </test-method> <!-- verifyNavigationViaManageSummaryPage -->
        <test-method status="PASS" signature="verifyChildInfoOnManageSummaryPage(java.util.Hashtable, org.testng.ITestContext)[pri:182, instance:com.ness.tests.ManageSummaryReportsOunce@69e153c5]" name="verifyChildInfoOnManageSummaryPage" duration-ms="54976" started-at="2018-08-03T20:10:53Z" data-provider="getTestData" finished-at="2018-08-03T20:11:48Z">
          <params>
            <param index="0">
              <value>
                <![CDATA[{OrgAdminUsername=OunceAutoOrgAdmin, ProgAdminUsername=OunceAutoProgAdmin, SiteAdminUsername=OunceAutoSiteAdmin, TeacherUsername=OunceAutoSiteTeacher, ChildrenFilter=Children, DevProfileComments=This is domain 1, Password=Clinical.2, RunMode=Y, OunceEvidenceTitle=Ounce Evidence 1, OunceEvidenceDescription=Age level: Babies I, =}]]>
              </value>
            </param>
            <param index="1">
              <value>
                <![CDATA[org.testng.TestRunner@66ea810]]>
              </value>
            </param>
          </params>
          <reporter-output>
          </reporter-output>
        </test-method> <!-- verifyChildInfoOnManageSummaryPage -->
      </class> <!-- com.ness.tests.ManageSummaryReportsOunce -->
    </test> <!-- Test -->
  </suite> <!-- Suite -->
</testng-results>
